2024-12-04 08:30:09,398 [INFO] Activator:176 - 


2024-12-04 08:30:09,410 [INFO] Activator:177 - !SESSION log4j initialized
2024-12-04 08:30:24,933 [INFO] LogOutputStream:77 - [STDOUT_REDIRECT] 
2024-12-04 08:30:32,664 [INFO] ApplicationProperties:184 - Using Application install path: /opt/st/stm32cubeide_1.17.0/plugins/com.st.stm32cube.common.mx_6.13.0.202411220809
2024-12-04 08:30:32,716 [INFO] DbMcusXml:78 - Set database path to: /opt/st/stm32cubeide_1.17.0/plugins/com.st.stm32cube.common.mx_6.13.0.202411220809//db//mcu/
2024-12-04 08:30:32,716 [INFO] ApiDb:274 - Set plugin database path to: /opt/st/stm32cubeide_1.17.0/plugins/com.st.stm32cube.common.mx_6.13.0.202411220809//db//plugins/boardmanager/
2024-12-04 08:30:32,717 [WARN] ApiDb:259 - Overriding images path with different value:  => /opt/st/stm32cubeide_1.17.0/plugins/com.st.stm32cube.common.mx_6.13.0.202411220809//db//plugins/mcufinder/images/
2024-12-04 08:30:32,772 [INFO] ApiDb:250 - Set database path to: /home/desarrollo02/.stmcufinder/plugins/mcufinder//mcu/
2024-12-04 08:30:32,774 [INFO] DbMcusAds:125 - Set database path to: /home/desarrollo02/.stmcufinder/plugins/mcufinder//mcu/
2024-12-04 08:30:32,779 [INFO] CrossReferenceDbSqlite:203 - Set database path to: /home/desarrollo02/.stmcufinder/plugins/mcufinder//mcu/cs/
2024-12-04 08:30:33,229 [INFO] RulesReader:64 - Compatibility file has been processed (297 Rules)
2024-12-04 08:30:33,787 [INFO] DbMcusXml:78 - Set database path to: /opt/st/stm32cubeide_1.17.0/plugins/com.st.stm32cube.common.mx_6.13.0.202411220809//db//mcu/
2024-12-04 08:30:33,787 [INFO] ApiDb:274 - Set plugin database path to: /opt/st/stm32cubeide_1.17.0/plugins/com.st.stm32cube.common.mx_6.13.0.202411220809//db//plugins/boardmanager/
2024-12-04 08:30:33,787 [INFO] ApiDb:261 - Set plugin images path to: /opt/st/stm32cubeide_1.17.0/plugins/com.st.stm32cube.common.mx_6.13.0.202411220809//db//plugins/mcufinder/images/
2024-12-04 08:30:33,788 [WARN] DbFile:41 - Overriding database path with different value: /home/desarrollo02/.stmcufinder/plugins/mcufinder/ => /home/desarrollo02/.stmcufinder/plugins/mcufinder
2024-12-04 08:30:33,788 [INFO] ApiDb:250 - Set database path to: /home/desarrollo02/.stmcufinder/plugins/mcufinder//mcu/
2024-12-04 08:30:33,789 [WARN] DbFile:41 - Overriding database path with different value: /home/desarrollo02/.stmcufinder/plugins/mcufinder/ => /home/desarrollo02/.stmcufinder/plugins/mcufinder
2024-12-04 08:30:33,789 [INFO] DbMcusAds:125 - Set database path to: /home/desarrollo02/.stmcufinder/plugins/mcufinder//mcu/
2024-12-04 08:30:33,789 [WARN] DbFile:41 - Overriding database path with different value: /home/desarrollo02/.stmcufinder/plugins/mcufinder/ => /home/desarrollo02/.stmcufinder/plugins/mcufinder
2024-12-04 08:30:33,790 [WARN] DbFile:41 - Overriding database path with different value: /home/desarrollo02/.stmcufinder/plugins/mcufinder/ => /home/desarrollo02/.stmcufinder/plugins/mcufinder
2024-12-04 08:30:33,790 [INFO] CrossReferenceDbSqlite:203 - Set database path to: /home/desarrollo02/.stmcufinder/plugins/mcufinder//mcu/cs/
2024-12-04 08:30:34,451 [INFO] MainPanel:272 - HeapMemory: 268435456
2024-12-04 08:30:34,966 [INFO] DbMcusXml:78 - Set database path to: /opt/st/stm32cubeide_1.17.0/plugins/com.st.stm32cube.common.mx_6.13.0.202411220809//db//mcu/
2024-12-04 08:30:34,966 [INFO] ApiDb:274 - Set plugin database path to: /opt/st/stm32cubeide_1.17.0/plugins/com.st.stm32cube.common.mx_6.13.0.202411220809//db//plugins/boardmanager/
2024-12-04 08:30:34,966 [INFO] ApiDb:261 - Set plugin images path to: /opt/st/stm32cubeide_1.17.0/plugins/com.st.stm32cube.common.mx_6.13.0.202411220809//db//plugins/mcufinder/images/
2024-12-04 08:30:34,967 [WARN] DbFile:41 - Overriding database path with different value: /home/desarrollo02/.stmcufinder/plugins/mcufinder/ => /home/desarrollo02/.stmcufinder/plugins/mcufinder
2024-12-04 08:30:34,967 [INFO] ApiDb:250 - Set database path to: /home/desarrollo02/.stmcufinder/plugins/mcufinder//mcu/
2024-12-04 08:30:34,967 [WARN] DbFile:41 - Overriding database path with different value: /home/desarrollo02/.stmcufinder/plugins/mcufinder/ => /home/desarrollo02/.stmcufinder/plugins/mcufinder
2024-12-04 08:30:34,967 [INFO] DbMcusAds:125 - Set database path to: /home/desarrollo02/.stmcufinder/plugins/mcufinder//mcu/
2024-12-04 08:30:34,967 [WARN] DbFile:41 - Overriding database path with different value: /home/desarrollo02/.stmcufinder/plugins/mcufinder/ => /home/desarrollo02/.stmcufinder/plugins/mcufinder
2024-12-04 08:30:34,968 [WARN] DbFile:41 - Overriding database path with different value: /home/desarrollo02/.stmcufinder/plugins/mcufinder/ => /home/desarrollo02/.stmcufinder/plugins/mcufinder
2024-12-04 08:30:34,968 [INFO] CrossReferenceDbSqlite:203 - Set database path to: /home/desarrollo02/.stmcufinder/plugins/mcufinder//mcu/cs/
2024-12-04 08:30:34,997 [INFO] ApplicationProperties:184 - Using Application install path: /opt/st/stm32cubeide_1.17.0/plugins/com.st.stm32cube.common.mx_6.13.0.202411220809
2024-12-04 08:30:35,000 [INFO] PluginManage:196 - Search for loadable plugins [exclusion list=, ]
2024-12-04 08:30:35,005 [INFO] PluginManage:310 - Check plugin analytics
2024-12-04 08:30:35,556 [INFO] AnalyticsPlugin:253 - Accepted Software Licenses: 
2024-12-04 08:30:35,557 [INFO] AnalyticsPlugin:255 - Accepted CMSIS Pack Licenses: 
2024-12-04 08:30:35,594 [INFO] AnalyticsPlugin:257 - Accepted Firmware Licenses: 
2024-12-04 08:30:35,602 [INFO] PluginManage:359 - Loaded plugin analytics (category:tool,tabindex:-1)
2024-12-04 08:30:35,602 [INFO] PluginManage:310 - Check plugin cadmodel
2024-12-04 08:30:35,686 [INFO] CADModel:105 - Init CAD model plugin
2024-12-04 08:30:35,687 [INFO] PluginManage:359 - Loaded plugin cadmodel (category:power,tabindex:5)
2024-12-04 08:30:35,687 [INFO] PluginManage:310 - Check plugin clock
2024-12-04 08:30:35,761 [INFO] PluginManage:359 - Loaded plugin clock (category:base,tabindex:2)
2024-12-04 08:30:35,761 [INFO] PluginManage:310 - Check plugin ddr
2024-12-04 08:30:35,778 [INFO] PluginManage:359 - Loaded plugin ddr (category:tool,tabindex:6)
2024-12-04 08:30:35,778 [INFO] PluginManage:310 - Check plugin filemanager
2024-12-04 08:30:36,373 [INFO] PluginManage:359 - Loaded plugin filemanager (category:base,tabindex:10)
2024-12-04 08:30:36,373 [INFO] PluginManage:310 - Check plugin ipmanager
2024-12-04 08:30:36,397 [INFO] PluginManage:359 - Loaded plugin ipmanager (category:base,tabindex:5)
2024-12-04 08:30:36,398 [INFO] PluginManage:310 - Check plugin lpbam
2024-12-04 08:30:36,434 [INFO] PluginManage:359 - Loaded plugin lpbam (category:base,tabindex:0)
2024-12-04 08:30:36,435 [INFO] PluginManage:310 - Check plugin memorymap
2024-12-04 08:30:36,487 [INFO] PluginManage:359 - Loaded plugin memorymap (category:base,tabindex:4)
2024-12-04 08:30:36,489 [INFO] PluginManage:310 - Check plugin pinoutandconfiguration
2024-12-04 08:30:36,537 [INFO] PluginManage:359 - Loaded plugin pinoutandconfiguration (category:base,tabindex:1)
2024-12-04 08:30:36,537 [INFO] PluginManage:310 - Check plugin pinoutconfig
2024-12-04 08:30:36,899 [WARN] SupportedApi:132 - Cannot load RTOS API schema: s4s-elt-must-match.1: The content of 'definitions' must match (annotation?, (simpleType | complexType)?, (unique | key | keyref)*)). A problem was found starting at: attribute.
2024-12-04 08:30:37,204 [INFO] PluginManage:359 - Loaded plugin pinoutconfig (category:base,tabindex:0)
2024-12-04 08:30:37,204 [INFO] PluginManage:310 - Check plugin power
2024-12-04 08:30:37,247 [INFO] PluginManage:359 - Loaded plugin power (category:power,tabindex:4)
2024-12-04 08:30:37,248 [INFO] PluginManage:310 - Check plugin projectmanager
2024-12-04 08:30:37,286 [INFO] PluginManage:359 - Loaded plugin projectmanager (category:projectmanager,tabindex:4)
2024-12-04 08:30:37,286 [INFO] PluginManage:310 - Check plugin rif
2024-12-04 08:30:37,320 [INFO] PluginManage:359 - Loaded plugin rif (category:base,tabindex:3)
2024-12-04 08:30:37,321 [INFO] PluginManage:310 - Check plugin thirdparty
2024-12-04 08:30:37,743 [WARN] IntegrityCheckThread:84 - waiting for thirdparty lock release [integrity check]
2024-12-04 08:30:37,744 [INFO] IntegrityCheckThread:86 - entering critical section [integrity check]
2024-12-04 08:30:37,744 [INFO] PluginManage:359 - Loaded plugin thirdparty (category:base,tabindex:-1)
2024-12-04 08:30:37,745 [INFO] PluginManage:310 - Check plugin tools
2024-12-04 08:30:37,745 [INFO] ThirdPartyUpdaterWithRetryManager:70 - Updater plugin not ready yet. [1/15]
2024-12-04 08:30:37,764 [INFO] PluginManage:359 - Loaded plugin tools (category:base,tabindex:7)
2024-12-04 08:30:37,764 [INFO] PluginManage:310 - Check plugin tutovideos
2024-12-04 08:30:38,421 [INFO] PluginManage:359 - Loaded plugin tutovideos (category:base,tabindex:-1)
2024-12-04 08:30:38,421 [INFO] PluginManage:310 - Check plugin updater
2024-12-04 08:30:38,479 [INFO] PluginManage:359 - Loaded plugin updater (category:base,tabindex:12)
2024-12-04 08:30:38,479 [INFO] PluginManage:310 - Check plugin userauth
2024-12-04 08:30:38,499 [INFO] UserAuth:118 - Init User Auth plugin
2024-12-04 08:30:38,500 [INFO] PluginManage:359 - Loaded plugin userauth (category:base,tabindex:14)
2024-12-04 08:30:38,501 [INFO] PluginManage:283 - PluginManage : Loaded plugins [18]
2024-12-04 08:30:39,185 [INFO] PinOutPanel:1589 - setPackage(No Configuration,No Configuration)
2024-12-04 08:30:39,375 [INFO] CADModel:165 - CPN selected for project level
2024-12-04 08:30:39,376 [INFO] CADModel:114 - Register for checkConnection events
2024-12-04 08:30:39,434 [INFO] IPUIPlugin:80 - create IPUIPlugin
2024-12-04 08:30:39,435 [INFO] PluginManager:220 - loadIPPluginJar : add usbx
2024-12-04 08:30:39,438 [INFO] IPUIPlugin:80 - create IPUIPlugin
2024-12-04 08:30:39,438 [INFO] PluginManager:220 - loadIPPluginJar : add tsc
2024-12-04 08:30:39,457 [INFO] IPUIPlugin:80 - create IPUIPlugin
2024-12-04 08:30:39,458 [INFO] PluginManager:220 - loadIPPluginJar : add i2c
2024-12-04 08:30:39,484 [INFO] IPUIPlugin:80 - create IPUIPlugin
2024-12-04 08:30:39,489 [INFO] PluginManager:220 - loadIPPluginJar : add plateformsettings
2024-12-04 08:30:39,504 [INFO] IPUIPlugin:80 - create IPUIPlugin
2024-12-04 08:30:39,505 [INFO] PluginManager:220 - loadIPPluginJar : add dma3
2024-12-04 08:30:39,509 [INFO] IPUIPlugin:80 - create IPUIPlugin
2024-12-04 08:30:39,510 [INFO] PluginManager:220 - loadIPPluginJar : add openamp
2024-12-04 08:30:39,541 [INFO] IPUIPlugin:80 - create IPUIPlugin
2024-12-04 08:30:39,541 [INFO] PluginManager:220 - loadIPPluginJar : add ddr_ctrl_phy
2024-12-04 08:30:39,546 [INFO] IPUIPlugin:80 - create IPUIPlugin
2024-12-04 08:30:39,546 [INFO] PluginManager:220 - loadIPPluginJar : add aes
2024-12-04 08:30:39,571 [INFO] IPUIPlugin:80 - create IPUIPlugin
2024-12-04 08:30:39,571 [INFO] PluginManager:220 - loadIPPluginJar : add nvic
2024-12-04 08:30:39,579 [INFO] IPUIPlugin:80 - create IPUIPlugin
2024-12-04 08:30:39,580 [INFO] PluginManager:220 - loadIPPluginJar : add opamp
2024-12-04 08:30:39,601 [INFO] IPUIPlugin:80 - create IPUIPlugin
2024-12-04 08:30:39,601 [INFO] PluginManager:220 - loadIPPluginJar : add freertos
2024-12-04 08:30:39,619 [INFO] IPUIPlugin:80 - create IPUIPlugin
2024-12-04 08:30:39,619 [INFO] PluginManager:220 - loadIPPluginJar : add gpio
2024-12-04 08:30:39,622 [INFO] IPUIPlugin:80 - create IPUIPlugin
2024-12-04 08:30:39,623 [INFO] PluginManager:220 - loadIPPluginJar : add ts
2024-12-04 08:30:39,625 [INFO] IPUIPlugin:80 - create IPUIPlugin
2024-12-04 08:30:39,626 [INFO] PluginManager:220 - loadIPPluginJar : add comp
2024-12-04 08:30:39,630 [INFO] IPUIPlugin:80 - create IPUIPlugin
2024-12-04 08:30:39,630 [INFO] PluginManager:220 - loadIPPluginJar : add dfsdm
2024-12-04 08:30:39,633 [INFO] IPUIPlugin:80 - create IPUIPlugin
2024-12-04 08:30:39,634 [INFO] PluginManager:220 - loadIPPluginJar : add fatfs
2024-12-04 08:30:39,642 [INFO] IPUIPlugin:80 - create IPUIPlugin
2024-12-04 08:30:39,642 [INFO] PluginManager:220 - loadIPPluginJar : add fmc
2024-12-04 08:30:39,651 [INFO] IPUIPlugin:80 - create IPUIPlugin
2024-12-04 08:30:39,651 [INFO] PluginManager:220 - loadIPPluginJar : add ipddr
2024-12-04 08:30:39,654 [INFO] IPUIPlugin:80 - create IPUIPlugin
2024-12-04 08:30:39,655 [INFO] PluginManager:220 - loadIPPluginJar : add tracer_emb
2024-12-04 08:30:39,661 [INFO] IPUIPlugin:80 - create IPUIPlugin
2024-12-04 08:30:39,662 [INFO] PluginManager:220 - loadIPPluginJar : add genericplugin
2024-12-04 08:30:39,702 [INFO] IPUIPlugin:80 - create IPUIPlugin
2024-12-04 08:30:39,710 [INFO] PluginManager:220 - loadIPPluginJar : add mdma
2024-12-04 08:30:39,714 [INFO] IPUIPlugin:80 - create IPUIPlugin
2024-12-04 08:30:39,716 [INFO] PluginManager:220 - loadIPPluginJar : add radio
2024-12-04 08:30:39,746 [INFO] IPUIPlugin:80 - create IPUIPlugin
2024-12-04 08:30:39,746 [INFO] PluginManager:220 - loadIPPluginJar : add ltdc
2024-12-04 08:30:39,771 [INFO] IPUIPlugin:80 - create IPUIPlugin
2024-12-04 08:30:39,774 [INFO] PluginManager:220 - loadIPPluginJar : add spi
2024-12-04 08:30:39,800 [INFO] IPUIPlugin:80 - create IPUIPlugin
2024-12-04 08:30:39,800 [INFO] PluginManager:220 - loadIPPluginJar : add lorawan
2024-12-04 08:30:39,811 [INFO] IPUIPlugin:80 - create IPUIPlugin
2024-12-04 08:30:39,812 [INFO] PluginManager:220 - loadIPPluginJar : add can
2024-12-04 08:30:39,834 [INFO] IPUIPlugin:80 - create IPUIPlugin
2024-12-04 08:30:39,834 [INFO] PluginManager:220 - loadIPPluginJar : add touchsensing
2024-12-04 08:30:39,842 [INFO] IPUIPlugin:80 - create IPUIPlugin
2024-12-04 08:30:39,842 [INFO] PluginManager:220 - loadIPPluginJar : add tim
2024-12-04 08:30:39,848 [INFO] IPUIPlugin:80 - create IPUIPlugin
2024-12-04 08:30:39,848 [INFO] PluginManager:220 - loadIPPluginJar : add i2s
2024-12-04 08:30:39,870 [INFO] IPUIPlugin:80 - create IPUIPlugin
2024-12-04 08:30:39,871 [INFO] PluginManager:220 - loadIPPluginJar : add dma
2024-12-04 08:30:39,877 [INFO] IPUIPlugin:80 - create IPUIPlugin
2024-12-04 08:30:39,877 [INFO] PluginManager:220 - loadIPPluginJar : add cryp
2024-12-04 08:30:39,881 [INFO] IPUIPlugin:80 - create IPUIPlugin
2024-12-04 08:30:39,881 [INFO] PluginManager:220 - loadIPPluginJar : add ucpd
2024-12-04 08:30:39,887 [INFO] IPUIPlugin:80 - create IPUIPlugin
2024-12-04 08:30:39,887 [INFO] PluginManager:220 - loadIPPluginJar : add i3c
2024-12-04 08:30:39,893 [INFO] IPUIPlugin:80 - create IPUIPlugin
2024-12-04 08:30:39,894 [INFO] PluginManager:220 - loadIPPluginJar : add pdm2pcm
2024-12-04 08:30:39,905 [INFO] IPUIPlugin:80 - create IPUIPlugin
2024-12-04 08:30:39,905 [INFO] PluginManager:220 - loadIPPluginJar : add linkedlist
2024-12-04 08:30:39,914 [INFO] IPUIPlugin:80 - create IPUIPlugin
2024-12-04 08:30:39,915 [INFO] PluginManager:220 - loadIPPluginJar : add stm32_wpan
2024-12-04 08:30:39,919 [INFO] IPUIPlugin:80 - create IPUIPlugin
2024-12-04 08:30:39,919 [INFO] PluginManager:220 - loadIPPluginJar : add extmemmanager
2024-12-04 08:30:39,923 [INFO] IPUIPlugin:80 - create IPUIPlugin
2024-12-04 08:30:39,923 [INFO] PluginManager:220 - loadIPPluginJar : add usart
2024-12-04 08:30:39,928 [INFO] IPUIPlugin:80 - create IPUIPlugin
2024-12-04 08:30:39,928 [INFO] PluginManager:220 - loadIPPluginJar : add gtzc
2024-12-04 08:30:39,932 [INFO] IPUIPlugin:80 - create IPUIPlugin
2024-12-04 08:30:39,933 [INFO] PluginManager:220 - loadIPPluginJar : add hash
2024-12-04 08:30:39,938 [INFO] IPUIPlugin:80 - create IPUIPlugin
2024-12-04 08:30:39,938 [INFO] PluginManager:220 - loadIPPluginJar : add sai
2024-12-04 08:30:39,942 [INFO] IPUIPlugin:80 - create IPUIPlugin
2024-12-04 08:30:39,943 [INFO] PluginManager:220 - loadIPPluginJar : add gfxmmu
2024-12-04 08:30:39,945 [INFO] IPUIPlugin:80 - create IPUIPlugin
2024-12-04 08:30:39,945 [INFO] PluginManager:220 - loadIPPluginJar : add quadspi
2024-12-04 08:30:39,958 [INFO] IPUIPlugin:80 - create IPUIPlugin
2024-12-04 08:30:39,958 [INFO] PluginManager:220 - loadIPPluginJar : add adc
2024-12-04 08:30:39,979 [INFO] IPUIPlugin:80 - create IPUIPlugin
2024-12-04 08:30:39,980 [INFO] PluginManager:220 - loadIPPluginJar : add resmgrutility
2024-12-04 08:30:39,989 [INFO] IPUIPlugin:80 - create IPUIPlugin
2024-12-04 08:30:39,989 [INFO] PluginManager:220 - loadIPPluginJar : add gic
2024-12-04 08:30:40,172 [FATAL] Updater:351 - Updater called before beeing initialized
2024-12-04 08:30:40,374 [INFO] RulesReader:64 - Compatibility file has been processed (297 Rules)
2024-12-04 08:30:40,433 [INFO] RulesReader:64 - Compatibility file has been processed (297 Rules)
2024-12-04 08:30:40,461 [INFO] CADModel:165 - CPN selected for project level
2024-12-04 08:30:40,461 [INFO] CADModel:114 - Register for checkConnection events
2024-12-04 08:30:40,461 [FATAL] Updater:351 - Updater called before beeing initialized
2024-12-04 08:30:40,462 [ERROR] CADModel:125 - Updater not yet initialized, retry later 
2024-12-04 08:30:40,750 [INFO] ThirdPartyUpdaterWithRetryManager:70 - Updater plugin not ready yet. [2/15]
2024-12-04 08:30:40,875 [FATAL] Updater:351 - Updater called before beeing initialized
2024-12-04 08:30:40,887 [INFO] CADModel:165 - CPN selected for project level
2024-12-04 08:30:40,888 [INFO] CADModel:114 - Register for checkConnection events
2024-12-04 08:30:40,888 [FATAL] Updater:351 - Updater called before beeing initialized
2024-12-04 08:30:40,889 [ERROR] CADModel:125 - Updater not yet initialized, retry later 
2024-12-04 08:30:40,895 [FATAL] Updater:351 - Updater called before beeing initialized
2024-12-04 08:30:41,506 [FATAL] Updater:351 - Updater called before beeing initialized
2024-12-04 08:30:41,558 [INFO] DbMcusAds:53 - JSON generation date=Thu Sep 30 06:55:09 UTC 2021 (1632984909247)
2024-12-04 08:30:41,559 [FATAL] Updater:351 - Updater called before beeing initialized
2024-12-04 08:30:41,973 [WARN] DetailPanel:346 - Failed to get advertising image, set to default
2024-12-04 08:30:42,388 [FATAL] Updater:351 - Updater called before beeing initialized
2024-12-04 08:30:42,391 [FATAL] Updater:351 - Updater called before beeing initialized
2024-12-04 08:30:42,391 [FATAL] Updater:351 - Updater called before beeing initialized
2024-12-04 08:30:42,391 [WARN] DetailPanel:346 - Failed to get advertising image, set to default
2024-12-04 08:30:42,393 [FATAL] Updater:351 - Updater called before beeing initialized
2024-12-04 08:30:42,504 [ERROR] Updater:1198 - MainUpdater not yet initialized. External WinMGr cannot be set.
2024-12-04 08:30:42,517 [INFO] Updater:1134 - Updater Version found : 6.13.0
2024-12-04 08:30:42,566 [INFO] ApplicationProperties:184 - Using Application install path: /opt/st/stm32cubeide_1.17.0/plugins/com.st.stm32cube.common.mx_6.13.0.202411220809
2024-12-04 08:30:43,175 [INFO] MainUpdater:2872 - connection check result : 10
2024-12-04 08:30:43,177 [INFO] MainUpdater:289 - Updater Check For Update Now.
2024-12-04 08:30:43,177 [INFO] MicroXplorer:498 - Change Database Version : DB.6.0.130
2024-12-04 08:30:43,188 [INFO] McuFinderGlobals:63 - Set McuFinder mode to 2 (CubeIDE integrated)
2024-12-04 08:30:43,189 [INFO] UserAuth:171 - activating auth plugin
2024-12-04 08:30:43,194 [INFO] UserAuth:486 - Internet connection configuration mode: 1
2024-12-04 08:30:43,302 [INFO] JxBrowserEngine:152 - Initiate JxBrowser Engine with user profile folder
2024-12-04 08:30:43,492 [INFO] CheckServerUpdateThread:120 - End of CheckServer Thread
2024-12-04 08:30:44,181 [WARN] PackLoader:240 - Cannot read IP mode file for STMicroelectronics.FP-SNS-MOTENVWB1.1.4.0
2024-12-04 08:30:44,195 [WARN] PackLoader:240 - Cannot read IP mode file for STMicroelectronics.FP-ATR-ASTRA1.2.0.1
2024-12-04 08:30:44,233 [WARN] PackLoader:240 - Cannot read IP mode file for STMicroelectronics.X-CUBE-SMBUS.2.1.0
2024-12-04 08:30:44,270 [WARN] PackLoader:240 - Cannot read IP mode file for STMicroelectronics.X-CUBE-WB05N.1.1.0
2024-12-04 08:30:44,448 [WARN] PackLoader:240 - Cannot read IP mode file for STMicroelectronics.X-CUBE-AZRTOS-F7.1.1.0
2024-12-04 08:30:44,676 [WARN] PackLoader:240 - Cannot read IP mode file for STMicroelectronics.X-CUBE-MEMS1.11.0.0
2024-12-04 08:30:44,908 [WARN] PackLoader:240 - Cannot read IP mode file for STMicroelectronics.FP-SNS-FLIGHT1.5.0.2
2024-12-04 08:30:44,941 [WARN] PackLoader:240 - Cannot read IP mode file for Infineon.AIROC-Wi-Fi-Bluetooth-STM32.1.7.0
2024-12-04 08:30:44,966 [WARN] PackLoader:240 - Cannot read IP mode file for STMicroelectronics.X-CUBE-DISPLAY.3.0.0
2024-12-04 08:30:44,996 [WARN] PackLoader:240 - Cannot read IP mode file for STMicroelectronics.X-CUBE-BLE1.7.0.0
2024-12-04 08:30:45,020 [WARN] PackLoader:240 - Cannot read IP mode file for STMicroelectronics.X-CUBE-NFC10.1.0.0
2024-12-04 08:30:45,040 [WARN] PackLoader:240 - Cannot read IP mode file for emotas.I-CUBE-CANOPEN.1.3.0
2024-12-04 08:30:45,097 [WARN] PackLoader:240 - Cannot read IP mode file for STMicroelectronics.X-CUBE-BLEMGR.3.1.0
2024-12-04 08:30:45,124 [WARN] PackLoader:240 - Cannot read IP mode file for STMicroelectronics.FP-SNS-SMARTAG2.1.2.0
2024-12-04 08:30:45,148 [INFO] LogOutputStream:77 - [STDOUT_REDIRECT] 1 : Invalid condition id : UX_CORESTACK_Condition cause : null
2024-12-04 08:30:45,149 [INFO] LogOutputStream:77 - [STDOUT_REDIRECT] 1 : Invalid condition id : UX_CORESTACK_Condition cause : null
2024-12-04 08:30:45,150 [INFO] LogOutputStream:77 - [STDOUT_REDIRECT] 1 : Invalid condition id : UX_CORESTACK_Condition cause : null
2024-12-04 08:30:45,151 [INFO] LogOutputStream:77 - [STDOUT_REDIRECT] 1 : Invalid condition id : UX_CORESTACK_Condition cause : null
2024-12-04 08:30:45,152 [INFO] LogOutputStream:77 - [STDOUT_REDIRECT] 1 : Invalid condition id : UX_CORESTACK_Condition cause : null
2024-12-04 08:30:45,157 [WARN] PackLoader:240 - Cannot read IP mode file for STMicroelectronics.X-CUBE-AZRTOS-WL.2.0.0
2024-12-04 08:30:45,165 [WARN] PackLoader:240 - Cannot read IP mode file for STMicroelectronics.FP-SNS-MOTENV1.5.0.0
2024-12-04 08:30:45,193 [WARN] PackLoader:240 - Cannot read IP mode file for wolfSSL.I-CUBE-wolfMQTT.1.19.0
2024-12-04 08:30:45,264 [WARN] PackLoader:240 - Cannot read IP mode file for STMicroelectronics.X-CUBE-BLE2.3.3.0
2024-12-04 08:30:45,293 [WARN] PackLoader:240 - Cannot read IP mode file for STMicroelectronics.X-CUBE-NFC9.1.0.0
2024-12-04 08:30:45,304 [WARN] PackLoader:240 - Cannot read IP mode file for STMicroelectronics.X-CUBE-TCPP.4.1.0
2024-12-04 08:30:45,347 [WARN] PackLoader:240 - Cannot read IP mode file for STMicroelectronics.X-CUBE-AZRTOS-G0.1.1.0
2024-12-04 08:30:45,361 [WARN] PackLoader:240 - Cannot read IP mode file for STMicroelectronics.X-CUBE-SAFEA1.1.2.2
2024-12-04 08:30:45,373 [WARN] PackLoader:240 - Cannot read IP mode file for STMicroelectronics.X-CUBE-NFC4.3.0.0
2024-12-04 08:30:45,383 [WARN] PackLoader:240 - Cannot read IP mode file for EmbeddedOffice.I-CUBE-FS-RTOS.1.0.1
2024-12-04 08:30:45,390 [WARN] PackLoader:240 - Cannot read IP mode file for RealThread.X-CUBE-RT-Thread_Nano.4.1.1
2024-12-04 08:30:45,405 [WARN] PackLoader:240 - Cannot read IP mode file for STMicroelectronics.FP-ATR-SIGFOX1.3.2.0
2024-12-04 08:30:45,432 [WARN] ConditionMgr:438 - getConditionDescription Invalid condition id : Cortex-A Device cause : null
2024-12-04 08:30:45,468 [WARN] ConditionMgr:1044 - genDependencies : Invalid condition id : Cortex-A Device cause : null
2024-12-04 08:30:45,468 [WARN] ConditionMgr:1044 - genDependencies : Invalid condition id : Cortex-A Device cause : null
2024-12-04 08:30:45,468 [WARN] ConditionMgr:1044 - genDependencies : Invalid condition id : Cortex-A Device cause : null
2024-12-04 08:30:45,477 [WARN] PackLoader:240 - Cannot read IP mode file for STMicroelectronics.X-CUBE-EEPRMA1.5.1.0
2024-12-04 08:30:45,533 [WARN] PackLoader:240 - Cannot read IP mode file for wolfSSL.I-CUBE-wolfSSL.5.7.4
2024-12-04 08:30:45,564 [WARN] PackLoader:240 - Cannot read IP mode file for ITTIA_DB.I-CUBE-ITTIADB.8.9.0
2024-12-04 08:30:45,710 [WARN] PackLoader:240 - Cannot read IP mode file for SEGGER.I-CUBE-embOS.1.3.1
2024-12-04 08:30:45,905 [WARN] PackLoader:240 - Cannot read IP mode file for STMicroelectronics.X-CUBE-ALGOBUILD.1.4.0
2024-12-04 08:30:45,932 [WARN] PackLoader:240 - Cannot read IP mode file for STMicroelectronics.X-CUBE-AI.9.1.0
2024-12-04 08:30:45,987 [WARN] PackLoader:240 - Cannot read IP mode file for STMicroelectronics.X-CUBE-AZRTOS-F4.1.1.0
2024-12-04 08:30:46,004 [WARN] PackLoader:240 - Cannot read IP mode file for STMicroelectronics.X-CUBE-ISPU.2.1.0
2024-12-04 08:30:46,027 [WARN] PackLoader:240 - Cannot read IP mode file for STMicroelectronics.X-CUBE-FREERTOS.1.2.0
2024-12-04 08:30:46,138 [WARN] PackLoader:240 - Cannot read IP mode file for STMicroelectronics.X-CUBE-AZRTOS-L5.2.0.0
2024-12-04 08:30:46,171 [WARN] PackLoader:240 - Cannot read IP mode file for STMicroelectronics.X-CUBE-NFC6.3.1.0
2024-12-04 08:30:46,204 [WARN] PackLoader:240 - Cannot read IP mode file for STMicroelectronics.X-CUBE-DPower.1.2.0
2024-12-04 08:30:46,215 [WARN] PackLoader:240 - Cannot read IP mode file for STMicroelectronics.X-CUBE-NFC7.1.0.1
2024-12-04 08:30:46,258 [WARN] ConditionMgr:438 - getConditionDescription Invalid condition id : LAN8742 Phy interface Condition cause : null
2024-12-04 08:30:46,259 [WARN] PackLoader:240 - Cannot read IP mode file for STMicroelectronics.X-CUBE-AZRTOS-L4.2.0.0
2024-12-04 08:30:46,260 [WARN] ConditionMgr:1044 - genDependencies : Invalid condition id : LAN8742 Phy interface Condition cause : null
2024-12-04 08:30:46,261 [WARN] ConditionMgr:1044 - genDependencies : Invalid condition id : LAN8742 Phy interface Condition cause : null
2024-12-04 08:30:46,262 [WARN] ConditionMgr:1044 - genDependencies : Invalid condition id : LAN8742 Phy interface Condition cause : null
2024-12-04 08:30:46,303 [WARN] PackLoader:240 - Cannot read IP mode file for STMicroelectronics.X-CUBE-SFXS2LP1.4.0.0
2024-12-04 08:30:46,348 [WARN] PackLoader:240 - Cannot read IP mode file for STMicroelectronics.X-CUBE-AZRTOS-H7.3.3.0
2024-12-04 08:30:46,421 [WARN] PackLoader:240 - Cannot read IP mode file for STMicroelectronics.X-CUBE-IPS.3.0.0
2024-12-04 08:30:46,456 [WARN] ConditionMgr:438 - getConditionDescription Invalid condition id : UX DEVICE CLASS RTOS Condition cause : null
2024-12-04 08:30:46,456 [WARN] ConditionMgr:438 - getConditionDescription Invalid condition id : UX DEVICE CLASS RTOS Condition cause : null
2024-12-04 08:30:46,459 [WARN] PackLoader:240 - Cannot read IP mode file for STMicroelectronics.X-CUBE-AZRTOS-WB.2.0.0
2024-12-04 08:30:46,460 [WARN] ConditionMgr:1044 - genDependencies : Invalid condition id : UX DEVICE CLASS RTOS Condition cause : null
2024-12-04 08:30:46,460 [WARN] ConditionMgr:1044 - genDependencies : Invalid condition id : UX DEVICE CLASS RTOS Condition cause : null
2024-12-04 08:30:46,461 [WARN] ConditionMgr:1044 - genDependencies : Invalid condition id : UX DEVICE CLASS RTOS Condition cause : null
2024-12-04 08:30:46,461 [WARN] ConditionMgr:1044 - genDependencies : Invalid condition id : UX DEVICE CLASS RTOS Condition cause : null
2024-12-04 08:30:46,461 [WARN] ConditionMgr:1044 - genDependencies : Invalid condition id : UX DEVICE CLASS RTOS Condition cause : null
2024-12-04 08:30:46,470 [WARN] PackLoader:240 - Cannot read IP mode file for STMicroelectronics.X-CUBE-GNSS1.7.0.0
2024-12-04 08:30:46,544 [WARN] PackLoader:240 - Cannot read IP mode file for STMicroelectronics.FP-SNS-STBOX1.2.0.0
2024-12-04 08:30:46,821 [WARN] PackLoader:240 - Cannot read IP mode file for STMicroelectronics.X-CUBE-SUBG2.5.0.0
2024-12-04 08:30:46,846 [WARN] PackLoader:240 - Cannot read IP mode file for Cesanta.I-CUBE-Mongoose.7.13.0
2024-12-04 08:30:46,896 [WARN] PackLoader:240 - Cannot read IP mode file for STMicroelectronics.X-CUBE-AZRTOS-G4.2.0.0
2024-12-04 08:30:46,926 [WARN] PackLoader:240 - Cannot read IP mode file for STMicroelectronics.X-CUBE-ALS.1.0.2
2024-12-04 08:30:46,948 [WARN] PackLoader:240 - Cannot read IP mode file for STMicroelectronics.X-CUBE-TOUCHGFX.4.24.1
2024-12-04 08:30:46,980 [WARN] PackLoader:240 - Cannot read IP mode file for wolfSSL.I-CUBE-wolfTPM.3.4.0
2024-12-04 08:30:47,013 [WARN] PackLoader:240 - Cannot read IP mode file for portGmbH.I-Cube-SoM-uGOAL.1.1.0
2024-12-04 08:30:47,065 [WARN] PackLoader:240 - Cannot read IP mode file for STMicroelectronics.X-CUBE-AZRTOS-H7RS.1.0.0
2024-12-04 08:30:47,116 [WARN] PackLoader:240 - Cannot read IP mode file for STMicroelectronics.X-CUBE-TOF1.3.4.2
2024-12-04 08:30:47,178 [WARN] PackLoader:240 - Cannot read IP mode file for wolfSSL.I-CUBE-wolfSSH.1.4.17
2024-12-04 08:30:47,179 [INFO] ThirdParty:978 - Integrity check success = true
2024-12-04 08:30:47,186 [INFO] IntegrityCheckThread:100 - exiting critical section [integrity check]
2024-12-04 08:30:47,186 [INFO] IntegrityCheckThread:103 - End integrity checks thread
2024-12-04 08:30:59,666 [INFO] WebApp:168 - Instantiating new browser for Auth
2024-12-04 08:31:32,541 [INFO] WebApp:449 - Apply proxy settings
2024-12-04 08:31:32,545 [INFO] WebApp:534 - Chromium requires no authentication
2024-12-04 08:31:32,748 [INFO] WebApp:477 - Direct internet connection detected
2024-12-04 08:31:33,264 [INFO] WebApp:880 - Register for checkConnection events
2024-12-04 08:31:33,264 [INFO] WebApp:449 - Apply proxy settings
2024-12-04 08:31:33,264 [INFO] WebApp:534 - Chromium requires no authentication
2024-12-04 08:31:33,268 [INFO] WebApp:477 - Direct internet connection detected
2024-12-04 08:31:36,072 [INFO] WebApp:221 - Starting web application
2024-12-04 08:31:36,073 [INFO] WebApp:579 - Web application path used /opt/st/stm32cubeide_1.17.0/plugins/com.st.stm32cube.common.mx_6.13.0.202411220809/db/plugins/mcufinder/reactClient1/index.html
2024-12-04 08:31:37,911 [INFO] WebApp:187 - Connection restablished
2024-12-04 09:23:37,764 [ERROR] LogOutputStream:75 - [STDERR_REDIRECT] 
2024-12-04 10:21:31,186 [INFO] Activator:176 - 


2024-12-04 10:21:31,190 [INFO] Activator:177 - !SESSION log4j initialized
2024-12-04 10:21:37,377 [INFO] LogOutputStream:77 - [STDOUT_REDIRECT] 
2024-12-04 10:21:46,853 [INFO] ApplicationProperties:184 - Using Application install path: /opt/st/stm32cubeide_1.17.0/plugins/com.st.stm32cube.common.mx_6.13.0.202411220809
2024-12-04 10:21:46,893 [INFO] DbMcusXml:78 - Set database path to: /opt/st/stm32cubeide_1.17.0/plugins/com.st.stm32cube.common.mx_6.13.0.202411220809//db//mcu/
2024-12-04 10:21:46,894 [INFO] ApiDb:274 - Set plugin database path to: /opt/st/stm32cubeide_1.17.0/plugins/com.st.stm32cube.common.mx_6.13.0.202411220809//db//plugins/boardmanager/
2024-12-04 10:21:46,895 [WARN] ApiDb:259 - Overriding images path with different value:  => /opt/st/stm32cubeide_1.17.0/plugins/com.st.stm32cube.common.mx_6.13.0.202411220809//db//plugins/mcufinder/images/
2024-12-04 10:21:46,951 [INFO] ApiDb:250 - Set database path to: /home/desarrollo02/.stmcufinder/plugins/mcufinder//mcu/
2024-12-04 10:21:46,953 [INFO] DbMcusAds:125 - Set database path to: /home/desarrollo02/.stmcufinder/plugins/mcufinder//mcu/
2024-12-04 10:21:46,957 [INFO] CrossReferenceDbSqlite:203 - Set database path to: /home/desarrollo02/.stmcufinder/plugins/mcufinder//mcu/cs/
2024-12-04 10:21:47,529 [INFO] RulesReader:64 - Compatibility file has been processed (297 Rules)
2024-12-04 10:21:47,740 [INFO] DbMcusXml:78 - Set database path to: /opt/st/stm32cubeide_1.17.0/plugins/com.st.stm32cube.common.mx_6.13.0.202411220809//db//mcu/
2024-12-04 10:21:47,741 [INFO] ApiDb:274 - Set plugin database path to: /opt/st/stm32cubeide_1.17.0/plugins/com.st.stm32cube.common.mx_6.13.0.202411220809//db//plugins/boardmanager/
2024-12-04 10:21:47,742 [INFO] ApiDb:261 - Set plugin images path to: /opt/st/stm32cubeide_1.17.0/plugins/com.st.stm32cube.common.mx_6.13.0.202411220809//db//plugins/mcufinder/images/
2024-12-04 10:21:47,742 [WARN] DbFile:41 - Overriding database path with different value: /home/desarrollo02/.stmcufinder/plugins/mcufinder/ => /home/desarrollo02/.stmcufinder/plugins/mcufinder
2024-12-04 10:21:47,743 [INFO] ApiDb:250 - Set database path to: /home/desarrollo02/.stmcufinder/plugins/mcufinder//mcu/
2024-12-04 10:21:47,743 [WARN] DbFile:41 - Overriding database path with different value: /home/desarrollo02/.stmcufinder/plugins/mcufinder/ => /home/desarrollo02/.stmcufinder/plugins/mcufinder
2024-12-04 10:21:47,743 [INFO] DbMcusAds:125 - Set database path to: /home/desarrollo02/.stmcufinder/plugins/mcufinder//mcu/
2024-12-04 10:21:47,743 [WARN] DbFile:41 - Overriding database path with different value: /home/desarrollo02/.stmcufinder/plugins/mcufinder/ => /home/desarrollo02/.stmcufinder/plugins/mcufinder
2024-12-04 10:21:47,743 [WARN] DbFile:41 - Overriding database path with different value: /home/desarrollo02/.stmcufinder/plugins/mcufinder/ => /home/desarrollo02/.stmcufinder/plugins/mcufinder
2024-12-04 10:21:47,744 [INFO] CrossReferenceDbSqlite:203 - Set database path to: /home/desarrollo02/.stmcufinder/plugins/mcufinder//mcu/cs/
2024-12-04 10:21:47,943 [INFO] MainPanel:272 - HeapMemory: 268435456
2024-12-04 10:21:48,356 [INFO] DbMcusXml:78 - Set database path to: /opt/st/stm32cubeide_1.17.0/plugins/com.st.stm32cube.common.mx_6.13.0.202411220809//db//mcu/
2024-12-04 10:21:48,356 [INFO] ApiDb:274 - Set plugin database path to: /opt/st/stm32cubeide_1.17.0/plugins/com.st.stm32cube.common.mx_6.13.0.202411220809//db//plugins/boardmanager/
2024-12-04 10:21:48,356 [INFO] ApiDb:261 - Set plugin images path to: /opt/st/stm32cubeide_1.17.0/plugins/com.st.stm32cube.common.mx_6.13.0.202411220809//db//plugins/mcufinder/images/
2024-12-04 10:21:48,357 [WARN] DbFile:41 - Overriding database path with different value: /home/desarrollo02/.stmcufinder/plugins/mcufinder/ => /home/desarrollo02/.stmcufinder/plugins/mcufinder
2024-12-04 10:21:48,357 [INFO] ApiDb:250 - Set database path to: /home/desarrollo02/.stmcufinder/plugins/mcufinder//mcu/
2024-12-04 10:21:48,358 [WARN] DbFile:41 - Overriding database path with different value: /home/desarrollo02/.stmcufinder/plugins/mcufinder/ => /home/desarrollo02/.stmcufinder/plugins/mcufinder
2024-12-04 10:21:48,358 [INFO] DbMcusAds:125 - Set database path to: /home/desarrollo02/.stmcufinder/plugins/mcufinder//mcu/
2024-12-04 10:21:48,358 [WARN] DbFile:41 - Overriding database path with different value: /home/desarrollo02/.stmcufinder/plugins/mcufinder/ => /home/desarrollo02/.stmcufinder/plugins/mcufinder
2024-12-04 10:21:48,358 [WARN] DbFile:41 - Overriding database path with different value: /home/desarrollo02/.stmcufinder/plugins/mcufinder/ => /home/desarrollo02/.stmcufinder/plugins/mcufinder
2024-12-04 10:21:48,358 [INFO] CrossReferenceDbSqlite:203 - Set database path to: /home/desarrollo02/.stmcufinder/plugins/mcufinder//mcu/cs/
2024-12-04 10:21:48,384 [INFO] ApplicationProperties:184 - Using Application install path: /opt/st/stm32cubeide_1.17.0/plugins/com.st.stm32cube.common.mx_6.13.0.202411220809
2024-12-04 10:21:48,387 [INFO] PluginManage:196 - Search for loadable plugins [exclusion list=, ]
2024-12-04 10:21:48,396 [INFO] PluginManage:310 - Check plugin analytics
2024-12-04 10:21:48,946 [INFO] AnalyticsPlugin:253 - Accepted Software Licenses: 
2024-12-04 10:21:48,946 [INFO] AnalyticsPlugin:255 - Accepted CMSIS Pack Licenses: 
2024-12-04 10:21:48,947 [INFO] AnalyticsPlugin:257 - Accepted Firmware Licenses: 
2024-12-04 10:21:48,955 [INFO] PluginManage:359 - Loaded plugin analytics (category:tool,tabindex:-1)
2024-12-04 10:21:48,956 [INFO] PluginManage:310 - Check plugin cadmodel
2024-12-04 10:21:48,981 [INFO] CADModel:105 - Init CAD model plugin
2024-12-04 10:21:48,981 [INFO] PluginManage:359 - Loaded plugin cadmodel (category:power,tabindex:5)
2024-12-04 10:21:48,982 [INFO] PluginManage:310 - Check plugin clock
2024-12-04 10:21:49,023 [INFO] PluginManage:359 - Loaded plugin clock (category:base,tabindex:2)
2024-12-04 10:21:49,023 [INFO] PluginManage:310 - Check plugin ddr
2024-12-04 10:21:49,040 [INFO] PluginManage:359 - Loaded plugin ddr (category:tool,tabindex:6)
2024-12-04 10:21:49,040 [INFO] PluginManage:310 - Check plugin filemanager
2024-12-04 10:21:49,376 [INFO] PluginManage:359 - Loaded plugin filemanager (category:base,tabindex:10)
2024-12-04 10:21:49,376 [INFO] PluginManage:310 - Check plugin ipmanager
2024-12-04 10:21:49,396 [INFO] PluginManage:359 - Loaded plugin ipmanager (category:base,tabindex:5)
2024-12-04 10:21:49,396 [INFO] PluginManage:310 - Check plugin lpbam
2024-12-04 10:21:49,417 [INFO] PluginManage:359 - Loaded plugin lpbam (category:base,tabindex:0)
2024-12-04 10:21:49,417 [INFO] PluginManage:310 - Check plugin memorymap
2024-12-04 10:21:49,449 [INFO] PluginManage:359 - Loaded plugin memorymap (category:base,tabindex:4)
2024-12-04 10:21:49,450 [INFO] PluginManage:310 - Check plugin pinoutandconfiguration
2024-12-04 10:21:49,487 [INFO] PluginManage:359 - Loaded plugin pinoutandconfiguration (category:base,tabindex:1)
2024-12-04 10:21:49,487 [INFO] PluginManage:310 - Check plugin pinoutconfig
2024-12-04 10:21:49,757 [WARN] SupportedApi:132 - Cannot load RTOS API schema: s4s-elt-must-match.1: The content of 'definitions' must match (annotation?, (simpleType | complexType)?, (unique | key | keyref)*)). A problem was found starting at: attribute.
2024-12-04 10:21:50,034 [INFO] PluginManage:359 - Loaded plugin pinoutconfig (category:base,tabindex:0)
2024-12-04 10:21:50,034 [INFO] PluginManage:310 - Check plugin power
2024-12-04 10:21:50,171 [INFO] PluginManage:359 - Loaded plugin power (category:power,tabindex:4)
2024-12-04 10:21:50,171 [INFO] PluginManage:310 - Check plugin projectmanager
2024-12-04 10:21:50,224 [INFO] PluginManage:359 - Loaded plugin projectmanager (category:projectmanager,tabindex:4)
2024-12-04 10:21:50,225 [INFO] PluginManage:310 - Check plugin rif
2024-12-04 10:21:50,257 [INFO] PluginManage:359 - Loaded plugin rif (category:base,tabindex:3)
2024-12-04 10:21:50,258 [INFO] PluginManage:310 - Check plugin thirdparty
2024-12-04 10:21:50,545 [WARN] IntegrityCheckThread:84 - waiting for thirdparty lock release [integrity check]
2024-12-04 10:21:50,546 [INFO] IntegrityCheckThread:86 - entering critical section [integrity check]
2024-12-04 10:21:50,547 [INFO] ThirdPartyUpdaterWithRetryManager:70 - Updater plugin not ready yet. [1/15]
2024-12-04 10:21:50,548 [INFO] PluginManage:359 - Loaded plugin thirdparty (category:base,tabindex:-1)
2024-12-04 10:21:50,548 [INFO] PluginManage:310 - Check plugin tools
2024-12-04 10:21:50,562 [INFO] PluginManage:359 - Loaded plugin tools (category:base,tabindex:7)
2024-12-04 10:21:50,563 [INFO] PluginManage:310 - Check plugin tutovideos
2024-12-04 10:21:50,866 [INFO] PluginManage:359 - Loaded plugin tutovideos (category:base,tabindex:-1)
2024-12-04 10:21:50,866 [INFO] PluginManage:310 - Check plugin updater
2024-12-04 10:21:50,917 [INFO] PluginManage:359 - Loaded plugin updater (category:base,tabindex:12)
2024-12-04 10:21:50,918 [INFO] PluginManage:310 - Check plugin userauth
2024-12-04 10:21:50,936 [INFO] UserAuth:118 - Init User Auth plugin
2024-12-04 10:21:50,938 [INFO] PluginManage:359 - Loaded plugin userauth (category:base,tabindex:14)
2024-12-04 10:21:50,939 [INFO] PluginManage:283 - PluginManage : Loaded plugins [18]
2024-12-04 10:21:51,701 [INFO] PinOutPanel:1589 - setPackage(No Configuration,No Configuration)
2024-12-04 10:21:51,906 [INFO] CADModel:165 - CPN selected for project level
2024-12-04 10:21:51,907 [INFO] CADModel:114 - Register for checkConnection events
2024-12-04 10:21:51,996 [INFO] IPUIPlugin:80 - create IPUIPlugin
2024-12-04 10:21:51,997 [INFO] PluginManager:220 - loadIPPluginJar : add usbx
2024-12-04 10:21:52,000 [INFO] IPUIPlugin:80 - create IPUIPlugin
2024-12-04 10:21:52,000 [INFO] PluginManager:220 - loadIPPluginJar : add tsc
2024-12-04 10:21:52,010 [INFO] IPUIPlugin:80 - create IPUIPlugin
2024-12-04 10:21:52,011 [INFO] PluginManager:220 - loadIPPluginJar : add i2c
2024-12-04 10:21:52,034 [INFO] IPUIPlugin:80 - create IPUIPlugin
2024-12-04 10:21:52,039 [INFO] PluginManager:220 - loadIPPluginJar : add plateformsettings
2024-12-04 10:21:52,050 [INFO] IPUIPlugin:80 - create IPUIPlugin
2024-12-04 10:21:52,051 [INFO] PluginManager:220 - loadIPPluginJar : add dma3
2024-12-04 10:21:52,083 [INFO] IPUIPlugin:80 - create IPUIPlugin
2024-12-04 10:21:52,083 [INFO] PluginManager:220 - loadIPPluginJar : add openamp
2024-12-04 10:21:52,112 [INFO] IPUIPlugin:80 - create IPUIPlugin
2024-12-04 10:21:52,112 [INFO] PluginManager:220 - loadIPPluginJar : add ddr_ctrl_phy
2024-12-04 10:21:52,117 [INFO] IPUIPlugin:80 - create IPUIPlugin
2024-12-04 10:21:52,117 [INFO] PluginManager:220 - loadIPPluginJar : add aes
2024-12-04 10:21:52,142 [INFO] IPUIPlugin:80 - create IPUIPlugin
2024-12-04 10:21:52,142 [INFO] PluginManager:220 - loadIPPluginJar : add nvic
2024-12-04 10:21:52,151 [INFO] IPUIPlugin:80 - create IPUIPlugin
2024-12-04 10:21:52,152 [INFO] PluginManager:220 - loadIPPluginJar : add opamp
2024-12-04 10:21:52,173 [INFO] IPUIPlugin:80 - create IPUIPlugin
2024-12-04 10:21:52,174 [INFO] PluginManager:220 - loadIPPluginJar : add freertos
2024-12-04 10:21:52,196 [INFO] IPUIPlugin:80 - create IPUIPlugin
2024-12-04 10:21:52,197 [INFO] PluginManager:220 - loadIPPluginJar : add gpio
2024-12-04 10:21:52,201 [INFO] IPUIPlugin:80 - create IPUIPlugin
2024-12-04 10:21:52,201 [INFO] PluginManager:220 - loadIPPluginJar : add ts
2024-12-04 10:21:52,204 [INFO] IPUIPlugin:80 - create IPUIPlugin
2024-12-04 10:21:52,204 [INFO] PluginManager:220 - loadIPPluginJar : add comp
2024-12-04 10:21:52,208 [INFO] IPUIPlugin:80 - create IPUIPlugin
2024-12-04 10:21:52,209 [INFO] PluginManager:220 - loadIPPluginJar : add dfsdm
2024-12-04 10:21:52,211 [INFO] IPUIPlugin:80 - create IPUIPlugin
2024-12-04 10:21:52,211 [INFO] PluginManager:220 - loadIPPluginJar : add fatfs
2024-12-04 10:21:52,218 [INFO] IPUIPlugin:80 - create IPUIPlugin
2024-12-04 10:21:52,218 [INFO] PluginManager:220 - loadIPPluginJar : add fmc
2024-12-04 10:21:52,230 [INFO] IPUIPlugin:80 - create IPUIPlugin
2024-12-04 10:21:52,231 [INFO] PluginManager:220 - loadIPPluginJar : add ipddr
2024-12-04 10:21:52,233 [INFO] IPUIPlugin:80 - create IPUIPlugin
2024-12-04 10:21:52,234 [INFO] PluginManager:220 - loadIPPluginJar : add tracer_emb
2024-12-04 10:21:52,236 [INFO] IPUIPlugin:80 - create IPUIPlugin
2024-12-04 10:21:52,236 [INFO] PluginManager:220 - loadIPPluginJar : add genericplugin
2024-12-04 10:21:52,272 [INFO] IPUIPlugin:80 - create IPUIPlugin
2024-12-04 10:21:52,272 [INFO] PluginManager:220 - loadIPPluginJar : add mdma
2024-12-04 10:21:52,307 [INFO] IPUIPlugin:80 - create IPUIPlugin
2024-12-04 10:21:52,309 [INFO] PluginManager:220 - loadIPPluginJar : add radio
2024-12-04 10:21:52,312 [INFO] IPUIPlugin:80 - create IPUIPlugin
2024-12-04 10:21:52,313 [INFO] PluginManager:220 - loadIPPluginJar : add ltdc
2024-12-04 10:21:52,318 [INFO] IPUIPlugin:80 - create IPUIPlugin
2024-12-04 10:21:52,319 [INFO] PluginManager:220 - loadIPPluginJar : add spi
2024-12-04 10:21:52,334 [INFO] IPUIPlugin:80 - create IPUIPlugin
2024-12-04 10:21:52,335 [INFO] PluginManager:220 - loadIPPluginJar : add lorawan
2024-12-04 10:21:52,339 [INFO] IPUIPlugin:80 - create IPUIPlugin
2024-12-04 10:21:52,339 [INFO] PluginManager:220 - loadIPPluginJar : add can
2024-12-04 10:21:52,345 [INFO] IPUIPlugin:80 - create IPUIPlugin
2024-12-04 10:21:52,345 [INFO] PluginManager:220 - loadIPPluginJar : add touchsensing
2024-12-04 10:21:52,348 [INFO] IPUIPlugin:80 - create IPUIPlugin
2024-12-04 10:21:52,348 [INFO] PluginManager:220 - loadIPPluginJar : add tim
2024-12-04 10:21:52,352 [INFO] IPUIPlugin:80 - create IPUIPlugin
2024-12-04 10:21:52,352 [INFO] PluginManager:220 - loadIPPluginJar : add i2s
2024-12-04 10:21:52,370 [INFO] IPUIPlugin:80 - create IPUIPlugin
2024-12-04 10:21:52,370 [INFO] PluginManager:220 - loadIPPluginJar : add dma
2024-12-04 10:21:52,374 [INFO] IPUIPlugin:80 - create IPUIPlugin
2024-12-04 10:21:52,374 [INFO] PluginManager:220 - loadIPPluginJar : add cryp
2024-12-04 10:21:52,376 [INFO] IPUIPlugin:80 - create IPUIPlugin
2024-12-04 10:21:52,377 [INFO] PluginManager:220 - loadIPPluginJar : add ucpd
2024-12-04 10:21:52,380 [INFO] IPUIPlugin:80 - create IPUIPlugin
2024-12-04 10:21:52,381 [INFO] PluginManager:220 - loadIPPluginJar : add i3c
2024-12-04 10:21:52,385 [INFO] IPUIPlugin:80 - create IPUIPlugin
2024-12-04 10:21:52,385 [INFO] PluginManager:220 - loadIPPluginJar : add pdm2pcm
2024-12-04 10:21:52,393 [INFO] IPUIPlugin:80 - create IPUIPlugin
2024-12-04 10:21:52,394 [INFO] PluginManager:220 - loadIPPluginJar : add linkedlist
2024-12-04 10:21:52,401 [INFO] IPUIPlugin:80 - create IPUIPlugin
2024-12-04 10:21:52,401 [INFO] PluginManager:220 - loadIPPluginJar : add stm32_wpan
2024-12-04 10:21:52,405 [INFO] IPUIPlugin:80 - create IPUIPlugin
2024-12-04 10:21:52,405 [INFO] PluginManager:220 - loadIPPluginJar : add extmemmanager
2024-12-04 10:21:52,409 [INFO] IPUIPlugin:80 - create IPUIPlugin
2024-12-04 10:21:52,409 [INFO] PluginManager:220 - loadIPPluginJar : add usart
2024-12-04 10:21:52,413 [INFO] IPUIPlugin:80 - create IPUIPlugin
2024-12-04 10:21:52,414 [INFO] PluginManager:220 - loadIPPluginJar : add gtzc
2024-12-04 10:21:52,417 [INFO] IPUIPlugin:80 - create IPUIPlugin
2024-12-04 10:21:52,417 [INFO] PluginManager:220 - loadIPPluginJar : add hash
2024-12-04 10:21:52,421 [INFO] IPUIPlugin:80 - create IPUIPlugin
2024-12-04 10:21:52,421 [INFO] PluginManager:220 - loadIPPluginJar : add sai
2024-12-04 10:21:52,425 [INFO] IPUIPlugin:80 - create IPUIPlugin
2024-12-04 10:21:52,425 [INFO] PluginManager:220 - loadIPPluginJar : add gfxmmu
2024-12-04 10:21:52,427 [INFO] IPUIPlugin:80 - create IPUIPlugin
2024-12-04 10:21:52,427 [INFO] PluginManager:220 - loadIPPluginJar : add quadspi
2024-12-04 10:21:52,438 [INFO] IPUIPlugin:80 - create IPUIPlugin
2024-12-04 10:21:52,439 [INFO] PluginManager:220 - loadIPPluginJar : add adc
2024-12-04 10:21:52,459 [INFO] IPUIPlugin:80 - create IPUIPlugin
2024-12-04 10:21:52,459 [INFO] PluginManager:220 - loadIPPluginJar : add resmgrutility
2024-12-04 10:21:52,468 [INFO] IPUIPlugin:80 - create IPUIPlugin
2024-12-04 10:21:52,469 [INFO] PluginManager:220 - loadIPPluginJar : add gic
2024-12-04 10:21:52,630 [FATAL] Updater:351 - Updater called before beeing initialized
2024-12-04 10:21:52,710 [INFO] RulesReader:64 - Compatibility file has been processed (297 Rules)
2024-12-04 10:21:52,728 [INFO] RulesReader:64 - Compatibility file has been processed (297 Rules)
2024-12-04 10:21:52,741 [INFO] CADModel:165 - CPN selected for project level
2024-12-04 10:21:52,741 [INFO] CADModel:114 - Register for checkConnection events
2024-12-04 10:21:52,741 [FATAL] Updater:351 - Updater called before beeing initialized
2024-12-04 10:21:52,741 [ERROR] CADModel:125 - Updater not yet initialized, retry later 
2024-12-04 10:21:53,135 [FATAL] Updater:351 - Updater called before beeing initialized
2024-12-04 10:21:53,142 [INFO] CADModel:165 - CPN selected for project level
2024-12-04 10:21:53,145 [INFO] CADModel:114 - Register for checkConnection events
2024-12-04 10:21:53,145 [FATAL] Updater:351 - Updater called before beeing initialized
2024-12-04 10:21:53,145 [ERROR] CADModel:125 - Updater not yet initialized, retry later 
2024-12-04 10:21:53,151 [FATAL] Updater:351 - Updater called before beeing initialized
2024-12-04 10:21:53,361 [FATAL] Updater:351 - Updater called before beeing initialized
2024-12-04 10:21:53,370 [INFO] DbMcusAds:53 - JSON generation date=Thu Sep 30 06:55:09 UTC 2021 (1632984909247)
2024-12-04 10:21:53,371 [FATAL] Updater:351 - Updater called before beeing initialized
2024-12-04 10:21:53,470 [WARN] DetailPanel:346 - Failed to get advertising image, set to default
2024-12-04 10:21:53,548 [INFO] ThirdPartyUpdaterWithRetryManager:70 - Updater plugin not ready yet. [2/15]
2024-12-04 10:21:53,904 [FATAL] Updater:351 - Updater called before beeing initialized
2024-12-04 10:21:53,912 [FATAL] Updater:351 - Updater called before beeing initialized
2024-12-04 10:21:53,916 [FATAL] Updater:351 - Updater called before beeing initialized
2024-12-04 10:21:53,917 [WARN] DetailPanel:346 - Failed to get advertising image, set to default
2024-12-04 10:21:53,920 [FATAL] Updater:351 - Updater called before beeing initialized
2024-12-04 10:21:54,033 [ERROR] Updater:1198 - MainUpdater not yet initialized. External WinMGr cannot be set.
2024-12-04 10:21:54,037 [INFO] Updater:1134 - Updater Version found : 6.13.0
2024-12-04 10:21:54,077 [INFO] ApplicationProperties:184 - Using Application install path: /opt/st/stm32cubeide_1.17.0/plugins/com.st.stm32cube.common.mx_6.13.0.202411220809
2024-12-04 10:21:54,756 [INFO] MainUpdater:2872 - connection check result : 10
2024-12-04 10:21:54,760 [INFO] MainUpdater:289 - Updater Check For Update Now.
2024-12-04 10:21:54,761 [INFO] MicroXplorer:498 - Change Database Version : DB.6.0.130
2024-12-04 10:21:54,771 [INFO] McuFinderGlobals:63 - Set McuFinder mode to 2 (CubeIDE integrated)
2024-12-04 10:21:54,771 [INFO] UserAuth:171 - activating auth plugin
2024-12-04 10:21:54,779 [INFO] UserAuth:486 - Internet connection configuration mode: 1
2024-12-04 10:21:54,925 [INFO] JxBrowserEngine:152 - Initiate JxBrowser Engine with user profile folder
2024-12-04 10:21:55,160 [INFO] CheckServerUpdateThread:120 - End of CheckServer Thread
2024-12-04 10:21:57,388 [WARN] PackLoader:240 - Cannot read IP mode file for STMicroelectronics.FP-SNS-MOTENVWB1.1.4.0
2024-12-04 10:21:57,681 [WARN] PackLoader:240 - Cannot read IP mode file for STMicroelectronics.FP-ATR-ASTRA1.2.0.1
2024-12-04 10:21:57,769 [WARN] PackLoader:240 - Cannot read IP mode file for STMicroelectronics.X-CUBE-SMBUS.2.1.0
2024-12-04 10:21:57,790 [WARN] PackLoader:240 - Cannot read IP mode file for STMicroelectronics.X-CUBE-WB05N.1.1.0
2024-12-04 10:21:57,877 [WARN] PackLoader:240 - Cannot read IP mode file for STMicroelectronics.X-CUBE-AZRTOS-F7.1.1.0
2024-12-04 10:21:58,040 [WARN] PackLoader:240 - Cannot read IP mode file for STMicroelectronics.X-CUBE-MEMS1.11.0.0
2024-12-04 10:21:58,345 [WARN] PackLoader:240 - Cannot read IP mode file for STMicroelectronics.FP-SNS-FLIGHT1.5.0.2
2024-12-04 10:21:58,393 [WARN] PackLoader:240 - Cannot read IP mode file for Infineon.AIROC-Wi-Fi-Bluetooth-STM32.1.7.0
2024-12-04 10:21:58,428 [WARN] PackLoader:240 - Cannot read IP mode file for STMicroelectronics.X-CUBE-DISPLAY.3.0.0
2024-12-04 10:21:58,452 [WARN] PackLoader:240 - Cannot read IP mode file for STMicroelectronics.X-CUBE-BLE1.7.0.0
2024-12-04 10:21:58,473 [WARN] PackLoader:240 - Cannot read IP mode file for STMicroelectronics.X-CUBE-NFC10.1.0.0
2024-12-04 10:21:58,503 [WARN] PackLoader:240 - Cannot read IP mode file for emotas.I-CUBE-CANOPEN.1.3.0
2024-12-04 10:21:58,558 [WARN] PackLoader:240 - Cannot read IP mode file for STMicroelectronics.X-CUBE-BLEMGR.3.1.0
2024-12-04 10:21:58,579 [WARN] PackLoader:240 - Cannot read IP mode file for STMicroelectronics.FP-SNS-SMARTAG2.1.2.0
2024-12-04 10:21:58,619 [INFO] LogOutputStream:77 - [STDOUT_REDIRECT] 1 : Invalid condition id : UX_CORESTACK_Condition cause : null
2024-12-04 10:21:58,621 [INFO] LogOutputStream:77 - [STDOUT_REDIRECT] 1 : Invalid condition id : UX_CORESTACK_Condition cause : null
2024-12-04 10:21:58,622 [INFO] LogOutputStream:77 - [STDOUT_REDIRECT] 1 : Invalid condition id : UX_CORESTACK_Condition cause : null
2024-12-04 10:21:58,623 [INFO] LogOutputStream:77 - [STDOUT_REDIRECT] 1 : Invalid condition id : UX_CORESTACK_Condition cause : null
2024-12-04 10:21:58,624 [INFO] LogOutputStream:77 - [STDOUT_REDIRECT] 1 : Invalid condition id : UX_CORESTACK_Condition cause : null
2024-12-04 10:21:58,629 [WARN] PackLoader:240 - Cannot read IP mode file for STMicroelectronics.X-CUBE-AZRTOS-WL.2.0.0
2024-12-04 10:21:58,641 [WARN] PackLoader:240 - Cannot read IP mode file for STMicroelectronics.FP-SNS-MOTENV1.5.0.0
2024-12-04 10:21:58,662 [WARN] PackLoader:240 - Cannot read IP mode file for wolfSSL.I-CUBE-wolfMQTT.1.19.0
2024-12-04 10:21:58,710 [WARN] PackLoader:240 - Cannot read IP mode file for STMicroelectronics.X-CUBE-BLE2.3.3.0
2024-12-04 10:21:58,737 [WARN] PackLoader:240 - Cannot read IP mode file for STMicroelectronics.X-CUBE-NFC9.1.0.0
2024-12-04 10:21:58,889 [WARN] PackLoader:240 - Cannot read IP mode file for STMicroelectronics.X-CUBE-TCPP.4.1.0
2024-12-04 10:21:58,946 [WARN] PackLoader:240 - Cannot read IP mode file for STMicroelectronics.X-CUBE-AZRTOS-G0.1.1.0
2024-12-04 10:21:58,987 [WARN] PackLoader:240 - Cannot read IP mode file for STMicroelectronics.X-CUBE-SAFEA1.1.2.2
2024-12-04 10:21:59,040 [WARN] PackLoader:240 - Cannot read IP mode file for STMicroelectronics.X-CUBE-NFC4.3.0.0
2024-12-04 10:21:59,083 [WARN] PackLoader:240 - Cannot read IP mode file for EmbeddedOffice.I-CUBE-FS-RTOS.1.0.1
2024-12-04 10:21:59,089 [WARN] PackLoader:240 - Cannot read IP mode file for RealThread.X-CUBE-RT-Thread_Nano.4.1.1
2024-12-04 10:21:59,118 [WARN] PackLoader:240 - Cannot read IP mode file for STMicroelectronics.FP-ATR-SIGFOX1.3.2.0
2024-12-04 10:21:59,125 [WARN] ConditionMgr:438 - getConditionDescription Invalid condition id : Cortex-A Device cause : null
2024-12-04 10:21:59,259 [WARN] ConditionMgr:1044 - genDependencies : Invalid condition id : Cortex-A Device cause : null
2024-12-04 10:21:59,263 [WARN] ConditionMgr:1044 - genDependencies : Invalid condition id : Cortex-A Device cause : null
2024-12-04 10:21:59,264 [WARN] ConditionMgr:1044 - genDependencies : Invalid condition id : Cortex-A Device cause : null
2024-12-04 10:21:59,294 [WARN] PackLoader:240 - Cannot read IP mode file for STMicroelectronics.X-CUBE-EEPRMA1.5.1.0
2024-12-04 10:21:59,330 [WARN] PackLoader:240 - Cannot read IP mode file for wolfSSL.I-CUBE-wolfSSL.5.7.4
2024-12-04 10:21:59,351 [WARN] PackLoader:240 - Cannot read IP mode file for ITTIA_DB.I-CUBE-ITTIADB.8.9.0
2024-12-04 10:21:59,560 [WARN] PackLoader:240 - Cannot read IP mode file for SEGGER.I-CUBE-embOS.1.3.1
2024-12-04 10:21:59,651 [WARN] PackLoader:240 - Cannot read IP mode file for STMicroelectronics.X-CUBE-ALGOBUILD.1.4.0
2024-12-04 10:21:59,707 [WARN] PackLoader:240 - Cannot read IP mode file for STMicroelectronics.X-CUBE-AI.9.1.0
2024-12-04 10:21:59,848 [WARN] PackLoader:240 - Cannot read IP mode file for STMicroelectronics.X-CUBE-AZRTOS-F4.1.1.0
2024-12-04 10:21:59,867 [WARN] PackLoader:240 - Cannot read IP mode file for STMicroelectronics.X-CUBE-ISPU.2.1.0
2024-12-04 10:21:59,882 [WARN] PackLoader:240 - Cannot read IP mode file for STMicroelectronics.X-CUBE-FREERTOS.1.2.0
2024-12-04 10:21:59,954 [WARN] PackLoader:240 - Cannot read IP mode file for STMicroelectronics.X-CUBE-AZRTOS-L5.2.0.0
2024-12-04 10:21:59,976 [WARN] PackLoader:240 - Cannot read IP mode file for STMicroelectronics.X-CUBE-NFC6.3.1.0
2024-12-04 10:21:59,988 [WARN] PackLoader:240 - Cannot read IP mode file for STMicroelectronics.X-CUBE-DPower.1.2.0
2024-12-04 10:21:59,997 [WARN] PackLoader:240 - Cannot read IP mode file for STMicroelectronics.X-CUBE-NFC7.1.0.1
2024-12-04 10:22:00,089 [WARN] ConditionMgr:438 - getConditionDescription Invalid condition id : LAN8742 Phy interface Condition cause : null
2024-12-04 10:22:00,091 [WARN] PackLoader:240 - Cannot read IP mode file for STMicroelectronics.X-CUBE-AZRTOS-L4.2.0.0
2024-12-04 10:22:00,094 [WARN] ConditionMgr:1044 - genDependencies : Invalid condition id : LAN8742 Phy interface Condition cause : null
2024-12-04 10:22:00,094 [WARN] ConditionMgr:1044 - genDependencies : Invalid condition id : LAN8742 Phy interface Condition cause : null
2024-12-04 10:22:00,096 [WARN] ConditionMgr:1044 - genDependencies : Invalid condition id : LAN8742 Phy interface Condition cause : null
2024-12-04 10:22:00,124 [WARN] PackLoader:240 - Cannot read IP mode file for STMicroelectronics.X-CUBE-SFXS2LP1.4.0.0
2024-12-04 10:22:00,188 [WARN] PackLoader:240 - Cannot read IP mode file for STMicroelectronics.X-CUBE-AZRTOS-H7.3.3.0
2024-12-04 10:22:00,307 [WARN] PackLoader:240 - Cannot read IP mode file for STMicroelectronics.X-CUBE-IPS.3.0.0
2024-12-04 10:22:00,378 [WARN] ConditionMgr:438 - getConditionDescription Invalid condition id : UX DEVICE CLASS RTOS Condition cause : null
2024-12-04 10:22:00,379 [WARN] ConditionMgr:438 - getConditionDescription Invalid condition id : UX DEVICE CLASS RTOS Condition cause : null
2024-12-04 10:22:00,383 [WARN] PackLoader:240 - Cannot read IP mode file for STMicroelectronics.X-CUBE-AZRTOS-WB.2.0.0
2024-12-04 10:22:00,384 [WARN] ConditionMgr:1044 - genDependencies : Invalid condition id : UX DEVICE CLASS RTOS Condition cause : null
2024-12-04 10:22:00,384 [WARN] ConditionMgr:1044 - genDependencies : Invalid condition id : UX DEVICE CLASS RTOS Condition cause : null
2024-12-04 10:22:00,385 [WARN] ConditionMgr:1044 - genDependencies : Invalid condition id : UX DEVICE CLASS RTOS Condition cause : null
2024-12-04 10:22:00,386 [WARN] ConditionMgr:1044 - genDependencies : Invalid condition id : UX DEVICE CLASS RTOS Condition cause : null
2024-12-04 10:22:00,386 [WARN] ConditionMgr:1044 - genDependencies : Invalid condition id : UX DEVICE CLASS RTOS Condition cause : null
2024-12-04 10:22:00,406 [WARN] PackLoader:240 - Cannot read IP mode file for STMicroelectronics.X-CUBE-GNSS1.7.0.0
2024-12-04 10:22:00,456 [WARN] PackLoader:240 - Cannot read IP mode file for STMicroelectronics.FP-SNS-STBOX1.2.0.0
2024-12-04 10:22:00,494 [WARN] PackLoader:240 - Cannot read IP mode file for STMicroelectronics.X-CUBE-SUBG2.5.0.0
2024-12-04 10:22:00,517 [WARN] PackLoader:240 - Cannot read IP mode file for Cesanta.I-CUBE-Mongoose.7.13.0
2024-12-04 10:22:00,551 [WARN] PackLoader:240 - Cannot read IP mode file for STMicroelectronics.X-CUBE-AZRTOS-G4.2.0.0
2024-12-04 10:22:00,572 [WARN] PackLoader:240 - Cannot read IP mode file for STMicroelectronics.X-CUBE-ALS.1.0.2
2024-12-04 10:22:00,594 [WARN] PackLoader:240 - Cannot read IP mode file for STMicroelectronics.X-CUBE-TOUCHGFX.4.24.1
2024-12-04 10:22:00,604 [WARN] PackLoader:240 - Cannot read IP mode file for wolfSSL.I-CUBE-wolfTPM.3.4.0
2024-12-04 10:22:00,619 [WARN] PackLoader:240 - Cannot read IP mode file for portGmbH.I-Cube-SoM-uGOAL.1.1.0
2024-12-04 10:22:00,672 [WARN] PackLoader:240 - Cannot read IP mode file for STMicroelectronics.X-CUBE-AZRTOS-H7RS.1.0.0
2024-12-04 10:22:00,702 [WARN] PackLoader:240 - Cannot read IP mode file for STMicroelectronics.X-CUBE-TOF1.3.4.2
2024-12-04 10:22:00,719 [WARN] PackLoader:240 - Cannot read IP mode file for wolfSSL.I-CUBE-wolfSSH.1.4.17
2024-12-04 10:22:00,721 [INFO] ThirdParty:978 - Integrity check success = true
2024-12-04 10:22:00,721 [INFO] IntegrityCheckThread:100 - exiting critical section [integrity check]
2024-12-04 10:22:00,721 [INFO] IntegrityCheckThread:103 - End integrity checks thread
2024-12-04 10:22:09,565 [INFO] WebApp:168 - Instantiating new browser for Auth
2024-12-04 10:22:16,719 [INFO] WebApp:449 - Apply proxy settings
2024-12-04 10:22:16,720 [INFO] WebApp:534 - Chromium requires no authentication
2024-12-04 10:22:16,966 [INFO] WebApp:477 - Direct internet connection detected
2024-12-04 10:22:17,249 [INFO] WebApp:880 - Register for checkConnection events
2024-12-04 10:22:17,250 [INFO] WebApp:449 - Apply proxy settings
2024-12-04 10:22:17,251 [INFO] WebApp:534 - Chromium requires no authentication
2024-12-04 10:22:17,254 [INFO] WebApp:477 - Direct internet connection detected
2024-12-04 10:22:18,478 [INFO] WebApp:221 - Starting web application
2024-12-04 10:22:18,479 [INFO] WebApp:579 - Web application path used /opt/st/stm32cubeide_1.17.0/plugins/com.st.stm32cube.common.mx_6.13.0.202411220809/db/plugins/mcufinder/reactClient1/index.html
2024-12-04 10:22:19,015 [INFO] WebApp:187 - Connection restablished
2024-12-04 11:41:31,349 [INFO] Activator:176 - 


2024-12-04 11:41:31,352 [INFO] Activator:177 - !SESSION log4j initialized
2024-12-04 11:41:36,332 [INFO] LogOutputStream:77 - [STDOUT_REDIRECT] 
2024-12-04 11:41:41,927 [INFO] ApplicationProperties:184 - Using Application install path: /opt/st/stm32cubeide_1.17.0_2/plugins/com.st.stm32cube.common.mx_6.13.0.202411220809
2024-12-04 11:41:41,993 [INFO] DbMcusXml:78 - Set database path to: /opt/st/stm32cubeide_1.17.0_2/plugins/com.st.stm32cube.common.mx_6.13.0.202411220809//db//mcu/
2024-12-04 11:41:41,994 [INFO] ApiDb:274 - Set plugin database path to: /opt/st/stm32cubeide_1.17.0_2/plugins/com.st.stm32cube.common.mx_6.13.0.202411220809//db//plugins/boardmanager/
2024-12-04 11:41:41,995 [WARN] ApiDb:259 - Overriding images path with different value:  => /opt/st/stm32cubeide_1.17.0_2/plugins/com.st.stm32cube.common.mx_6.13.0.202411220809//db//plugins/mcufinder/images/
2024-12-04 11:41:42,010 [INFO] ApiDb:250 - Set database path to: /home/desarrollo02/.stmcufinder/plugins/mcufinder//mcu/
2024-12-04 11:41:42,013 [INFO] DbMcusAds:125 - Set database path to: /home/desarrollo02/.stmcufinder/plugins/mcufinder//mcu/
2024-12-04 11:41:42,018 [INFO] CrossReferenceDbSqlite:203 - Set database path to: /home/desarrollo02/.stmcufinder/plugins/mcufinder//mcu/cs/
2024-12-04 11:41:42,919 [INFO] RulesReader:64 - Compatibility file has been processed (297 Rules)
2024-12-04 11:41:43,689 [INFO] DbMcusXml:78 - Set database path to: /opt/st/stm32cubeide_1.17.0_2/plugins/com.st.stm32cube.common.mx_6.13.0.202411220809//db//mcu/
2024-12-04 11:41:43,689 [INFO] ApiDb:274 - Set plugin database path to: /opt/st/stm32cubeide_1.17.0_2/plugins/com.st.stm32cube.common.mx_6.13.0.202411220809//db//plugins/boardmanager/
2024-12-04 11:41:43,690 [INFO] ApiDb:261 - Set plugin images path to: /opt/st/stm32cubeide_1.17.0_2/plugins/com.st.stm32cube.common.mx_6.13.0.202411220809//db//plugins/mcufinder/images/
2024-12-04 11:41:43,693 [WARN] DbFile:41 - Overriding database path with different value: /home/desarrollo02/.stmcufinder/plugins/mcufinder/ => /home/desarrollo02/.stmcufinder/plugins/mcufinder
2024-12-04 11:41:43,694 [INFO] ApiDb:250 - Set database path to: /home/desarrollo02/.stmcufinder/plugins/mcufinder//mcu/
2024-12-04 11:41:43,696 [WARN] DbFile:41 - Overriding database path with different value: /home/desarrollo02/.stmcufinder/plugins/mcufinder/ => /home/desarrollo02/.stmcufinder/plugins/mcufinder
2024-12-04 11:41:43,696 [INFO] DbMcusAds:125 - Set database path to: /home/desarrollo02/.stmcufinder/plugins/mcufinder//mcu/
2024-12-04 11:41:43,697 [WARN] DbFile:41 - Overriding database path with different value: /home/desarrollo02/.stmcufinder/plugins/mcufinder/ => /home/desarrollo02/.stmcufinder/plugins/mcufinder
2024-12-04 11:41:43,697 [WARN] DbFile:41 - Overriding database path with different value: /home/desarrollo02/.stmcufinder/plugins/mcufinder/ => /home/desarrollo02/.stmcufinder/plugins/mcufinder
2024-12-04 11:41:43,697 [INFO] CrossReferenceDbSqlite:203 - Set database path to: /home/desarrollo02/.stmcufinder/plugins/mcufinder//mcu/cs/
2024-12-04 11:41:44,064 [INFO] MainPanel:272 - HeapMemory: 268435456
2024-12-04 11:41:45,158 [INFO] DbMcusXml:78 - Set database path to: /opt/st/stm32cubeide_1.17.0_2/plugins/com.st.stm32cube.common.mx_6.13.0.202411220809//db//mcu/
2024-12-04 11:41:45,158 [INFO] ApiDb:274 - Set plugin database path to: /opt/st/stm32cubeide_1.17.0_2/plugins/com.st.stm32cube.common.mx_6.13.0.202411220809//db//plugins/boardmanager/
2024-12-04 11:41:45,158 [INFO] ApiDb:261 - Set plugin images path to: /opt/st/stm32cubeide_1.17.0_2/plugins/com.st.stm32cube.common.mx_6.13.0.202411220809//db//plugins/mcufinder/images/
2024-12-04 11:41:45,159 [WARN] DbFile:41 - Overriding database path with different value: /home/desarrollo02/.stmcufinder/plugins/mcufinder/ => /home/desarrollo02/.stmcufinder/plugins/mcufinder
2024-12-04 11:41:45,159 [INFO] ApiDb:250 - Set database path to: /home/desarrollo02/.stmcufinder/plugins/mcufinder//mcu/
2024-12-04 11:41:45,159 [WARN] DbFile:41 - Overriding database path with different value: /home/desarrollo02/.stmcufinder/plugins/mcufinder/ => /home/desarrollo02/.stmcufinder/plugins/mcufinder
2024-12-04 11:41:45,160 [INFO] DbMcusAds:125 - Set database path to: /home/desarrollo02/.stmcufinder/plugins/mcufinder//mcu/
2024-12-04 11:41:45,160 [WARN] DbFile:41 - Overriding database path with different value: /home/desarrollo02/.stmcufinder/plugins/mcufinder/ => /home/desarrollo02/.stmcufinder/plugins/mcufinder
2024-12-04 11:41:45,160 [WARN] DbFile:41 - Overriding database path with different value: /home/desarrollo02/.stmcufinder/plugins/mcufinder/ => /home/desarrollo02/.stmcufinder/plugins/mcufinder
2024-12-04 11:41:45,160 [INFO] CrossReferenceDbSqlite:203 - Set database path to: /home/desarrollo02/.stmcufinder/plugins/mcufinder//mcu/cs/
2024-12-04 11:41:45,215 [INFO] ApplicationProperties:184 - Using Application install path: /opt/st/stm32cubeide_1.17.0_2/plugins/com.st.stm32cube.common.mx_6.13.0.202411220809
2024-12-04 11:41:45,223 [INFO] PluginManage:196 - Search for loadable plugins [exclusion list=, ]
2024-12-04 11:41:45,230 [INFO] PluginManage:310 - Check plugin analytics
2024-12-04 11:41:46,368 [INFO] AnalyticsPlugin:253 - Accepted Software Licenses: 
2024-12-04 11:41:46,369 [INFO] AnalyticsPlugin:255 - Accepted CMSIS Pack Licenses: 
2024-12-04 11:41:46,369 [INFO] AnalyticsPlugin:257 - Accepted Firmware Licenses: 
2024-12-04 11:41:46,416 [INFO] PluginManage:359 - Loaded plugin analytics (category:tool,tabindex:-1)
2024-12-04 11:41:46,417 [INFO] PluginManage:310 - Check plugin cadmodel
2024-12-04 11:41:46,464 [INFO] CADModel:105 - Init CAD model plugin
2024-12-04 11:41:46,465 [INFO] PluginManage:359 - Loaded plugin cadmodel (category:power,tabindex:5)
2024-12-04 11:41:46,477 [INFO] PluginManage:310 - Check plugin clock
2024-12-04 11:41:46,588 [INFO] PluginManage:359 - Loaded plugin clock (category:base,tabindex:2)
2024-12-04 11:41:46,588 [INFO] PluginManage:310 - Check plugin ddr
2024-12-04 11:41:46,593 [INFO] PluginManage:359 - Loaded plugin ddr (category:tool,tabindex:6)
2024-12-04 11:41:46,593 [INFO] PluginManage:310 - Check plugin filemanager
2024-12-04 11:41:47,146 [INFO] PluginManage:359 - Loaded plugin filemanager (category:base,tabindex:10)
2024-12-04 11:41:47,146 [INFO] PluginManage:310 - Check plugin ipmanager
2024-12-04 11:41:47,185 [INFO] PluginManage:359 - Loaded plugin ipmanager (category:base,tabindex:5)
2024-12-04 11:41:47,185 [INFO] PluginManage:310 - Check plugin lpbam
2024-12-04 11:41:47,252 [INFO] PluginManage:359 - Loaded plugin lpbam (category:base,tabindex:0)
2024-12-04 11:41:47,253 [INFO] PluginManage:310 - Check plugin memorymap
2024-12-04 11:41:47,400 [INFO] PluginManage:359 - Loaded plugin memorymap (category:base,tabindex:4)
2024-12-04 11:41:47,402 [INFO] PluginManage:310 - Check plugin pinoutandconfiguration
2024-12-04 11:41:47,466 [INFO] PluginManage:359 - Loaded plugin pinoutandconfiguration (category:base,tabindex:1)
2024-12-04 11:41:47,467 [INFO] PluginManage:310 - Check plugin pinoutconfig
2024-12-04 11:41:48,152 [WARN] SupportedApi:132 - Cannot load RTOS API schema: s4s-elt-must-match.1: The content of 'definitions' must match (annotation?, (simpleType | complexType)?, (unique | key | keyref)*)). A problem was found starting at: attribute.
2024-12-04 11:41:49,135 [INFO] PluginManage:359 - Loaded plugin pinoutconfig (category:base,tabindex:0)
2024-12-04 11:41:49,136 [INFO] PluginManage:310 - Check plugin power
2024-12-04 11:41:49,207 [INFO] PluginManage:359 - Loaded plugin power (category:power,tabindex:4)
2024-12-04 11:41:49,208 [INFO] PluginManage:310 - Check plugin projectmanager
2024-12-04 11:41:49,321 [INFO] PluginManage:359 - Loaded plugin projectmanager (category:projectmanager,tabindex:4)
2024-12-04 11:41:49,321 [INFO] PluginManage:310 - Check plugin rif
2024-12-04 11:41:49,350 [INFO] PluginManage:359 - Loaded plugin rif (category:base,tabindex:3)
2024-12-04 11:41:49,352 [INFO] PluginManage:310 - Check plugin thirdparty
2024-12-04 11:41:50,594 [WARN] IntegrityCheckThread:84 - waiting for thirdparty lock release [integrity check]
2024-12-04 11:41:50,598 [INFO] PluginManage:359 - Loaded plugin thirdparty (category:base,tabindex:-1)
2024-12-04 11:41:50,598 [INFO] IntegrityCheckThread:86 - entering critical section [integrity check]
2024-12-04 11:41:50,598 [INFO] PluginManage:310 - Check plugin tools
2024-12-04 11:41:50,602 [INFO] ThirdPartyUpdaterWithRetryManager:70 - Updater plugin not ready yet. [1/15]
2024-12-04 11:41:50,613 [INFO] PluginManage:359 - Loaded plugin tools (category:base,tabindex:7)
2024-12-04 11:41:50,613 [INFO] PluginManage:310 - Check plugin tutovideos
2024-12-04 11:41:51,768 [INFO] PluginManage:359 - Loaded plugin tutovideos (category:base,tabindex:-1)
2024-12-04 11:41:51,773 [INFO] PluginManage:310 - Check plugin updater
2024-12-04 11:41:51,866 [INFO] PluginManage:359 - Loaded plugin updater (category:base,tabindex:12)
2024-12-04 11:41:51,867 [INFO] PluginManage:310 - Check plugin userauth
2024-12-04 11:41:51,875 [INFO] UserAuth:118 - Init User Auth plugin
2024-12-04 11:41:51,878 [INFO] PluginManage:359 - Loaded plugin userauth (category:base,tabindex:14)
2024-12-04 11:41:51,879 [INFO] PluginManage:283 - PluginManage : Loaded plugins [18]
2024-12-04 11:41:52,675 [INFO] PinOutPanel:1589 - setPackage(No Configuration,No Configuration)
2024-12-04 11:41:53,100 [INFO] CADModel:165 - CPN selected for project level
2024-12-04 11:41:53,101 [INFO] CADModel:114 - Register for checkConnection events
2024-12-04 11:41:53,153 [INFO] IPUIPlugin:80 - create IPUIPlugin
2024-12-04 11:41:53,153 [INFO] PluginManager:220 - loadIPPluginJar : add usbx
2024-12-04 11:41:53,156 [INFO] IPUIPlugin:80 - create IPUIPlugin
2024-12-04 11:41:53,157 [INFO] PluginManager:220 - loadIPPluginJar : add tsc
2024-12-04 11:41:53,169 [INFO] IPUIPlugin:80 - create IPUIPlugin
2024-12-04 11:41:53,170 [INFO] PluginManager:220 - loadIPPluginJar : add i2c
2024-12-04 11:41:53,194 [INFO] IPUIPlugin:80 - create IPUIPlugin
2024-12-04 11:41:53,205 [INFO] PluginManager:220 - loadIPPluginJar : add plateformsettings
2024-12-04 11:41:53,212 [INFO] IPUIPlugin:80 - create IPUIPlugin
2024-12-04 11:41:53,217 [INFO] PluginManager:220 - loadIPPluginJar : add dma3
2024-12-04 11:41:53,224 [INFO] IPUIPlugin:80 - create IPUIPlugin
2024-12-04 11:41:53,225 [INFO] PluginManager:220 - loadIPPluginJar : add openamp
2024-12-04 11:41:53,237 [INFO] IPUIPlugin:80 - create IPUIPlugin
2024-12-04 11:41:53,238 [INFO] PluginManager:220 - loadIPPluginJar : add ddr_ctrl_phy
2024-12-04 11:41:53,245 [INFO] IPUIPlugin:80 - create IPUIPlugin
2024-12-04 11:41:53,245 [INFO] PluginManager:220 - loadIPPluginJar : add aes
2024-12-04 11:41:53,261 [INFO] IPUIPlugin:80 - create IPUIPlugin
2024-12-04 11:41:53,262 [INFO] PluginManager:220 - loadIPPluginJar : add nvic
2024-12-04 11:41:53,270 [INFO] IPUIPlugin:80 - create IPUIPlugin
2024-12-04 11:41:53,270 [INFO] PluginManager:220 - loadIPPluginJar : add opamp
2024-12-04 11:41:53,299 [INFO] IPUIPlugin:80 - create IPUIPlugin
2024-12-04 11:41:53,304 [INFO] PluginManager:220 - loadIPPluginJar : add freertos
2024-12-04 11:41:53,338 [INFO] IPUIPlugin:80 - create IPUIPlugin
2024-12-04 11:41:53,339 [INFO] PluginManager:220 - loadIPPluginJar : add gpio
2024-12-04 11:41:53,347 [INFO] IPUIPlugin:80 - create IPUIPlugin
2024-12-04 11:41:53,347 [INFO] PluginManager:220 - loadIPPluginJar : add ts
2024-12-04 11:41:53,351 [INFO] IPUIPlugin:80 - create IPUIPlugin
2024-12-04 11:41:53,351 [INFO] PluginManager:220 - loadIPPluginJar : add comp
2024-12-04 11:41:53,356 [INFO] IPUIPlugin:80 - create IPUIPlugin
2024-12-04 11:41:53,357 [INFO] PluginManager:220 - loadIPPluginJar : add dfsdm
2024-12-04 11:41:53,363 [INFO] IPUIPlugin:80 - create IPUIPlugin
2024-12-04 11:41:53,363 [INFO] PluginManager:220 - loadIPPluginJar : add fatfs
2024-12-04 11:41:53,372 [INFO] IPUIPlugin:80 - create IPUIPlugin
2024-12-04 11:41:53,372 [INFO] PluginManager:220 - loadIPPluginJar : add fmc
2024-12-04 11:41:53,378 [INFO] IPUIPlugin:80 - create IPUIPlugin
2024-12-04 11:41:53,378 [INFO] PluginManager:220 - loadIPPluginJar : add ipddr
2024-12-04 11:41:53,383 [INFO] IPUIPlugin:80 - create IPUIPlugin
2024-12-04 11:41:53,384 [INFO] PluginManager:220 - loadIPPluginJar : add tracer_emb
2024-12-04 11:41:53,405 [INFO] IPUIPlugin:80 - create IPUIPlugin
2024-12-04 11:41:53,405 [INFO] PluginManager:220 - loadIPPluginJar : add genericplugin
2024-12-04 11:41:53,432 [INFO] IPUIPlugin:80 - create IPUIPlugin
2024-12-04 11:41:53,433 [INFO] PluginManager:220 - loadIPPluginJar : add mdma
2024-12-04 11:41:53,436 [INFO] IPUIPlugin:80 - create IPUIPlugin
2024-12-04 11:41:53,438 [INFO] PluginManager:220 - loadIPPluginJar : add radio
2024-12-04 11:41:53,442 [INFO] IPUIPlugin:80 - create IPUIPlugin
2024-12-04 11:41:53,442 [INFO] PluginManager:220 - loadIPPluginJar : add ltdc
2024-12-04 11:41:53,461 [INFO] IPUIPlugin:80 - create IPUIPlugin
2024-12-04 11:41:53,461 [INFO] PluginManager:220 - loadIPPluginJar : add spi
2024-12-04 11:41:53,474 [INFO] IPUIPlugin:80 - create IPUIPlugin
2024-12-04 11:41:53,477 [INFO] PluginManager:220 - loadIPPluginJar : add lorawan
2024-12-04 11:41:53,487 [INFO] IPUIPlugin:80 - create IPUIPlugin
2024-12-04 11:41:53,489 [INFO] PluginManager:220 - loadIPPluginJar : add can
2024-12-04 11:41:53,495 [INFO] IPUIPlugin:80 - create IPUIPlugin
2024-12-04 11:41:53,496 [INFO] PluginManager:220 - loadIPPluginJar : add touchsensing
2024-12-04 11:41:53,498 [INFO] IPUIPlugin:80 - create IPUIPlugin
2024-12-04 11:41:53,498 [INFO] PluginManager:220 - loadIPPluginJar : add tim
2024-12-04 11:41:53,503 [INFO] IPUIPlugin:80 - create IPUIPlugin
2024-12-04 11:41:53,503 [INFO] PluginManager:220 - loadIPPluginJar : add i2s
2024-12-04 11:41:53,529 [INFO] IPUIPlugin:80 - create IPUIPlugin
2024-12-04 11:41:53,531 [INFO] PluginManager:220 - loadIPPluginJar : add dma
2024-12-04 11:41:53,535 [INFO] IPUIPlugin:80 - create IPUIPlugin
2024-12-04 11:41:53,536 [INFO] PluginManager:220 - loadIPPluginJar : add cryp
2024-12-04 11:41:53,539 [INFO] IPUIPlugin:80 - create IPUIPlugin
2024-12-04 11:41:53,540 [INFO] PluginManager:220 - loadIPPluginJar : add ucpd
2024-12-04 11:41:53,547 [INFO] IPUIPlugin:80 - create IPUIPlugin
2024-12-04 11:41:53,547 [INFO] PluginManager:220 - loadIPPluginJar : add i3c
2024-12-04 11:41:53,553 [INFO] IPUIPlugin:80 - create IPUIPlugin
2024-12-04 11:41:53,553 [INFO] PluginManager:220 - loadIPPluginJar : add pdm2pcm
2024-12-04 11:41:53,567 [INFO] IPUIPlugin:80 - create IPUIPlugin
2024-12-04 11:41:53,567 [INFO] PluginManager:220 - loadIPPluginJar : add linkedlist
2024-12-04 11:41:53,583 [INFO] IPUIPlugin:80 - create IPUIPlugin
2024-12-04 11:41:53,585 [INFO] PluginManager:220 - loadIPPluginJar : add stm32_wpan
2024-12-04 11:41:53,589 [INFO] IPUIPlugin:80 - create IPUIPlugin
2024-12-04 11:41:53,590 [INFO] PluginManager:220 - loadIPPluginJar : add extmemmanager
2024-12-04 11:41:53,603 [INFO] ThirdPartyUpdaterWithRetryManager:70 - Updater plugin not ready yet. [2/15]
2024-12-04 11:41:53,605 [INFO] IPUIPlugin:80 - create IPUIPlugin
2024-12-04 11:41:53,607 [INFO] PluginManager:220 - loadIPPluginJar : add usart
2024-12-04 11:41:53,613 [INFO] IPUIPlugin:80 - create IPUIPlugin
2024-12-04 11:41:53,615 [INFO] PluginManager:220 - loadIPPluginJar : add gtzc
2024-12-04 11:41:53,622 [INFO] IPUIPlugin:80 - create IPUIPlugin
2024-12-04 11:41:53,623 [INFO] PluginManager:220 - loadIPPluginJar : add hash
2024-12-04 11:41:53,628 [INFO] IPUIPlugin:80 - create IPUIPlugin
2024-12-04 11:41:53,628 [INFO] PluginManager:220 - loadIPPluginJar : add sai
2024-12-04 11:41:53,639 [INFO] IPUIPlugin:80 - create IPUIPlugin
2024-12-04 11:41:53,640 [INFO] PluginManager:220 - loadIPPluginJar : add gfxmmu
2024-12-04 11:41:53,647 [INFO] IPUIPlugin:80 - create IPUIPlugin
2024-12-04 11:41:53,647 [INFO] PluginManager:220 - loadIPPluginJar : add quadspi
2024-12-04 11:41:53,666 [INFO] IPUIPlugin:80 - create IPUIPlugin
2024-12-04 11:41:53,666 [INFO] PluginManager:220 - loadIPPluginJar : add adc
2024-12-04 11:41:53,677 [INFO] IPUIPlugin:80 - create IPUIPlugin
2024-12-04 11:41:53,677 [INFO] PluginManager:220 - loadIPPluginJar : add resmgrutility
2024-12-04 11:41:53,688 [INFO] IPUIPlugin:80 - create IPUIPlugin
2024-12-04 11:41:53,689 [INFO] PluginManager:220 - loadIPPluginJar : add gic
2024-12-04 11:41:53,886 [FATAL] Updater:351 - Updater called before beeing initialized
2024-12-04 11:41:54,030 [INFO] RulesReader:64 - Compatibility file has been processed (297 Rules)
2024-12-04 11:41:54,059 [INFO] RulesReader:64 - Compatibility file has been processed (297 Rules)
2024-12-04 11:41:54,131 [INFO] CADModel:165 - CPN selected for project level
2024-12-04 11:41:54,131 [INFO] CADModel:114 - Register for checkConnection events
2024-12-04 11:41:54,132 [FATAL] Updater:351 - Updater called before beeing initialized
2024-12-04 11:41:54,132 [ERROR] CADModel:125 - Updater not yet initialized, retry later 
2024-12-04 11:41:54,723 [FATAL] Updater:351 - Updater called before beeing initialized
2024-12-04 11:41:54,727 [INFO] CADModel:165 - CPN selected for project level
2024-12-04 11:41:54,728 [INFO] CADModel:114 - Register for checkConnection events
2024-12-04 11:41:54,728 [FATAL] Updater:351 - Updater called before beeing initialized
2024-12-04 11:41:54,728 [ERROR] CADModel:125 - Updater not yet initialized, retry later 
2024-12-04 11:41:54,735 [FATAL] Updater:351 - Updater called before beeing initialized
2024-12-04 11:41:55,064 [FATAL] Updater:351 - Updater called before beeing initialized
2024-12-04 11:41:55,078 [INFO] DbMcusAds:53 - JSON generation date=Thu Sep 30 06:55:09 UTC 2021 (1632984909247)
2024-12-04 11:41:55,079 [FATAL] Updater:351 - Updater called before beeing initialized
2024-12-04 11:41:55,163 [WARN] DetailPanel:346 - Failed to get advertising image, set to default
2024-12-04 11:41:56,266 [FATAL] Updater:351 - Updater called before beeing initialized
2024-12-04 11:41:56,270 [FATAL] Updater:351 - Updater called before beeing initialized
2024-12-04 11:41:56,271 [FATAL] Updater:351 - Updater called before beeing initialized
2024-12-04 11:41:56,271 [WARN] DetailPanel:346 - Failed to get advertising image, set to default
2024-12-04 11:41:56,274 [FATAL] Updater:351 - Updater called before beeing initialized
2024-12-04 11:41:56,414 [ERROR] Updater:1198 - MainUpdater not yet initialized. External WinMGr cannot be set.
2024-12-04 11:41:56,420 [INFO] Updater:1134 - Updater Version found : 6.13.0
2024-12-04 11:41:56,487 [INFO] ApplicationProperties:184 - Using Application install path: /opt/st/stm32cubeide_1.17.0_2/plugins/com.st.stm32cube.common.mx_6.13.0.202411220809
2024-12-04 11:41:56,605 [INFO] ThirdPartyUpdaterWithRetryManager:70 - Updater plugin not ready yet. [3/15]
2024-12-04 11:41:57,230 [INFO] MainUpdater:2872 - connection check result : 10
2024-12-04 11:41:57,288 [INFO] MainUpdater:289 - Updater Check For Update Now.
2024-12-04 11:41:57,289 [INFO] MicroXplorer:498 - Change Database Version : DB.6.0.130
2024-12-04 11:41:57,322 [INFO] McuFinderGlobals:63 - Set McuFinder mode to 2 (CubeIDE integrated)
2024-12-04 11:41:57,322 [INFO] UserAuth:171 - activating auth plugin
2024-12-04 11:41:57,332 [INFO] UserAuth:486 - Internet connection configuration mode: 1
2024-12-04 11:41:57,358 [INFO] JxBrowserEngine:152 - Initiate JxBrowser Engine with user profile folder
2024-12-04 11:41:57,850 [INFO] CheckServerUpdateThread:120 - End of CheckServer Thread
2024-12-04 11:42:00,087 [WARN] PackLoader:240 - Cannot read IP mode file for STMicroelectronics.FP-SNS-MOTENVWB1.1.4.0
2024-12-04 11:42:00,233 [WARN] PackLoader:240 - Cannot read IP mode file for STMicroelectronics.FP-ATR-ASTRA1.2.0.1
2024-12-04 11:42:00,234 [INFO] WebApp:168 - Instantiating new browser for Auth
2024-12-04 11:42:00,294 [WARN] PackLoader:240 - Cannot read IP mode file for STMicroelectronics.X-CUBE-SMBUS.2.1.0
2024-12-04 11:42:00,359 [WARN] PackLoader:240 - Cannot read IP mode file for STMicroelectronics.X-CUBE-WB05N.1.1.0
2024-12-04 11:42:00,658 [WARN] PackLoader:240 - Cannot read IP mode file for STMicroelectronics.X-CUBE-AZRTOS-F7.1.1.0
2024-12-04 11:42:00,885 [WARN] PackLoader:240 - Cannot read IP mode file for STMicroelectronics.X-CUBE-MEMS1.11.0.0
2024-12-04 11:42:01,324 [WARN] PackLoader:240 - Cannot read IP mode file for STMicroelectronics.FP-SNS-FLIGHT1.5.0.2
2024-12-04 11:42:01,498 [WARN] PackLoader:240 - Cannot read IP mode file for Infineon.AIROC-Wi-Fi-Bluetooth-STM32.1.7.0
2024-12-04 11:42:01,620 [WARN] PackLoader:240 - Cannot read IP mode file for STMicroelectronics.X-CUBE-DISPLAY.3.0.0
2024-12-04 11:42:01,694 [WARN] PackLoader:240 - Cannot read IP mode file for STMicroelectronics.X-CUBE-BLE1.7.0.0
2024-12-04 11:42:01,868 [WARN] PackLoader:240 - Cannot read IP mode file for STMicroelectronics.X-CUBE-NFC10.1.0.0
2024-12-04 11:42:01,939 [WARN] PackLoader:240 - Cannot read IP mode file for emotas.I-CUBE-CANOPEN.1.3.0
2024-12-04 11:42:02,020 [WARN] PackLoader:240 - Cannot read IP mode file for STMicroelectronics.X-CUBE-BLEMGR.3.1.0
2024-12-04 11:42:02,058 [WARN] PackLoader:240 - Cannot read IP mode file for STMicroelectronics.FP-SNS-SMARTAG2.1.2.0
2024-12-04 11:42:02,179 [INFO] LogOutputStream:77 - [STDOUT_REDIRECT] 1 : Invalid condition id : UX_CORESTACK_Condition cause : null
2024-12-04 11:42:02,185 [INFO] LogOutputStream:77 - [STDOUT_REDIRECT] 1 : Invalid condition id : UX_CORESTACK_Condition cause : null
2024-12-04 11:42:02,187 [INFO] LogOutputStream:77 - [STDOUT_REDIRECT] 1 : Invalid condition id : UX_CORESTACK_Condition cause : null
2024-12-04 11:42:02,194 [INFO] LogOutputStream:77 - [STDOUT_REDIRECT] 1 : Invalid condition id : UX_CORESTACK_Condition cause : null
2024-12-04 11:42:02,195 [INFO] LogOutputStream:77 - [STDOUT_REDIRECT] 1 : Invalid condition id : UX_CORESTACK_Condition cause : null
2024-12-04 11:42:02,233 [WARN] PackLoader:240 - Cannot read IP mode file for STMicroelectronics.X-CUBE-AZRTOS-WL.2.0.0
2024-12-04 11:42:02,261 [WARN] PackLoader:240 - Cannot read IP mode file for STMicroelectronics.FP-SNS-MOTENV1.5.0.0
2024-12-04 11:42:02,290 [WARN] PackLoader:240 - Cannot read IP mode file for wolfSSL.I-CUBE-wolfMQTT.1.19.0
2024-12-04 11:42:02,312 [WARN] PackLoader:240 - Cannot read IP mode file for STMicroelectronics.X-CUBE-BLE2.3.3.0
2024-12-04 11:42:02,328 [WARN] PackLoader:240 - Cannot read IP mode file for STMicroelectronics.X-CUBE-NFC9.1.0.0
2024-12-04 11:42:02,360 [WARN] PackLoader:240 - Cannot read IP mode file for STMicroelectronics.X-CUBE-TCPP.4.1.0
2024-12-04 11:42:02,413 [WARN] PackLoader:240 - Cannot read IP mode file for STMicroelectronics.X-CUBE-AZRTOS-G0.1.1.0
2024-12-04 11:42:02,435 [WARN] PackLoader:240 - Cannot read IP mode file for STMicroelectronics.X-CUBE-SAFEA1.1.2.2
2024-12-04 11:42:02,444 [WARN] PackLoader:240 - Cannot read IP mode file for STMicroelectronics.X-CUBE-NFC4.3.0.0
2024-12-04 11:42:02,472 [WARN] PackLoader:240 - Cannot read IP mode file for EmbeddedOffice.I-CUBE-FS-RTOS.1.0.1
2024-12-04 11:42:02,487 [WARN] PackLoader:240 - Cannot read IP mode file for RealThread.X-CUBE-RT-Thread_Nano.4.1.1
2024-12-04 11:42:02,509 [WARN] PackLoader:240 - Cannot read IP mode file for STMicroelectronics.FP-ATR-SIGFOX1.3.2.0
2024-12-04 11:42:02,528 [WARN] ConditionMgr:438 - getConditionDescription Invalid condition id : Cortex-A Device cause : null
2024-12-04 11:42:02,690 [WARN] ConditionMgr:1044 - genDependencies : Invalid condition id : Cortex-A Device cause : null
2024-12-04 11:42:02,691 [WARN] ConditionMgr:1044 - genDependencies : Invalid condition id : Cortex-A Device cause : null
2024-12-04 11:42:02,691 [WARN] ConditionMgr:1044 - genDependencies : Invalid condition id : Cortex-A Device cause : null
2024-12-04 11:42:02,708 [WARN] PackLoader:240 - Cannot read IP mode file for STMicroelectronics.X-CUBE-EEPRMA1.5.1.0
2024-12-04 11:42:02,743 [WARN] PackLoader:240 - Cannot read IP mode file for wolfSSL.I-CUBE-wolfSSL.5.7.4
2024-12-04 11:42:02,774 [WARN] PackLoader:240 - Cannot read IP mode file for ITTIA_DB.I-CUBE-ITTIADB.8.9.0
2024-12-04 11:42:02,936 [WARN] PackLoader:240 - Cannot read IP mode file for SEGGER.I-CUBE-embOS.1.3.1
2024-12-04 11:42:03,028 [WARN] PackLoader:240 - Cannot read IP mode file for STMicroelectronics.X-CUBE-ALGOBUILD.1.4.0
2024-12-04 11:42:03,034 [WARN] PackLoader:240 - Cannot read IP mode file for STMicroelectronics.X-CUBE-AI.9.1.0
2024-12-04 11:42:03,068 [WARN] PackLoader:240 - Cannot read IP mode file for STMicroelectronics.X-CUBE-AZRTOS-F4.1.1.0
2024-12-04 11:42:03,080 [WARN] PackLoader:240 - Cannot read IP mode file for STMicroelectronics.X-CUBE-ISPU.2.1.0
2024-12-04 11:42:03,089 [WARN] PackLoader:240 - Cannot read IP mode file for STMicroelectronics.X-CUBE-FREERTOS.1.2.0
2024-12-04 11:42:03,123 [WARN] PackLoader:240 - Cannot read IP mode file for STMicroelectronics.X-CUBE-AZRTOS-L5.2.0.0
2024-12-04 11:42:03,140 [WARN] PackLoader:240 - Cannot read IP mode file for STMicroelectronics.X-CUBE-NFC6.3.1.0
2024-12-04 11:42:03,152 [WARN] PackLoader:240 - Cannot read IP mode file for STMicroelectronics.X-CUBE-DPower.1.2.0
2024-12-04 11:42:03,170 [WARN] PackLoader:240 - Cannot read IP mode file for STMicroelectronics.X-CUBE-NFC7.1.0.1
2024-12-04 11:42:03,250 [WARN] ConditionMgr:438 - getConditionDescription Invalid condition id : LAN8742 Phy interface Condition cause : null
2024-12-04 11:42:03,252 [WARN] PackLoader:240 - Cannot read IP mode file for STMicroelectronics.X-CUBE-AZRTOS-L4.2.0.0
2024-12-04 11:42:03,261 [WARN] ConditionMgr:1044 - genDependencies : Invalid condition id : LAN8742 Phy interface Condition cause : null
2024-12-04 11:42:03,265 [WARN] ConditionMgr:1044 - genDependencies : Invalid condition id : LAN8742 Phy interface Condition cause : null
2024-12-04 11:42:03,266 [WARN] ConditionMgr:1044 - genDependencies : Invalid condition id : LAN8742 Phy interface Condition cause : null
2024-12-04 11:42:03,291 [WARN] PackLoader:240 - Cannot read IP mode file for STMicroelectronics.X-CUBE-SFXS2LP1.4.0.0
2024-12-04 11:42:03,590 [WARN] PackLoader:240 - Cannot read IP mode file for STMicroelectronics.X-CUBE-AZRTOS-H7.3.3.0
2024-12-04 11:42:03,667 [WARN] PackLoader:240 - Cannot read IP mode file for STMicroelectronics.X-CUBE-IPS.3.0.0
2024-12-04 11:42:03,765 [WARN] ConditionMgr:438 - getConditionDescription Invalid condition id : UX DEVICE CLASS RTOS Condition cause : null
2024-12-04 11:42:03,767 [WARN] ConditionMgr:438 - getConditionDescription Invalid condition id : UX DEVICE CLASS RTOS Condition cause : null
2024-12-04 11:42:03,772 [WARN] PackLoader:240 - Cannot read IP mode file for STMicroelectronics.X-CUBE-AZRTOS-WB.2.0.0
2024-12-04 11:42:03,776 [WARN] ConditionMgr:1044 - genDependencies : Invalid condition id : UX DEVICE CLASS RTOS Condition cause : null
2024-12-04 11:42:03,779 [WARN] ConditionMgr:1044 - genDependencies : Invalid condition id : UX DEVICE CLASS RTOS Condition cause : null
2024-12-04 11:42:03,780 [WARN] ConditionMgr:1044 - genDependencies : Invalid condition id : UX DEVICE CLASS RTOS Condition cause : null
2024-12-04 11:42:03,781 [WARN] ConditionMgr:1044 - genDependencies : Invalid condition id : UX DEVICE CLASS RTOS Condition cause : null
2024-12-04 11:42:03,781 [WARN] ConditionMgr:1044 - genDependencies : Invalid condition id : UX DEVICE CLASS RTOS Condition cause : null
2024-12-04 11:42:03,803 [WARN] PackLoader:240 - Cannot read IP mode file for STMicroelectronics.X-CUBE-GNSS1.7.0.0
2024-12-04 11:42:03,822 [WARN] PackLoader:240 - Cannot read IP mode file for STMicroelectronics.FP-SNS-STBOX1.2.0.0
2024-12-04 11:42:03,867 [WARN] PackLoader:240 - Cannot read IP mode file for STMicroelectronics.X-CUBE-SUBG2.5.0.0
2024-12-04 11:42:03,908 [WARN] PackLoader:240 - Cannot read IP mode file for Cesanta.I-CUBE-Mongoose.7.13.0
2024-12-04 11:42:03,984 [WARN] PackLoader:240 - Cannot read IP mode file for STMicroelectronics.X-CUBE-AZRTOS-G4.2.0.0
2024-12-04 11:42:03,998 [WARN] PackLoader:240 - Cannot read IP mode file for STMicroelectronics.X-CUBE-ALS.1.0.2
2024-12-04 11:42:04,025 [WARN] PackLoader:240 - Cannot read IP mode file for STMicroelectronics.X-CUBE-TOUCHGFX.4.24.1
2024-12-04 11:42:04,039 [WARN] PackLoader:240 - Cannot read IP mode file for wolfSSL.I-CUBE-wolfTPM.3.4.0
2024-12-04 11:42:04,048 [WARN] PackLoader:240 - Cannot read IP mode file for portGmbH.I-Cube-SoM-uGOAL.1.1.0
2024-12-04 11:42:04,088 [WARN] PackLoader:240 - Cannot read IP mode file for STMicroelectronics.X-CUBE-AZRTOS-H7RS.1.0.0
2024-12-04 11:42:04,153 [WARN] PackLoader:240 - Cannot read IP mode file for STMicroelectronics.X-CUBE-TOF1.3.4.2
2024-12-04 11:42:04,193 [WARN] PackLoader:240 - Cannot read IP mode file for wolfSSL.I-CUBE-wolfSSH.1.4.17
2024-12-04 11:42:04,195 [INFO] ThirdParty:978 - Integrity check success = true
2024-12-04 11:42:04,195 [INFO] IntegrityCheckThread:100 - exiting critical section [integrity check]
2024-12-04 11:42:04,196 [INFO] IntegrityCheckThread:103 - End integrity checks thread
2024-12-04 11:42:04,550 [INFO] WebApp:449 - Apply proxy settings
2024-12-04 11:42:04,552 [INFO] WebApp:534 - Chromium requires no authentication
2024-12-04 11:42:04,601 [INFO] WebApp:477 - Direct internet connection detected
2024-12-04 11:42:04,776 [INFO] WebApp:880 - Register for checkConnection events
2024-12-04 11:42:04,777 [INFO] WebApp:449 - Apply proxy settings
2024-12-04 11:42:04,778 [INFO] WebApp:534 - Chromium requires no authentication
2024-12-04 11:42:04,785 [INFO] WebApp:477 - Direct internet connection detected
2024-12-04 11:42:05,515 [INFO] WebApp:221 - Starting web application
2024-12-04 11:42:05,516 [INFO] WebApp:579 - Web application path used /opt/st/stm32cubeide_1.17.0_2/plugins/com.st.stm32cube.common.mx_6.13.0.202411220809/db/plugins/mcufinder/reactClient1/index.html
2024-12-04 11:42:06,904 [INFO] WebApp:187 - Connection restablished
2024-12-04 11:59:16,243 [ERROR] LogOutputStream:75 - [STDERR_REDIRECT] 
