2024-12-02 07:06:49,042 [INFO] Activator:176 - 


2024-12-02 07:06:49,046 [INFO] Activator:177 - !SESSION log4j initialized
2024-12-02 07:07:07,432 [INFO] LogOutputStream:77 - [STDOUT_REDIRECT] 
2024-12-02 07:07:17,380 [INFO] ApplicationProperties:184 - Using Application install path: /opt/st/stm32cubeide_1.17.0/plugins/com.st.stm32cube.common.mx_6.13.0.202411220809
2024-12-02 07:07:17,538 [INFO] DbMcusXml:78 - Set database path to: /opt/st/stm32cubeide_1.17.0/plugins/com.st.stm32cube.common.mx_6.13.0.202411220809//db//mcu/
2024-12-02 07:07:17,539 [INFO] ApiDb:274 - Set plugin database path to: /opt/st/stm32cubeide_1.17.0/plugins/com.st.stm32cube.common.mx_6.13.0.202411220809//db//plugins/boardmanager/
2024-12-02 07:07:17,540 [WARN] ApiDb:259 - Overriding images path with different value:  => /opt/st/stm32cubeide_1.17.0/plugins/com.st.stm32cube.common.mx_6.13.0.202411220809//db//plugins/mcufinder/images/
2024-12-02 07:07:17,667 [INFO] ApiDb:250 - Set database path to: /home/desarrollo02/.stmcufinder/plugins/mcufinder//mcu/
2024-12-02 07:07:17,670 [INFO] DbMcusAds:125 - Set database path to: /home/desarrollo02/.stmcufinder/plugins/mcufinder//mcu/
2024-12-02 07:07:17,678 [INFO] CrossReferenceDbSqlite:203 - Set database path to: /home/desarrollo02/.stmcufinder/plugins/mcufinder//mcu/cs/
2024-12-02 07:07:18,801 [INFO] RulesReader:64 - Compatibility file has been processed (297 Rules)
2024-12-02 07:07:19,536 [INFO] DbMcusXml:78 - Set database path to: /opt/st/stm32cubeide_1.17.0/plugins/com.st.stm32cube.common.mx_6.13.0.202411220809//db//mcu/
2024-12-02 07:07:19,536 [INFO] ApiDb:274 - Set plugin database path to: /opt/st/stm32cubeide_1.17.0/plugins/com.st.stm32cube.common.mx_6.13.0.202411220809//db//plugins/boardmanager/
2024-12-02 07:07:19,537 [INFO] ApiDb:261 - Set plugin images path to: /opt/st/stm32cubeide_1.17.0/plugins/com.st.stm32cube.common.mx_6.13.0.202411220809//db//plugins/mcufinder/images/
2024-12-02 07:07:19,537 [WARN] DbFile:41 - Overriding database path with different value: /home/desarrollo02/.stmcufinder/plugins/mcufinder/ => /home/desarrollo02/.stmcufinder/plugins/mcufinder
2024-12-02 07:07:19,538 [INFO] ApiDb:250 - Set database path to: /home/desarrollo02/.stmcufinder/plugins/mcufinder//mcu/
2024-12-02 07:07:19,538 [WARN] DbFile:41 - Overriding database path with different value: /home/desarrollo02/.stmcufinder/plugins/mcufinder/ => /home/desarrollo02/.stmcufinder/plugins/mcufinder
2024-12-02 07:07:19,538 [INFO] DbMcusAds:125 - Set database path to: /home/desarrollo02/.stmcufinder/plugins/mcufinder//mcu/
2024-12-02 07:07:19,539 [WARN] DbFile:41 - Overriding database path with different value: /home/desarrollo02/.stmcufinder/plugins/mcufinder/ => /home/desarrollo02/.stmcufinder/plugins/mcufinder
2024-12-02 07:07:19,539 [WARN] DbFile:41 - Overriding database path with different value: /home/desarrollo02/.stmcufinder/plugins/mcufinder/ => /home/desarrollo02/.stmcufinder/plugins/mcufinder
2024-12-02 07:07:19,782 [INFO] CrossReferenceDbSqlite:203 - Set database path to: /home/desarrollo02/.stmcufinder/plugins/mcufinder//mcu/cs/
2024-12-02 07:07:20,822 [INFO] MainPanel:272 - HeapMemory: 300941312
2024-12-02 07:07:22,992 [INFO] DbMcusXml:78 - Set database path to: /opt/st/stm32cubeide_1.17.0/plugins/com.st.stm32cube.common.mx_6.13.0.202411220809//db//mcu/
2024-12-02 07:07:22,992 [INFO] ApiDb:274 - Set plugin database path to: /opt/st/stm32cubeide_1.17.0/plugins/com.st.stm32cube.common.mx_6.13.0.202411220809//db//plugins/boardmanager/
2024-12-02 07:07:22,993 [INFO] ApiDb:261 - Set plugin images path to: /opt/st/stm32cubeide_1.17.0/plugins/com.st.stm32cube.common.mx_6.13.0.202411220809//db//plugins/mcufinder/images/
2024-12-02 07:07:22,994 [WARN] DbFile:41 - Overriding database path with different value: /home/desarrollo02/.stmcufinder/plugins/mcufinder/ => /home/desarrollo02/.stmcufinder/plugins/mcufinder
2024-12-02 07:07:22,995 [INFO] ApiDb:250 - Set database path to: /home/desarrollo02/.stmcufinder/plugins/mcufinder//mcu/
2024-12-02 07:07:22,995 [WARN] DbFile:41 - Overriding database path with different value: /home/desarrollo02/.stmcufinder/plugins/mcufinder/ => /home/desarrollo02/.stmcufinder/plugins/mcufinder
2024-12-02 07:07:22,995 [INFO] DbMcusAds:125 - Set database path to: /home/desarrollo02/.stmcufinder/plugins/mcufinder//mcu/
2024-12-02 07:07:22,996 [WARN] DbFile:41 - Overriding database path with different value: /home/desarrollo02/.stmcufinder/plugins/mcufinder/ => /home/desarrollo02/.stmcufinder/plugins/mcufinder
2024-12-02 07:07:22,996 [WARN] DbFile:41 - Overriding database path with different value: /home/desarrollo02/.stmcufinder/plugins/mcufinder/ => /home/desarrollo02/.stmcufinder/plugins/mcufinder
2024-12-02 07:07:22,996 [INFO] CrossReferenceDbSqlite:203 - Set database path to: /home/desarrollo02/.stmcufinder/plugins/mcufinder//mcu/cs/
2024-12-02 07:07:23,181 [INFO] ApplicationProperties:184 - Using Application install path: /opt/st/stm32cubeide_1.17.0/plugins/com.st.stm32cube.common.mx_6.13.0.202411220809
2024-12-02 07:07:23,184 [INFO] PluginManage:196 - Search for loadable plugins [exclusion list=, ]
2024-12-02 07:07:23,186 [INFO] PluginManage:310 - Check plugin analytics
2024-12-02 07:07:25,770 [INFO] AnalyticsPlugin:253 - Accepted Software Licenses: 
2024-12-02 07:07:25,770 [INFO] AnalyticsPlugin:255 - Accepted CMSIS Pack Licenses: 
2024-12-02 07:07:25,771 [INFO] AnalyticsPlugin:257 - Accepted Firmware Licenses: 
2024-12-02 07:07:25,839 [INFO] PluginManage:359 - Loaded plugin analytics (category:tool,tabindex:-1)
2024-12-02 07:07:25,840 [INFO] PluginManage:310 - Check plugin cadmodel
2024-12-02 07:07:26,053 [INFO] CADModel:105 - Init CAD model plugin
2024-12-02 07:07:26,055 [INFO] PluginManage:359 - Loaded plugin cadmodel (category:power,tabindex:5)
2024-12-02 07:07:26,056 [INFO] PluginManage:310 - Check plugin clock
2024-12-02 07:07:26,267 [INFO] PluginManage:359 - Loaded plugin clock (category:base,tabindex:2)
2024-12-02 07:07:26,269 [INFO] PluginManage:310 - Check plugin ddr
2024-12-02 07:07:26,276 [INFO] PluginManage:359 - Loaded plugin ddr (category:tool,tabindex:6)
2024-12-02 07:07:26,276 [INFO] PluginManage:310 - Check plugin filemanager
2024-12-02 07:07:27,347 [INFO] PluginManage:359 - Loaded plugin filemanager (category:base,tabindex:10)
2024-12-02 07:07:27,348 [INFO] PluginManage:310 - Check plugin ipmanager
2024-12-02 07:07:27,362 [INFO] PluginManage:359 - Loaded plugin ipmanager (category:base,tabindex:5)
2024-12-02 07:07:27,362 [INFO] PluginManage:310 - Check plugin lpbam
2024-12-02 07:07:27,388 [INFO] PluginManage:359 - Loaded plugin lpbam (category:base,tabindex:0)
2024-12-02 07:07:27,388 [INFO] PluginManage:310 - Check plugin memorymap
2024-12-02 07:07:27,415 [INFO] PluginManage:359 - Loaded plugin memorymap (category:base,tabindex:4)
2024-12-02 07:07:27,415 [INFO] PluginManage:310 - Check plugin pinoutandconfiguration
2024-12-02 07:07:27,438 [INFO] PluginManage:359 - Loaded plugin pinoutandconfiguration (category:base,tabindex:1)
2024-12-02 07:07:27,444 [INFO] PluginManage:310 - Check plugin pinoutconfig
2024-12-02 07:07:27,644 [WARN] SupportedApi:132 - Cannot load RTOS API schema: s4s-elt-must-match.1: The content of 'definitions' must match (annotation?, (simpleType | complexType)?, (unique | key | keyref)*)). A problem was found starting at: attribute.
2024-12-02 07:07:27,948 [INFO] PluginManage:359 - Loaded plugin pinoutconfig (category:base,tabindex:0)
2024-12-02 07:07:27,949 [INFO] PluginManage:310 - Check plugin power
2024-12-02 07:07:27,965 [INFO] PluginManage:359 - Loaded plugin power (category:power,tabindex:4)
2024-12-02 07:07:27,965 [INFO] PluginManage:310 - Check plugin projectmanager
2024-12-02 07:07:28,015 [INFO] PluginManage:359 - Loaded plugin projectmanager (category:projectmanager,tabindex:4)
2024-12-02 07:07:28,017 [INFO] PluginManage:310 - Check plugin rif
2024-12-02 07:07:28,027 [INFO] PluginManage:359 - Loaded plugin rif (category:base,tabindex:3)
2024-12-02 07:07:28,027 [INFO] PluginManage:310 - Check plugin thirdparty
2024-12-02 07:07:28,475 [WARN] IntegrityCheckThread:84 - waiting for thirdparty lock release [integrity check]
2024-12-02 07:07:28,476 [INFO] IntegrityCheckThread:86 - entering critical section [integrity check]
2024-12-02 07:07:28,477 [INFO] ThirdPartyUpdaterWithRetryManager:70 - Updater plugin not ready yet. [1/15]
2024-12-02 07:07:28,479 [INFO] PluginManage:359 - Loaded plugin thirdparty (category:base,tabindex:-1)
2024-12-02 07:07:28,479 [INFO] PluginManage:310 - Check plugin tools
2024-12-02 07:07:28,489 [INFO] PluginManage:359 - Loaded plugin tools (category:base,tabindex:7)
2024-12-02 07:07:28,497 [INFO] PluginManage:310 - Check plugin tutovideos
2024-12-02 07:07:28,994 [INFO] PluginManage:359 - Loaded plugin tutovideos (category:base,tabindex:-1)
2024-12-02 07:07:28,995 [INFO] PluginManage:310 - Check plugin updater
2024-12-02 07:07:29,068 [INFO] PluginManage:359 - Loaded plugin updater (category:base,tabindex:12)
2024-12-02 07:07:29,069 [INFO] PluginManage:310 - Check plugin userauth
2024-12-02 07:07:29,076 [INFO] UserAuth:118 - Init User Auth plugin
2024-12-02 07:07:29,078 [INFO] PluginManage:359 - Loaded plugin userauth (category:base,tabindex:14)
2024-12-02 07:07:29,080 [INFO] PluginManage:283 - PluginManage : Loaded plugins [18]
2024-12-02 07:07:29,574 [INFO] PinOutPanel:1589 - setPackage(No Configuration,No Configuration)
2024-12-02 07:07:30,087 [INFO] CADModel:165 - CPN selected for project level
2024-12-02 07:07:30,088 [INFO] CADModel:114 - Register for checkConnection events
2024-12-02 07:07:30,161 [INFO] IPUIPlugin:80 - create IPUIPlugin
2024-12-02 07:07:30,162 [INFO] PluginManager:220 - loadIPPluginJar : add usbx
2024-12-02 07:07:30,166 [INFO] IPUIPlugin:80 - create IPUIPlugin
2024-12-02 07:07:30,167 [INFO] PluginManager:220 - loadIPPluginJar : add tsc
2024-12-02 07:07:30,189 [INFO] IPUIPlugin:80 - create IPUIPlugin
2024-12-02 07:07:30,189 [INFO] PluginManager:220 - loadIPPluginJar : add i2c
2024-12-02 07:07:30,219 [INFO] IPUIPlugin:80 - create IPUIPlugin
2024-12-02 07:07:30,230 [INFO] PluginManager:220 - loadIPPluginJar : add plateformsettings
2024-12-02 07:07:30,244 [INFO] IPUIPlugin:80 - create IPUIPlugin
2024-12-02 07:07:30,246 [INFO] PluginManager:220 - loadIPPluginJar : add dma3
2024-12-02 07:07:30,253 [INFO] IPUIPlugin:80 - create IPUIPlugin
2024-12-02 07:07:30,253 [INFO] PluginManager:220 - loadIPPluginJar : add openamp
2024-12-02 07:07:30,283 [INFO] IPUIPlugin:80 - create IPUIPlugin
2024-12-02 07:07:30,283 [INFO] PluginManager:220 - loadIPPluginJar : add ddr_ctrl_phy
2024-12-02 07:07:30,297 [INFO] IPUIPlugin:80 - create IPUIPlugin
2024-12-02 07:07:30,298 [INFO] PluginManager:220 - loadIPPluginJar : add aes
2024-12-02 07:07:30,317 [INFO] IPUIPlugin:80 - create IPUIPlugin
2024-12-02 07:07:30,317 [INFO] PluginManager:220 - loadIPPluginJar : add nvic
2024-12-02 07:07:30,326 [INFO] IPUIPlugin:80 - create IPUIPlugin
2024-12-02 07:07:30,327 [INFO] PluginManager:220 - loadIPPluginJar : add opamp
2024-12-02 07:07:30,349 [INFO] IPUIPlugin:80 - create IPUIPlugin
2024-12-02 07:07:30,349 [INFO] PluginManager:220 - loadIPPluginJar : add freertos
2024-12-02 07:07:30,365 [INFO] IPUIPlugin:80 - create IPUIPlugin
2024-12-02 07:07:30,366 [INFO] PluginManager:220 - loadIPPluginJar : add gpio
2024-12-02 07:07:30,371 [INFO] IPUIPlugin:80 - create IPUIPlugin
2024-12-02 07:07:30,371 [INFO] PluginManager:220 - loadIPPluginJar : add ts
2024-12-02 07:07:30,374 [INFO] IPUIPlugin:80 - create IPUIPlugin
2024-12-02 07:07:30,375 [INFO] PluginManager:220 - loadIPPluginJar : add comp
2024-12-02 07:07:30,383 [INFO] IPUIPlugin:80 - create IPUIPlugin
2024-12-02 07:07:30,384 [INFO] PluginManager:220 - loadIPPluginJar : add dfsdm
2024-12-02 07:07:30,389 [INFO] IPUIPlugin:80 - create IPUIPlugin
2024-12-02 07:07:30,389 [INFO] PluginManager:220 - loadIPPluginJar : add fatfs
2024-12-02 07:07:30,402 [INFO] IPUIPlugin:80 - create IPUIPlugin
2024-12-02 07:07:30,403 [INFO] PluginManager:220 - loadIPPluginJar : add fmc
2024-12-02 07:07:30,415 [INFO] IPUIPlugin:80 - create IPUIPlugin
2024-12-02 07:07:30,415 [INFO] PluginManager:220 - loadIPPluginJar : add ipddr
2024-12-02 07:07:30,419 [INFO] IPUIPlugin:80 - create IPUIPlugin
2024-12-02 07:07:30,420 [INFO] PluginManager:220 - loadIPPluginJar : add tracer_emb
2024-12-02 07:07:30,422 [INFO] IPUIPlugin:80 - create IPUIPlugin
2024-12-02 07:07:30,423 [INFO] PluginManager:220 - loadIPPluginJar : add genericplugin
2024-12-02 07:07:30,454 [INFO] IPUIPlugin:80 - create IPUIPlugin
2024-12-02 07:07:30,455 [INFO] PluginManager:220 - loadIPPluginJar : add mdma
2024-12-02 07:07:30,458 [INFO] IPUIPlugin:80 - create IPUIPlugin
2024-12-02 07:07:30,460 [INFO] PluginManager:220 - loadIPPluginJar : add radio
2024-12-02 07:07:30,464 [INFO] IPUIPlugin:80 - create IPUIPlugin
2024-12-02 07:07:30,464 [INFO] PluginManager:220 - loadIPPluginJar : add ltdc
2024-12-02 07:07:30,469 [INFO] IPUIPlugin:80 - create IPUIPlugin
2024-12-02 07:07:30,469 [INFO] PluginManager:220 - loadIPPluginJar : add spi
2024-12-02 07:07:30,474 [INFO] IPUIPlugin:80 - create IPUIPlugin
2024-12-02 07:07:30,475 [INFO] PluginManager:220 - loadIPPluginJar : add lorawan
2024-12-02 07:07:30,478 [INFO] IPUIPlugin:80 - create IPUIPlugin
2024-12-02 07:07:30,479 [INFO] PluginManager:220 - loadIPPluginJar : add can
2024-12-02 07:07:30,485 [INFO] IPUIPlugin:80 - create IPUIPlugin
2024-12-02 07:07:30,485 [INFO] PluginManager:220 - loadIPPluginJar : add touchsensing
2024-12-02 07:07:30,488 [INFO] IPUIPlugin:80 - create IPUIPlugin
2024-12-02 07:07:30,488 [INFO] PluginManager:220 - loadIPPluginJar : add tim
2024-12-02 07:07:30,492 [INFO] IPUIPlugin:80 - create IPUIPlugin
2024-12-02 07:07:30,493 [INFO] PluginManager:220 - loadIPPluginJar : add i2s
2024-12-02 07:07:30,513 [INFO] IPUIPlugin:80 - create IPUIPlugin
2024-12-02 07:07:30,514 [INFO] PluginManager:220 - loadIPPluginJar : add dma
2024-12-02 07:07:30,518 [INFO] IPUIPlugin:80 - create IPUIPlugin
2024-12-02 07:07:30,518 [INFO] PluginManager:220 - loadIPPluginJar : add cryp
2024-12-02 07:07:30,521 [INFO] IPUIPlugin:80 - create IPUIPlugin
2024-12-02 07:07:30,521 [INFO] PluginManager:220 - loadIPPluginJar : add ucpd
2024-12-02 07:07:30,526 [INFO] IPUIPlugin:80 - create IPUIPlugin
2024-12-02 07:07:30,526 [INFO] PluginManager:220 - loadIPPluginJar : add i3c
2024-12-02 07:07:30,531 [INFO] IPUIPlugin:80 - create IPUIPlugin
2024-12-02 07:07:30,531 [INFO] PluginManager:220 - loadIPPluginJar : add pdm2pcm
2024-12-02 07:07:30,548 [INFO] IPUIPlugin:80 - create IPUIPlugin
2024-12-02 07:07:30,548 [INFO] PluginManager:220 - loadIPPluginJar : add linkedlist
2024-12-02 07:07:30,558 [INFO] IPUIPlugin:80 - create IPUIPlugin
2024-12-02 07:07:30,558 [INFO] PluginManager:220 - loadIPPluginJar : add stm32_wpan
2024-12-02 07:07:30,562 [INFO] IPUIPlugin:80 - create IPUIPlugin
2024-12-02 07:07:30,563 [INFO] PluginManager:220 - loadIPPluginJar : add extmemmanager
2024-12-02 07:07:30,567 [INFO] IPUIPlugin:80 - create IPUIPlugin
2024-12-02 07:07:30,568 [INFO] PluginManager:220 - loadIPPluginJar : add usart
2024-12-02 07:07:30,572 [INFO] IPUIPlugin:80 - create IPUIPlugin
2024-12-02 07:07:30,573 [INFO] PluginManager:220 - loadIPPluginJar : add gtzc
2024-12-02 07:07:30,576 [INFO] IPUIPlugin:80 - create IPUIPlugin
2024-12-02 07:07:30,576 [INFO] PluginManager:220 - loadIPPluginJar : add hash
2024-12-02 07:07:30,580 [INFO] IPUIPlugin:80 - create IPUIPlugin
2024-12-02 07:07:30,581 [INFO] PluginManager:220 - loadIPPluginJar : add sai
2024-12-02 07:07:30,585 [INFO] IPUIPlugin:80 - create IPUIPlugin
2024-12-02 07:07:30,585 [INFO] PluginManager:220 - loadIPPluginJar : add gfxmmu
2024-12-02 07:07:30,588 [INFO] IPUIPlugin:80 - create IPUIPlugin
2024-12-02 07:07:30,588 [INFO] PluginManager:220 - loadIPPluginJar : add quadspi
2024-12-02 07:07:30,598 [INFO] IPUIPlugin:80 - create IPUIPlugin
2024-12-02 07:07:30,598 [INFO] PluginManager:220 - loadIPPluginJar : add adc
2024-12-02 07:07:30,620 [INFO] IPUIPlugin:80 - create IPUIPlugin
2024-12-02 07:07:30,620 [INFO] PluginManager:220 - loadIPPluginJar : add resmgrutility
2024-12-02 07:07:30,627 [INFO] IPUIPlugin:80 - create IPUIPlugin
2024-12-02 07:07:30,627 [INFO] PluginManager:220 - loadIPPluginJar : add gic
2024-12-02 07:07:30,790 [FATAL] Updater:351 - Updater called before beeing initialized
2024-12-02 07:07:30,887 [INFO] RulesReader:64 - Compatibility file has been processed (297 Rules)
2024-12-02 07:07:30,918 [INFO] RulesReader:64 - Compatibility file has been processed (297 Rules)
2024-12-02 07:07:30,957 [INFO] CADModel:165 - CPN selected for project level
2024-12-02 07:07:30,957 [INFO] CADModel:114 - Register for checkConnection events
2024-12-02 07:07:30,957 [FATAL] Updater:351 - Updater called before beeing initialized
2024-12-02 07:07:30,958 [ERROR] CADModel:125 - Updater not yet initialized, retry later 
2024-12-02 07:07:31,481 [INFO] ThirdPartyUpdaterWithRetryManager:70 - Updater plugin not ready yet. [2/15]
2024-12-02 07:07:32,011 [FATAL] Updater:351 - Updater called before beeing initialized
2024-12-02 07:07:32,018 [INFO] CADModel:165 - CPN selected for project level
2024-12-02 07:07:32,018 [INFO] CADModel:114 - Register for checkConnection events
2024-12-02 07:07:32,018 [FATAL] Updater:351 - Updater called before beeing initialized
2024-12-02 07:07:32,018 [ERROR] CADModel:125 - Updater not yet initialized, retry later 
2024-12-02 07:07:32,031 [FATAL] Updater:351 - Updater called before beeing initialized
2024-12-02 07:07:32,256 [FATAL] Updater:351 - Updater called before beeing initialized
2024-12-02 07:07:32,275 [INFO] DbMcusAds:53 - JSON generation date=Thu Sep 30 06:55:09 UTC 2021 (1632984909247)
2024-12-02 07:07:32,275 [FATAL] Updater:351 - Updater called before beeing initialized
2024-12-02 07:07:32,413 [WARN] DetailPanel:346 - Failed to get advertising image, set to default
2024-12-02 07:07:32,832 [FATAL] Updater:351 - Updater called before beeing initialized
2024-12-02 07:07:32,835 [FATAL] Updater:351 - Updater called before beeing initialized
2024-12-02 07:07:32,836 [FATAL] Updater:351 - Updater called before beeing initialized
2024-12-02 07:07:32,836 [WARN] DetailPanel:346 - Failed to get advertising image, set to default
2024-12-02 07:07:32,838 [FATAL] Updater:351 - Updater called before beeing initialized
2024-12-02 07:07:32,935 [ERROR] Updater:1198 - MainUpdater not yet initialized. External WinMGr cannot be set.
2024-12-02 07:07:32,952 [INFO] Updater:1134 - Updater Version found : 6.13.0
2024-12-02 07:07:32,987 [INFO] ApplicationProperties:184 - Using Application install path: /opt/st/stm32cubeide_1.17.0/plugins/com.st.stm32cube.common.mx_6.13.0.202411220809
2024-12-02 07:07:33,844 [INFO] MainUpdater:2872 - connection check result : 10
2024-12-02 07:07:33,845 [INFO] MainUpdater:289 - Updater Check For Update Now.
2024-12-02 07:07:33,846 [INFO] MicroXplorer:498 - Change Database Version : DB.6.0.130
2024-12-02 07:07:33,876 [INFO] McuFinderGlobals:63 - Set McuFinder mode to 2 (CubeIDE integrated)
2024-12-02 07:07:33,879 [INFO] UserAuth:171 - activating auth plugin
2024-12-02 07:07:33,889 [INFO] UserAuth:486 - Internet connection configuration mode: 1
2024-12-02 07:07:34,364 [INFO] JxBrowserEngine:152 - Initiate JxBrowser Engine with user profile folder
2024-12-02 07:07:34,409 [INFO] CheckServerUpdateThread:120 - End of CheckServer Thread
2024-12-02 07:07:36,633 [WARN] PackLoader:240 - Cannot read IP mode file for STMicroelectronics.FP-SNS-MOTENVWB1.1.4.0
2024-12-02 07:07:36,886 [WARN] PackLoader:240 - Cannot read IP mode file for STMicroelectronics.FP-ATR-ASTRA1.2.0.1
2024-12-02 07:07:37,530 [WARN] PackLoader:240 - Cannot read IP mode file for STMicroelectronics.X-CUBE-SMBUS.2.1.0
2024-12-02 07:07:37,753 [WARN] PackLoader:240 - Cannot read IP mode file for STMicroelectronics.X-CUBE-WB05N.1.1.0
2024-12-02 07:07:38,643 [WARN] PackLoader:240 - Cannot read IP mode file for STMicroelectronics.X-CUBE-AZRTOS-F7.1.1.0
2024-12-02 07:07:40,174 [WARN] PackLoader:240 - Cannot read IP mode file for STMicroelectronics.X-CUBE-MEMS1.11.0.0
2024-12-02 07:07:42,525 [WARN] PackLoader:240 - Cannot read IP mode file for STMicroelectronics.FP-SNS-FLIGHT1.5.0.2
2024-12-02 07:07:43,165 [WARN] PackLoader:240 - Cannot read IP mode file for Infineon.AIROC-Wi-Fi-Bluetooth-STM32.1.7.0
2024-12-02 07:07:43,192 [WARN] PackLoader:240 - Cannot read IP mode file for STMicroelectronics.X-CUBE-DISPLAY.3.0.0
2024-12-02 07:07:43,385 [WARN] PackLoader:240 - Cannot read IP mode file for STMicroelectronics.X-CUBE-BLE1.7.0.0
2024-12-02 07:07:43,488 [WARN] PackLoader:240 - Cannot read IP mode file for STMicroelectronics.X-CUBE-NFC10.1.0.0
2024-12-02 07:07:43,621 [WARN] PackLoader:240 - Cannot read IP mode file for emotas.I-CUBE-CANOPEN.1.3.0
2024-12-02 07:07:44,049 [WARN] PackLoader:240 - Cannot read IP mode file for STMicroelectronics.X-CUBE-BLEMGR.3.1.0
2024-12-02 07:07:44,488 [WARN] PackLoader:240 - Cannot read IP mode file for STMicroelectronics.FP-SNS-SMARTAG2.1.2.0
2024-12-02 07:07:44,628 [INFO] LogOutputStream:77 - [STDOUT_REDIRECT] 1 : Invalid condition id : UX_CORESTACK_Condition cause : null
2024-12-02 07:07:44,634 [INFO] LogOutputStream:77 - [STDOUT_REDIRECT] 1 : Invalid condition id : UX_CORESTACK_Condition cause : null
2024-12-02 07:07:44,636 [INFO] LogOutputStream:77 - [STDOUT_REDIRECT] 1 : Invalid condition id : UX_CORESTACK_Condition cause : null
2024-12-02 07:07:44,639 [INFO] LogOutputStream:77 - [STDOUT_REDIRECT] 1 : Invalid condition id : UX_CORESTACK_Condition cause : null
2024-12-02 07:07:44,640 [INFO] LogOutputStream:77 - [STDOUT_REDIRECT] 1 : Invalid condition id : UX_CORESTACK_Condition cause : null
2024-12-02 07:07:44,704 [WARN] PackLoader:240 - Cannot read IP mode file for STMicroelectronics.X-CUBE-AZRTOS-WL.2.0.0
2024-12-02 07:07:44,785 [WARN] PackLoader:240 - Cannot read IP mode file for STMicroelectronics.FP-SNS-MOTENV1.5.0.0
2024-12-02 07:07:44,874 [WARN] PackLoader:240 - Cannot read IP mode file for wolfSSL.I-CUBE-wolfMQTT.1.19.0
2024-12-02 07:07:45,006 [WARN] PackLoader:240 - Cannot read IP mode file for STMicroelectronics.X-CUBE-BLE2.3.3.0
2024-12-02 07:07:45,093 [WARN] PackLoader:240 - Cannot read IP mode file for STMicroelectronics.X-CUBE-NFC9.1.0.0
2024-12-02 07:07:45,233 [WARN] PackLoader:240 - Cannot read IP mode file for STMicroelectronics.X-CUBE-TCPP.4.1.0
2024-12-02 07:07:45,457 [WARN] PackLoader:240 - Cannot read IP mode file for STMicroelectronics.X-CUBE-AZRTOS-G0.1.1.0
2024-12-02 07:07:45,613 [WARN] PackLoader:240 - Cannot read IP mode file for STMicroelectronics.X-CUBE-SAFEA1.1.2.2
2024-12-02 07:07:45,736 [WARN] PackLoader:240 - Cannot read IP mode file for STMicroelectronics.X-CUBE-NFC4.3.0.0
2024-12-02 07:07:45,923 [WARN] PackLoader:240 - Cannot read IP mode file for EmbeddedOffice.I-CUBE-FS-RTOS.1.0.1
2024-12-02 07:07:45,993 [WARN] PackLoader:240 - Cannot read IP mode file for RealThread.X-CUBE-RT-Thread_Nano.4.1.1
2024-12-02 07:07:46,118 [WARN] PackLoader:240 - Cannot read IP mode file for STMicroelectronics.FP-ATR-SIGFOX1.3.2.0
2024-12-02 07:07:46,138 [WARN] ConditionMgr:438 - getConditionDescription Invalid condition id : Cortex-A Device cause : null
2024-12-02 07:07:46,285 [WARN] ConditionMgr:1044 - genDependencies : Invalid condition id : Cortex-A Device cause : null
2024-12-02 07:07:46,286 [WARN] ConditionMgr:1044 - genDependencies : Invalid condition id : Cortex-A Device cause : null
2024-12-02 07:07:46,286 [WARN] ConditionMgr:1044 - genDependencies : Invalid condition id : Cortex-A Device cause : null
2024-12-02 07:07:46,363 [WARN] PackLoader:240 - Cannot read IP mode file for STMicroelectronics.X-CUBE-EEPRMA1.5.1.0
2024-12-02 07:07:46,459 [WARN] PackLoader:240 - Cannot read IP mode file for wolfSSL.I-CUBE-wolfSSL.5.7.4
2024-12-02 07:07:46,649 [WARN] PackLoader:240 - Cannot read IP mode file for ITTIA_DB.I-CUBE-ITTIADB.8.9.0
2024-12-02 07:07:46,994 [WARN] PackLoader:240 - Cannot read IP mode file for SEGGER.I-CUBE-embOS.1.3.1
2024-12-02 07:07:47,331 [WARN] PackLoader:240 - Cannot read IP mode file for STMicroelectronics.X-CUBE-ALGOBUILD.1.4.0
2024-12-02 07:07:47,398 [WARN] PackLoader:240 - Cannot read IP mode file for STMicroelectronics.X-CUBE-AI.9.1.0
2024-12-02 07:07:47,523 [WARN] PackLoader:240 - Cannot read IP mode file for STMicroelectronics.X-CUBE-AZRTOS-F4.1.1.0
2024-12-02 07:07:47,649 [WARN] PackLoader:240 - Cannot read IP mode file for STMicroelectronics.X-CUBE-ISPU.2.1.0
2024-12-02 07:07:47,696 [WARN] PackLoader:240 - Cannot read IP mode file for STMicroelectronics.X-CUBE-FREERTOS.1.2.0
2024-12-02 07:07:47,878 [WARN] PackLoader:240 - Cannot read IP mode file for STMicroelectronics.X-CUBE-AZRTOS-L5.2.0.0
2024-12-02 07:07:47,948 [WARN] PackLoader:240 - Cannot read IP mode file for STMicroelectronics.X-CUBE-NFC6.3.1.0
2024-12-02 07:07:48,004 [WARN] PackLoader:240 - Cannot read IP mode file for STMicroelectronics.X-CUBE-DPower.1.2.0
2024-12-02 07:07:48,045 [WARN] PackLoader:240 - Cannot read IP mode file for STMicroelectronics.X-CUBE-NFC7.1.0.1
2024-12-02 07:07:48,135 [WARN] ConditionMgr:438 - getConditionDescription Invalid condition id : LAN8742 Phy interface Condition cause : null
2024-12-02 07:07:48,137 [WARN] PackLoader:240 - Cannot read IP mode file for STMicroelectronics.X-CUBE-AZRTOS-L4.2.0.0
2024-12-02 07:07:48,139 [WARN] ConditionMgr:1044 - genDependencies : Invalid condition id : LAN8742 Phy interface Condition cause : null
2024-12-02 07:07:48,140 [WARN] ConditionMgr:1044 - genDependencies : Invalid condition id : LAN8742 Phy interface Condition cause : null
2024-12-02 07:07:48,141 [WARN] ConditionMgr:1044 - genDependencies : Invalid condition id : LAN8742 Phy interface Condition cause : null
2024-12-02 07:07:48,208 [WARN] PackLoader:240 - Cannot read IP mode file for STMicroelectronics.X-CUBE-SFXS2LP1.4.0.0
2024-12-02 07:07:48,290 [WARN] PackLoader:240 - Cannot read IP mode file for STMicroelectronics.X-CUBE-AZRTOS-H7.3.3.0
2024-12-02 07:07:48,346 [WARN] PackLoader:240 - Cannot read IP mode file for STMicroelectronics.X-CUBE-IPS.3.0.0
2024-12-02 07:07:48,433 [WARN] ConditionMgr:438 - getConditionDescription Invalid condition id : UX DEVICE CLASS RTOS Condition cause : null
2024-12-02 07:07:48,433 [WARN] ConditionMgr:438 - getConditionDescription Invalid condition id : UX DEVICE CLASS RTOS Condition cause : null
2024-12-02 07:07:48,438 [WARN] PackLoader:240 - Cannot read IP mode file for STMicroelectronics.X-CUBE-AZRTOS-WB.2.0.0
2024-12-02 07:07:48,439 [WARN] ConditionMgr:1044 - genDependencies : Invalid condition id : UX DEVICE CLASS RTOS Condition cause : null
2024-12-02 07:07:48,439 [WARN] ConditionMgr:1044 - genDependencies : Invalid condition id : UX DEVICE CLASS RTOS Condition cause : null
2024-12-02 07:07:48,440 [WARN] ConditionMgr:1044 - genDependencies : Invalid condition id : UX DEVICE CLASS RTOS Condition cause : null
2024-12-02 07:07:48,441 [WARN] ConditionMgr:1044 - genDependencies : Invalid condition id : UX DEVICE CLASS RTOS Condition cause : null
2024-12-02 07:07:48,441 [WARN] ConditionMgr:1044 - genDependencies : Invalid condition id : UX DEVICE CLASS RTOS Condition cause : null
2024-12-02 07:07:48,482 [WARN] PackLoader:240 - Cannot read IP mode file for STMicroelectronics.X-CUBE-GNSS1.7.0.0
2024-12-02 07:07:48,560 [WARN] PackLoader:240 - Cannot read IP mode file for STMicroelectronics.FP-SNS-STBOX1.2.0.0
2024-12-02 07:07:48,626 [WARN] PackLoader:240 - Cannot read IP mode file for STMicroelectronics.X-CUBE-SUBG2.5.0.0
2024-12-02 07:07:48,643 [WARN] PackLoader:240 - Cannot read IP mode file for Cesanta.I-CUBE-Mongoose.7.13.0
2024-12-02 07:07:48,725 [WARN] PackLoader:240 - Cannot read IP mode file for STMicroelectronics.X-CUBE-AZRTOS-G4.2.0.0
2024-12-02 07:07:48,751 [WARN] PackLoader:240 - Cannot read IP mode file for STMicroelectronics.X-CUBE-ALS.1.0.2
2024-12-02 07:07:48,789 [WARN] PackLoader:240 - Cannot read IP mode file for STMicroelectronics.X-CUBE-TOUCHGFX.4.24.1
2024-12-02 07:07:48,798 [WARN] PackLoader:240 - Cannot read IP mode file for wolfSSL.I-CUBE-wolfTPM.3.4.0
2024-12-02 07:07:48,959 [WARN] PackLoader:240 - Cannot read IP mode file for portGmbH.I-Cube-SoM-uGOAL.1.1.0
2024-12-02 07:07:49,043 [WARN] PackLoader:240 - Cannot read IP mode file for STMicroelectronics.X-CUBE-AZRTOS-H7RS.1.0.0
2024-12-02 07:07:49,142 [WARN] PackLoader:240 - Cannot read IP mode file for STMicroelectronics.X-CUBE-TOF1.3.4.2
2024-12-02 07:07:49,167 [WARN] PackLoader:240 - Cannot read IP mode file for wolfSSL.I-CUBE-wolfSSH.1.4.17
2024-12-02 07:07:49,167 [INFO] ThirdParty:978 - Integrity check success = true
2024-12-02 07:07:49,168 [INFO] IntegrityCheckThread:100 - exiting critical section [integrity check]
2024-12-02 07:07:49,168 [INFO] IntegrityCheckThread:103 - End integrity checks thread
2024-12-02 07:08:15,417 [INFO] WebApp:168 - Instantiating new browser for Auth
2024-12-02 07:08:36,240 [INFO] WebApp:449 - Apply proxy settings
2024-12-02 07:08:36,241 [INFO] WebApp:534 - Chromium requires no authentication
2024-12-02 07:08:36,427 [INFO] WebApp:477 - Direct internet connection detected
2024-12-02 07:08:36,937 [INFO] WebApp:880 - Register for checkConnection events
2024-12-02 07:08:36,938 [INFO] WebApp:449 - Apply proxy settings
2024-12-02 07:08:36,938 [INFO] WebApp:534 - Chromium requires no authentication
2024-12-02 07:08:36,943 [INFO] WebApp:477 - Direct internet connection detected
2024-12-02 07:08:39,690 [INFO] WebApp:221 - Starting web application
2024-12-02 07:08:39,690 [INFO] WebApp:579 - Web application path used /opt/st/stm32cubeide_1.17.0/plugins/com.st.stm32cube.common.mx_6.13.0.202411220809/db/plugins/mcufinder/reactClient1/index.html
2024-12-02 07:08:41,318 [INFO] WebApp:187 - Connection restablished
