2024-12-13 08:31:32,350 [INFO] Activator:176 - 


2024-12-13 08:31:32,357 [INFO] Activator:177 - !SESSION log4j initialized
2024-12-13 08:31:37,661 [INFO] LogOutputStream:77 - [STDOUT_REDIRECT] 
2024-12-13 08:31:46,928 [INFO] ApplicationProperties:184 - Using Application install path: /opt/st/stm32cubeide_1.17.0_2/plugins/com.st.stm32cube.common.mx_6.13.0.202411220809
2024-12-13 08:31:47,006 [INFO] DbMcusXml:78 - Set database path to: /opt/st/stm32cubeide_1.17.0_2/plugins/com.st.stm32cube.common.mx_6.13.0.202411220809//db//mcu/
2024-12-13 08:31:47,008 [INFO] ApiDb:274 - Set plugin database path to: /opt/st/stm32cubeide_1.17.0_2/plugins/com.st.stm32cube.common.mx_6.13.0.202411220809//db//plugins/boardmanager/
2024-12-13 08:31:47,009 [WARN] ApiDb:259 - Overriding images path with different value:  => /opt/st/stm32cubeide_1.17.0_2/plugins/com.st.stm32cube.common.mx_6.13.0.202411220809//db//plugins/mcufinder/images/
2024-12-13 08:31:47,027 [INFO] ApiDb:250 - Set database path to: /home/desarrollo02/.stmcufinder/plugins/mcufinder//mcu/
2024-12-13 08:31:47,034 [INFO] DbMcusAds:125 - Set database path to: /home/desarrollo02/.stmcufinder/plugins/mcufinder//mcu/
2024-12-13 08:31:47,043 [INFO] CrossReferenceDbSqlite:203 - Set database path to: /home/desarrollo02/.stmcufinder/plugins/mcufinder//mcu/cs/
2024-12-13 08:31:48,088 [INFO] RulesReader:64 - Compatibility file has been processed (297 Rules)
2024-12-13 08:31:48,394 [INFO] DbMcusXml:78 - Set database path to: /opt/st/stm32cubeide_1.17.0_2/plugins/com.st.stm32cube.common.mx_6.13.0.202411220809//db//mcu/
2024-12-13 08:31:48,395 [INFO] ApiDb:274 - Set plugin database path to: /opt/st/stm32cubeide_1.17.0_2/plugins/com.st.stm32cube.common.mx_6.13.0.202411220809//db//plugins/boardmanager/
2024-12-13 08:31:48,396 [INFO] ApiDb:261 - Set plugin images path to: /opt/st/stm32cubeide_1.17.0_2/plugins/com.st.stm32cube.common.mx_6.13.0.202411220809//db//plugins/mcufinder/images/
2024-12-13 08:31:48,396 [WARN] DbFile:41 - Overriding database path with different value: /home/desarrollo02/.stmcufinder/plugins/mcufinder/ => /home/desarrollo02/.stmcufinder/plugins/mcufinder
2024-12-13 08:31:48,397 [INFO] ApiDb:250 - Set database path to: /home/desarrollo02/.stmcufinder/plugins/mcufinder//mcu/
2024-12-13 08:31:48,397 [WARN] DbFile:41 - Overriding database path with different value: /home/desarrollo02/.stmcufinder/plugins/mcufinder/ => /home/desarrollo02/.stmcufinder/plugins/mcufinder
2024-12-13 08:31:48,398 [INFO] DbMcusAds:125 - Set database path to: /home/desarrollo02/.stmcufinder/plugins/mcufinder//mcu/
2024-12-13 08:31:48,398 [WARN] DbFile:41 - Overriding database path with different value: /home/desarrollo02/.stmcufinder/plugins/mcufinder/ => /home/desarrollo02/.stmcufinder/plugins/mcufinder
2024-12-13 08:31:48,398 [WARN] DbFile:41 - Overriding database path with different value: /home/desarrollo02/.stmcufinder/plugins/mcufinder/ => /home/desarrollo02/.stmcufinder/plugins/mcufinder
2024-12-13 08:31:48,399 [INFO] CrossReferenceDbSqlite:203 - Set database path to: /home/desarrollo02/.stmcufinder/plugins/mcufinder//mcu/cs/
2024-12-13 08:31:48,743 [INFO] MainPanel:272 - HeapMemory: 268435456
2024-12-13 08:31:49,842 [INFO] DbMcusXml:78 - Set database path to: /opt/st/stm32cubeide_1.17.0_2/plugins/com.st.stm32cube.common.mx_6.13.0.202411220809//db//mcu/
2024-12-13 08:31:49,842 [INFO] ApiDb:274 - Set plugin database path to: /opt/st/stm32cubeide_1.17.0_2/plugins/com.st.stm32cube.common.mx_6.13.0.202411220809//db//plugins/boardmanager/
2024-12-13 08:31:49,842 [INFO] ApiDb:261 - Set plugin images path to: /opt/st/stm32cubeide_1.17.0_2/plugins/com.st.stm32cube.common.mx_6.13.0.202411220809//db//plugins/mcufinder/images/
2024-12-13 08:31:49,847 [WARN] DbFile:41 - Overriding database path with different value: /home/desarrollo02/.stmcufinder/plugins/mcufinder/ => /home/desarrollo02/.stmcufinder/plugins/mcufinder
2024-12-13 08:31:49,847 [INFO] ApiDb:250 - Set database path to: /home/desarrollo02/.stmcufinder/plugins/mcufinder//mcu/
2024-12-13 08:31:49,847 [WARN] DbFile:41 - Overriding database path with different value: /home/desarrollo02/.stmcufinder/plugins/mcufinder/ => /home/desarrollo02/.stmcufinder/plugins/mcufinder
2024-12-13 08:31:49,849 [INFO] DbMcusAds:125 - Set database path to: /home/desarrollo02/.stmcufinder/plugins/mcufinder//mcu/
2024-12-13 08:31:49,850 [WARN] DbFile:41 - Overriding database path with different value: /home/desarrollo02/.stmcufinder/plugins/mcufinder/ => /home/desarrollo02/.stmcufinder/plugins/mcufinder
2024-12-13 08:31:49,850 [WARN] DbFile:41 - Overriding database path with different value: /home/desarrollo02/.stmcufinder/plugins/mcufinder/ => /home/desarrollo02/.stmcufinder/plugins/mcufinder
2024-12-13 08:31:50,478 [INFO] CrossReferenceDbSqlite:203 - Set database path to: /home/desarrollo02/.stmcufinder/plugins/mcufinder//mcu/cs/
2024-12-13 08:31:50,630 [INFO] ApplicationProperties:184 - Using Application install path: /opt/st/stm32cubeide_1.17.0_2/plugins/com.st.stm32cube.common.mx_6.13.0.202411220809
2024-12-13 08:31:50,637 [INFO] PluginManage:196 - Search for loadable plugins [exclusion list=, ]
2024-12-13 08:31:50,650 [INFO] PluginManage:310 - Check plugin analytics
2024-12-13 08:31:51,512 [INFO] AnalyticsPlugin:253 - Accepted Software Licenses: 
2024-12-13 08:31:51,514 [INFO] AnalyticsPlugin:255 - Accepted CMSIS Pack Licenses: 
2024-12-13 08:31:51,515 [INFO] AnalyticsPlugin:257 - Accepted Firmware Licenses: 
2024-12-13 08:31:51,528 [INFO] PluginManage:359 - Loaded plugin analytics (category:tool,tabindex:-1)
2024-12-13 08:31:51,530 [INFO] PluginManage:310 - Check plugin cadmodel
2024-12-13 08:31:51,539 [INFO] CADModel:105 - Init CAD model plugin
2024-12-13 08:31:51,539 [INFO] PluginManage:359 - Loaded plugin cadmodel (category:power,tabindex:5)
2024-12-13 08:31:51,540 [INFO] PluginManage:310 - Check plugin clock
2024-12-13 08:31:51,594 [INFO] PluginManage:359 - Loaded plugin clock (category:base,tabindex:2)
2024-12-13 08:31:51,595 [INFO] PluginManage:310 - Check plugin ddr
2024-12-13 08:31:51,613 [INFO] PluginManage:359 - Loaded plugin ddr (category:tool,tabindex:6)
2024-12-13 08:31:51,618 [INFO] PluginManage:310 - Check plugin filemanager
2024-12-13 08:31:52,155 [INFO] PluginManage:359 - Loaded plugin filemanager (category:base,tabindex:10)
2024-12-13 08:31:52,156 [INFO] PluginManage:310 - Check plugin ipmanager
2024-12-13 08:31:52,181 [INFO] PluginManage:359 - Loaded plugin ipmanager (category:base,tabindex:5)
2024-12-13 08:31:52,182 [INFO] PluginManage:310 - Check plugin lpbam
2024-12-13 08:31:52,207 [INFO] PluginManage:359 - Loaded plugin lpbam (category:base,tabindex:0)
2024-12-13 08:31:52,207 [INFO] PluginManage:310 - Check plugin memorymap
2024-12-13 08:31:52,241 [INFO] PluginManage:359 - Loaded plugin memorymap (category:base,tabindex:4)
2024-12-13 08:31:52,242 [INFO] PluginManage:310 - Check plugin pinoutandconfiguration
2024-12-13 08:31:52,262 [INFO] PluginManage:359 - Loaded plugin pinoutandconfiguration (category:base,tabindex:1)
2024-12-13 08:31:52,263 [INFO] PluginManage:310 - Check plugin pinoutconfig
2024-12-13 08:31:52,489 [WARN] SupportedApi:132 - Cannot load RTOS API schema: s4s-elt-must-match.1: The content of 'definitions' must match (annotation?, (simpleType | complexType)?, (unique | key | keyref)*)). A problem was found starting at: attribute.
2024-12-13 08:31:53,293 [INFO] PluginManage:359 - Loaded plugin pinoutconfig (category:base,tabindex:0)
2024-12-13 08:31:53,294 [INFO] PluginManage:310 - Check plugin power
2024-12-13 08:31:53,330 [INFO] PluginManage:359 - Loaded plugin power (category:power,tabindex:4)
2024-12-13 08:31:53,332 [INFO] PluginManage:310 - Check plugin projectmanager
2024-12-13 08:31:53,449 [INFO] PluginManage:359 - Loaded plugin projectmanager (category:projectmanager,tabindex:4)
2024-12-13 08:31:53,450 [INFO] PluginManage:310 - Check plugin rif
2024-12-13 08:31:53,570 [INFO] PluginManage:359 - Loaded plugin rif (category:base,tabindex:3)
2024-12-13 08:31:53,570 [INFO] PluginManage:310 - Check plugin thirdparty
2024-12-13 08:31:54,192 [INFO] PluginManage:359 - Loaded plugin thirdparty (category:base,tabindex:-1)
2024-12-13 08:31:54,192 [INFO] PluginManage:310 - Check plugin tools
2024-12-13 08:31:54,193 [WARN] IntegrityCheckThread:84 - waiting for thirdparty lock release [integrity check]
2024-12-13 08:31:54,194 [INFO] IntegrityCheckThread:86 - entering critical section [integrity check]
2024-12-13 08:31:54,196 [INFO] ThirdPartyUpdaterWithRetryManager:70 - Updater plugin not ready yet. [1/15]
2024-12-13 08:31:54,197 [INFO] PluginManage:359 - Loaded plugin tools (category:base,tabindex:7)
2024-12-13 08:31:54,198 [INFO] PluginManage:310 - Check plugin tutovideos
2024-12-13 08:31:54,587 [INFO] PluginManage:359 - Loaded plugin tutovideos (category:base,tabindex:-1)
2024-12-13 08:31:54,588 [INFO] PluginManage:310 - Check plugin updater
2024-12-13 08:31:54,630 [INFO] PluginManage:359 - Loaded plugin updater (category:base,tabindex:12)
2024-12-13 08:31:54,631 [INFO] PluginManage:310 - Check plugin userauth
2024-12-13 08:31:54,637 [INFO] UserAuth:118 - Init User Auth plugin
2024-12-13 08:31:54,639 [INFO] PluginManage:359 - Loaded plugin userauth (category:base,tabindex:14)
2024-12-13 08:31:54,641 [INFO] PluginManage:283 - PluginManage : Loaded plugins [18]
2024-12-13 08:31:55,243 [INFO] PinOutPanel:1589 - setPackage(No Configuration,No Configuration)
2024-12-13 08:31:55,425 [INFO] CADModel:165 - CPN selected for project level
2024-12-13 08:31:55,426 [INFO] CADModel:114 - Register for checkConnection events
2024-12-13 08:31:55,461 [INFO] IPUIPlugin:80 - create IPUIPlugin
2024-12-13 08:31:55,461 [INFO] PluginManager:220 - loadIPPluginJar : add usbx
2024-12-13 08:31:55,464 [INFO] IPUIPlugin:80 - create IPUIPlugin
2024-12-13 08:31:55,464 [INFO] PluginManager:220 - loadIPPluginJar : add tsc
2024-12-13 08:31:55,468 [INFO] IPUIPlugin:80 - create IPUIPlugin
2024-12-13 08:31:55,468 [INFO] PluginManager:220 - loadIPPluginJar : add i2c
2024-12-13 08:31:55,480 [INFO] IPUIPlugin:80 - create IPUIPlugin
2024-12-13 08:31:55,486 [INFO] PluginManager:220 - loadIPPluginJar : add plateformsettings
2024-12-13 08:31:55,490 [INFO] IPUIPlugin:80 - create IPUIPlugin
2024-12-13 08:31:55,491 [INFO] PluginManager:220 - loadIPPluginJar : add dma3
2024-12-13 08:31:55,496 [INFO] IPUIPlugin:80 - create IPUIPlugin
2024-12-13 08:31:55,496 [INFO] PluginManager:220 - loadIPPluginJar : add openamp
2024-12-13 08:31:55,500 [INFO] IPUIPlugin:80 - create IPUIPlugin
2024-12-13 08:31:55,500 [INFO] PluginManager:220 - loadIPPluginJar : add ddr_ctrl_phy
2024-12-13 08:31:55,504 [INFO] IPUIPlugin:80 - create IPUIPlugin
2024-12-13 08:31:55,505 [INFO] PluginManager:220 - loadIPPluginJar : add aes
2024-12-13 08:31:55,514 [INFO] IPUIPlugin:80 - create IPUIPlugin
2024-12-13 08:31:55,514 [INFO] PluginManager:220 - loadIPPluginJar : add nvic
2024-12-13 08:31:55,522 [INFO] IPUIPlugin:80 - create IPUIPlugin
2024-12-13 08:31:55,523 [INFO] PluginManager:220 - loadIPPluginJar : add opamp
2024-12-13 08:31:55,534 [INFO] IPUIPlugin:80 - create IPUIPlugin
2024-12-13 08:31:55,534 [INFO] PluginManager:220 - loadIPPluginJar : add freertos
2024-12-13 08:31:55,543 [INFO] IPUIPlugin:80 - create IPUIPlugin
2024-12-13 08:31:55,544 [INFO] PluginManager:220 - loadIPPluginJar : add gpio
2024-12-13 08:31:55,549 [INFO] IPUIPlugin:80 - create IPUIPlugin
2024-12-13 08:31:55,549 [INFO] PluginManager:220 - loadIPPluginJar : add ts
2024-12-13 08:31:55,553 [INFO] IPUIPlugin:80 - create IPUIPlugin
2024-12-13 08:31:55,554 [INFO] PluginManager:220 - loadIPPluginJar : add comp
2024-12-13 08:31:55,559 [INFO] IPUIPlugin:80 - create IPUIPlugin
2024-12-13 08:31:55,560 [INFO] PluginManager:220 - loadIPPluginJar : add dfsdm
2024-12-13 08:31:55,564 [INFO] IPUIPlugin:80 - create IPUIPlugin
2024-12-13 08:31:55,565 [INFO] PluginManager:220 - loadIPPluginJar : add fatfs
2024-12-13 08:31:55,578 [INFO] IPUIPlugin:80 - create IPUIPlugin
2024-12-13 08:31:55,578 [INFO] PluginManager:220 - loadIPPluginJar : add fmc
2024-12-13 08:31:55,583 [INFO] IPUIPlugin:80 - create IPUIPlugin
2024-12-13 08:31:55,584 [INFO] PluginManager:220 - loadIPPluginJar : add ipddr
2024-12-13 08:31:55,587 [INFO] IPUIPlugin:80 - create IPUIPlugin
2024-12-13 08:31:55,587 [INFO] PluginManager:220 - loadIPPluginJar : add tracer_emb
2024-12-13 08:31:55,590 [INFO] IPUIPlugin:80 - create IPUIPlugin
2024-12-13 08:31:55,591 [INFO] PluginManager:220 - loadIPPluginJar : add genericplugin
2024-12-13 08:31:55,612 [INFO] IPUIPlugin:80 - create IPUIPlugin
2024-12-13 08:31:55,615 [INFO] PluginManager:220 - loadIPPluginJar : add mdma
2024-12-13 08:31:55,622 [INFO] IPUIPlugin:80 - create IPUIPlugin
2024-12-13 08:31:55,624 [INFO] PluginManager:220 - loadIPPluginJar : add radio
2024-12-13 08:31:55,626 [INFO] IPUIPlugin:80 - create IPUIPlugin
2024-12-13 08:31:55,627 [INFO] PluginManager:220 - loadIPPluginJar : add ltdc
2024-12-13 08:31:55,631 [INFO] IPUIPlugin:80 - create IPUIPlugin
2024-12-13 08:31:55,633 [INFO] PluginManager:220 - loadIPPluginJar : add spi
2024-12-13 08:31:55,643 [INFO] IPUIPlugin:80 - create IPUIPlugin
2024-12-13 08:31:55,644 [INFO] PluginManager:220 - loadIPPluginJar : add lorawan
2024-12-13 08:31:55,651 [INFO] IPUIPlugin:80 - create IPUIPlugin
2024-12-13 08:31:55,651 [INFO] PluginManager:220 - loadIPPluginJar : add can
2024-12-13 08:31:55,656 [INFO] IPUIPlugin:80 - create IPUIPlugin
2024-12-13 08:31:55,657 [INFO] PluginManager:220 - loadIPPluginJar : add touchsensing
2024-12-13 08:31:55,659 [INFO] IPUIPlugin:80 - create IPUIPlugin
2024-12-13 08:31:55,660 [INFO] PluginManager:220 - loadIPPluginJar : add tim
2024-12-13 08:31:55,665 [INFO] IPUIPlugin:80 - create IPUIPlugin
2024-12-13 08:31:55,665 [INFO] PluginManager:220 - loadIPPluginJar : add i2s
2024-12-13 08:31:55,675 [INFO] IPUIPlugin:80 - create IPUIPlugin
2024-12-13 08:31:55,675 [INFO] PluginManager:220 - loadIPPluginJar : add dma
2024-12-13 08:31:55,680 [INFO] IPUIPlugin:80 - create IPUIPlugin
2024-12-13 08:31:55,680 [INFO] PluginManager:220 - loadIPPluginJar : add cryp
2024-12-13 08:31:55,683 [INFO] IPUIPlugin:80 - create IPUIPlugin
2024-12-13 08:31:55,684 [INFO] PluginManager:220 - loadIPPluginJar : add ucpd
2024-12-13 08:31:55,689 [INFO] IPUIPlugin:80 - create IPUIPlugin
2024-12-13 08:31:55,690 [INFO] PluginManager:220 - loadIPPluginJar : add i3c
2024-12-13 08:31:55,695 [INFO] IPUIPlugin:80 - create IPUIPlugin
2024-12-13 08:31:55,696 [INFO] PluginManager:220 - loadIPPluginJar : add pdm2pcm
2024-12-13 08:31:55,707 [INFO] IPUIPlugin:80 - create IPUIPlugin
2024-12-13 08:31:55,707 [INFO] PluginManager:220 - loadIPPluginJar : add linkedlist
2024-12-13 08:31:55,716 [INFO] IPUIPlugin:80 - create IPUIPlugin
2024-12-13 08:31:55,716 [INFO] PluginManager:220 - loadIPPluginJar : add stm32_wpan
2024-12-13 08:31:55,727 [INFO] IPUIPlugin:80 - create IPUIPlugin
2024-12-13 08:31:55,728 [INFO] PluginManager:220 - loadIPPluginJar : add extmemmanager
2024-12-13 08:31:55,732 [INFO] IPUIPlugin:80 - create IPUIPlugin
2024-12-13 08:31:55,733 [INFO] PluginManager:220 - loadIPPluginJar : add usart
2024-12-13 08:31:55,743 [INFO] IPUIPlugin:80 - create IPUIPlugin
2024-12-13 08:31:55,743 [INFO] PluginManager:220 - loadIPPluginJar : add gtzc
2024-12-13 08:31:55,747 [INFO] IPUIPlugin:80 - create IPUIPlugin
2024-12-13 08:31:55,747 [INFO] PluginManager:220 - loadIPPluginJar : add hash
2024-12-13 08:31:55,753 [INFO] IPUIPlugin:80 - create IPUIPlugin
2024-12-13 08:31:55,753 [INFO] PluginManager:220 - loadIPPluginJar : add sai
2024-12-13 08:31:55,756 [INFO] IPUIPlugin:80 - create IPUIPlugin
2024-12-13 08:31:55,757 [INFO] PluginManager:220 - loadIPPluginJar : add gfxmmu
2024-12-13 08:31:55,761 [INFO] IPUIPlugin:80 - create IPUIPlugin
2024-12-13 08:31:55,761 [INFO] PluginManager:220 - loadIPPluginJar : add quadspi
2024-12-13 08:31:55,779 [INFO] IPUIPlugin:80 - create IPUIPlugin
2024-12-13 08:31:55,779 [INFO] PluginManager:220 - loadIPPluginJar : add adc
2024-12-13 08:31:55,791 [INFO] IPUIPlugin:80 - create IPUIPlugin
2024-12-13 08:31:55,792 [INFO] PluginManager:220 - loadIPPluginJar : add resmgrutility
2024-12-13 08:31:55,803 [INFO] IPUIPlugin:80 - create IPUIPlugin
2024-12-13 08:31:55,804 [INFO] PluginManager:220 - loadIPPluginJar : add gic
2024-12-13 08:31:55,982 [FATAL] Updater:351 - Updater called before beeing initialized
2024-12-13 08:31:56,072 [INFO] RulesReader:64 - Compatibility file has been processed (297 Rules)
2024-12-13 08:31:56,095 [INFO] RulesReader:64 - Compatibility file has been processed (297 Rules)
2024-12-13 08:31:56,111 [INFO] CADModel:165 - CPN selected for project level
2024-12-13 08:31:56,111 [INFO] CADModel:114 - Register for checkConnection events
2024-12-13 08:31:56,111 [FATAL] Updater:351 - Updater called before beeing initialized
2024-12-13 08:31:56,112 [ERROR] CADModel:125 - Updater not yet initialized, retry later 
2024-12-13 08:31:56,880 [FATAL] Updater:351 - Updater called before beeing initialized
2024-12-13 08:31:56,892 [INFO] CADModel:165 - CPN selected for project level
2024-12-13 08:31:56,893 [INFO] CADModel:114 - Register for checkConnection events
2024-12-13 08:31:56,893 [FATAL] Updater:351 - Updater called before beeing initialized
2024-12-13 08:31:56,893 [ERROR] CADModel:125 - Updater not yet initialized, retry later 
2024-12-13 08:31:56,909 [FATAL] Updater:351 - Updater called before beeing initialized
2024-12-13 08:31:57,198 [INFO] ThirdPartyUpdaterWithRetryManager:70 - Updater plugin not ready yet. [2/15]
2024-12-13 08:31:57,282 [FATAL] Updater:351 - Updater called before beeing initialized
2024-12-13 08:31:57,289 [INFO] DbMcusAds:53 - JSON generation date=Thu Sep 30 06:55:09 UTC 2021 (1632984909247)
2024-12-13 08:31:57,290 [FATAL] Updater:351 - Updater called before beeing initialized
2024-12-13 08:31:57,353 [WARN] DetailPanel:346 - Failed to get advertising image, set to default
2024-12-13 08:31:58,033 [FATAL] Updater:351 - Updater called before beeing initialized
2024-12-13 08:31:58,036 [FATAL] Updater:351 - Updater called before beeing initialized
2024-12-13 08:31:58,037 [FATAL] Updater:351 - Updater called before beeing initialized
2024-12-13 08:31:58,040 [WARN] DetailPanel:346 - Failed to get advertising image, set to default
2024-12-13 08:31:58,046 [FATAL] Updater:351 - Updater called before beeing initialized
2024-12-13 08:31:58,446 [ERROR] Updater:1198 - MainUpdater not yet initialized. External WinMGr cannot be set.
2024-12-13 08:31:58,459 [INFO] Updater:1134 - Updater Version found : 6.13.0
2024-12-13 08:31:58,628 [INFO] ApplicationProperties:184 - Using Application install path: /opt/st/stm32cubeide_1.17.0_2/plugins/com.st.stm32cube.common.mx_6.13.0.202411220809
2024-12-13 08:31:59,764 [INFO] MainUpdater:2872 - connection check result : 10
2024-12-13 08:31:59,771 [INFO] MainUpdater:289 - Updater Check For Update Now.
2024-12-13 08:31:59,773 [INFO] MicroXplorer:498 - Change Database Version : DB.6.0.130
2024-12-13 08:31:59,806 [INFO] McuFinderGlobals:63 - Set McuFinder mode to 2 (CubeIDE integrated)
2024-12-13 08:31:59,806 [INFO] UserAuth:171 - activating auth plugin
2024-12-13 08:31:59,824 [INFO] UserAuth:486 - Internet connection configuration mode: 1
2024-12-13 08:31:59,895 [INFO] JxBrowserEngine:152 - Initiate JxBrowser Engine with user profile folder
2024-12-13 08:32:00,204 [WARN] MainUpdater:1193 - Updater busy. Cannot search thirdparties
2024-12-13 08:32:00,205 [INFO] ThirdPartyUpdaterWithRetryManager:96 - Updater plugin is busy. [1/15]
2024-12-13 08:32:00,331 [INFO] CheckServerUpdateThread:120 - End of CheckServer Thread
2024-12-13 08:32:03,296 [INFO] WebApp:168 - Instantiating new browser for Auth
2024-12-13 08:32:04,420 [WARN] PackLoader:240 - Cannot read IP mode file for STMicroelectronics.FP-SNS-MOTENVWB1.1.4.0
2024-12-13 08:32:04,502 [WARN] PackLoader:240 - Cannot read IP mode file for STMicroelectronics.FP-ATR-ASTRA1.2.0.1
2024-12-13 08:32:04,561 [WARN] PackLoader:240 - Cannot read IP mode file for STMicroelectronics.X-CUBE-SMBUS.2.1.0
2024-12-13 08:32:04,591 [WARN] PackLoader:240 - Cannot read IP mode file for STMicroelectronics.X-CUBE-WB05N.1.1.0
2024-12-13 08:32:04,787 [WARN] PackLoader:240 - Cannot read IP mode file for STMicroelectronics.X-CUBE-AZRTOS-F7.1.1.0
2024-12-13 08:32:05,402 [WARN] PackLoader:240 - Cannot read IP mode file for STMicroelectronics.X-CUBE-MEMS1.11.0.0
2024-12-13 08:32:06,065 [WARN] PackLoader:240 - Cannot read IP mode file for STMicroelectronics.FP-SNS-FLIGHT1.5.0.2
2024-12-13 08:32:06,238 [WARN] PackLoader:240 - Cannot read IP mode file for Infineon.AIROC-Wi-Fi-Bluetooth-STM32.1.7.0
2024-12-13 08:32:06,397 [WARN] PackLoader:240 - Cannot read IP mode file for STMicroelectronics.X-CUBE-DISPLAY.3.0.0
2024-12-13 08:32:06,463 [WARN] PackLoader:240 - Cannot read IP mode file for STMicroelectronics.X-CUBE-BLE1.7.0.0
2024-12-13 08:32:06,511 [WARN] PackLoader:240 - Cannot read IP mode file for STMicroelectronics.X-CUBE-NFC10.1.0.0
2024-12-13 08:32:06,744 [WARN] PackLoader:240 - Cannot read IP mode file for STMicroelectronics.X-CUBE-BLEMGR.4.0.0
2024-12-13 08:32:06,804 [WARN] PackLoader:240 - Cannot read IP mode file for emotas.I-CUBE-CANOPEN.1.3.0
2024-12-13 08:32:06,876 [WARN] PackLoader:240 - Cannot read IP mode file for STMicroelectronics.X-CUBE-BLEMGR.3.1.0
2024-12-13 08:32:06,954 [WARN] PackLoader:240 - Cannot read IP mode file for STMicroelectronics.FP-SNS-SMARTAG2.1.2.0
2024-12-13 08:32:06,987 [INFO] LogOutputStream:77 - [STDOUT_REDIRECT] 1 : Invalid condition id : UX_CORESTACK_Condition cause : null
2024-12-13 08:32:06,989 [INFO] LogOutputStream:77 - [STDOUT_REDIRECT] 1 : Invalid condition id : UX_CORESTACK_Condition cause : null
2024-12-13 08:32:06,990 [INFO] LogOutputStream:77 - [STDOUT_REDIRECT] 1 : Invalid condition id : UX_CORESTACK_Condition cause : null
2024-12-13 08:32:06,990 [INFO] LogOutputStream:77 - [STDOUT_REDIRECT] 1 : Invalid condition id : UX_CORESTACK_Condition cause : null
2024-12-13 08:32:06,996 [INFO] LogOutputStream:77 - [STDOUT_REDIRECT] 1 : Invalid condition id : UX_CORESTACK_Condition cause : null
2024-12-13 08:32:07,003 [WARN] PackLoader:240 - Cannot read IP mode file for STMicroelectronics.X-CUBE-AZRTOS-WL.2.0.0
2024-12-13 08:32:07,032 [WARN] PackLoader:240 - Cannot read IP mode file for STMicroelectronics.FP-SNS-MOTENV1.5.0.0
2024-12-13 08:32:07,059 [WARN] PackLoader:240 - Cannot read IP mode file for wolfSSL.I-CUBE-wolfMQTT.1.19.0
2024-12-13 08:32:07,166 [WARN] PackLoader:240 - Cannot read IP mode file for WES.I-CUBE-Cesium.1.3.0
2024-12-13 08:32:07,208 [WARN] PackLoader:240 - Cannot read IP mode file for STMicroelectronics.X-CUBE-BLE2.3.3.0
2024-12-13 08:32:07,257 [WARN] PackLoader:240 - Cannot read IP mode file for STMicroelectronics.X-CUBE-NFC9.1.0.0
2024-12-13 08:32:07,300 [WARN] PackLoader:240 - Cannot read IP mode file for STMicroelectronics.X-CUBE-TCPP.4.1.0
2024-12-13 08:32:07,365 [WARN] PackLoader:240 - Cannot read IP mode file for STMicroelectronics.X-CUBE-AZRTOS-G0.1.1.0
2024-12-13 08:32:07,388 [WARN] PackLoader:240 - Cannot read IP mode file for STMicroelectronics.X-CUBE-SAFEA1.1.2.2
2024-12-13 08:32:07,413 [WARN] PackLoader:240 - Cannot read IP mode file for STMicroelectronics.X-CUBE-NFC4.3.0.0
2024-12-13 08:32:07,428 [WARN] PackLoader:240 - Cannot read IP mode file for EmbeddedOffice.I-CUBE-FS-RTOS.1.0.1
2024-12-13 08:32:07,479 [WARN] PackLoader:240 - Cannot read IP mode file for STMicroelectronics.X-CUBE-TCPP.4.2.0
2024-12-13 08:32:07,506 [WARN] PackLoader:240 - Cannot read IP mode file for RealThread.X-CUBE-RT-Thread_Nano.4.1.1
2024-12-13 08:32:07,515 [WARN] PackLoader:240 - Cannot read IP mode file for STMicroelectronics.FP-ATR-SIGFOX1.3.2.0
2024-12-13 08:32:07,535 [WARN] ConditionMgr:438 - getConditionDescription Invalid condition id : Cortex-A Device cause : null
2024-12-13 08:32:07,650 [WARN] ConditionMgr:1044 - genDependencies : Invalid condition id : Cortex-A Device cause : null
2024-12-13 08:32:07,650 [WARN] ConditionMgr:1044 - genDependencies : Invalid condition id : Cortex-A Device cause : null
2024-12-13 08:32:07,650 [WARN] ConditionMgr:1044 - genDependencies : Invalid condition id : Cortex-A Device cause : null
2024-12-13 08:32:07,681 [WARN] PackLoader:240 - Cannot read IP mode file for STMicroelectronics.X-CUBE-EEPRMA1.5.1.0
2024-12-13 08:32:07,718 [WARN] PackLoader:240 - Cannot read IP mode file for wolfSSL.I-CUBE-wolfSSL.5.7.4
2024-12-13 08:32:07,746 [WARN] PackLoader:240 - Cannot read IP mode file for ITTIA_DB.I-CUBE-ITTIADB.8.9.0
2024-12-13 08:32:07,924 [WARN] PackLoader:240 - Cannot read IP mode file for SEGGER.I-CUBE-embOS.1.3.1
2024-12-13 08:32:08,226 [WARN] PackLoader:240 - Cannot read IP mode file for STMicroelectronics.X-CUBE-ALGOBUILD.1.4.0
2024-12-13 08:32:08,246 [WARN] PackLoader:240 - Cannot read IP mode file for STMicroelectronics.X-CUBE-AI.9.1.0
2024-12-13 08:32:08,334 [WARN] PackLoader:240 - Cannot read IP mode file for STMicroelectronics.X-CUBE-AZRTOS-F4.1.1.0
2024-12-13 08:32:08,352 [WARN] PackLoader:240 - Cannot read IP mode file for STMicroelectronics.X-CUBE-ISPU.2.1.0
2024-12-13 08:32:08,383 [WARN] PackLoader:240 - Cannot read IP mode file for STMicroelectronics.X-CUBE-FREERTOS.1.2.0
2024-12-13 08:32:08,414 [WARN] PackLoader:240 - Cannot read IP mode file for STMicroelectronics.X-CUBE-AZRTOS-L5.2.0.0
2024-12-13 08:32:08,442 [WARN] PackLoader:240 - Cannot read IP mode file for STMicroelectronics.X-CUBE-NFC6.3.1.0
2024-12-13 08:32:08,459 [WARN] PackLoader:240 - Cannot read IP mode file for STMicroelectronics.X-CUBE-DPower.1.2.0
2024-12-13 08:32:08,498 [WARN] PackLoader:240 - Cannot read IP mode file for STMicroelectronics.X-CUBE-FREERTOS.1.3.0
2024-12-13 08:32:08,515 [WARN] PackLoader:240 - Cannot read IP mode file for STMicroelectronics.X-CUBE-NFC7.1.0.1
2024-12-13 08:32:08,571 [WARN] ConditionMgr:438 - getConditionDescription Invalid condition id : LAN8742 Phy interface Condition cause : null
2024-12-13 08:32:08,572 [WARN] PackLoader:240 - Cannot read IP mode file for STMicroelectronics.X-CUBE-AZRTOS-L4.2.0.0
2024-12-13 08:32:08,574 [WARN] ConditionMgr:1044 - genDependencies : Invalid condition id : LAN8742 Phy interface Condition cause : null
2024-12-13 08:32:08,574 [WARN] ConditionMgr:1044 - genDependencies : Invalid condition id : LAN8742 Phy interface Condition cause : null
2024-12-13 08:32:08,576 [WARN] ConditionMgr:1044 - genDependencies : Invalid condition id : LAN8742 Phy interface Condition cause : null
2024-12-13 08:32:08,587 [WARN] PackLoader:240 - Cannot read IP mode file for STMicroelectronics.X-CUBE-SFXS2LP1.4.0.0
2024-12-13 08:32:08,626 [WARN] PackLoader:240 - Cannot read IP mode file for STMicroelectronics.X-CUBE-AZRTOS-H7.3.3.0
2024-12-13 08:32:08,687 [WARN] PackLoader:240 - Cannot read IP mode file for STMicroelectronics.X-CUBE-IPS.3.0.0
2024-12-13 08:32:08,857 [WARN] ConditionMgr:438 - getConditionDescription Invalid condition id : UX DEVICE CLASS RTOS Condition cause : null
2024-12-13 08:32:08,858 [WARN] ConditionMgr:438 - getConditionDescription Invalid condition id : UX DEVICE CLASS RTOS Condition cause : null
2024-12-13 08:32:08,865 [WARN] PackLoader:240 - Cannot read IP mode file for STMicroelectronics.X-CUBE-AZRTOS-WB.2.0.0
2024-12-13 08:32:08,866 [WARN] ConditionMgr:1044 - genDependencies : Invalid condition id : UX DEVICE CLASS RTOS Condition cause : null
2024-12-13 08:32:08,867 [WARN] ConditionMgr:1044 - genDependencies : Invalid condition id : UX DEVICE CLASS RTOS Condition cause : null
2024-12-13 08:32:08,868 [WARN] ConditionMgr:1044 - genDependencies : Invalid condition id : UX DEVICE CLASS RTOS Condition cause : null
2024-12-13 08:32:08,868 [WARN] ConditionMgr:1044 - genDependencies : Invalid condition id : UX DEVICE CLASS RTOS Condition cause : null
2024-12-13 08:32:08,869 [WARN] ConditionMgr:1044 - genDependencies : Invalid condition id : UX DEVICE CLASS RTOS Condition cause : null
2024-12-13 08:32:08,898 [WARN] PackLoader:240 - Cannot read IP mode file for STMicroelectronics.X-CUBE-GNSS1.7.0.0
2024-12-13 08:32:08,909 [WARN] PackLoader:240 - Cannot read IP mode file for STMicroelectronics.FP-SNS-STBOX1.2.0.0
2024-12-13 08:32:08,936 [WARN] PackLoader:240 - Cannot read IP mode file for STMicroelectronics.X-CUBE-SUBG2.5.0.0
2024-12-13 08:32:08,960 [WARN] PackLoader:240 - Cannot read IP mode file for Cesanta.I-CUBE-Mongoose.7.13.0
2024-12-13 08:32:09,023 [WARN] PackLoader:240 - Cannot read IP mode file for STMicroelectronics.X-CUBE-AZRTOS-G4.2.0.0
2024-12-13 08:32:09,066 [WARN] PackLoader:240 - Cannot read IP mode file for STMicroelectronics.X-CUBE-ALS.1.0.2
2024-12-13 08:32:09,080 [WARN] PackLoader:240 - Cannot read IP mode file for STMicroelectronics.X-CUBE-TOUCHGFX.4.24.1
2024-12-13 08:32:09,096 [WARN] PackLoader:240 - Cannot read IP mode file for wolfSSL.I-CUBE-wolfTPM.3.4.0
2024-12-13 08:32:09,113 [WARN] PackLoader:240 - Cannot read IP mode file for portGmbH.I-Cube-SoM-uGOAL.1.1.0
2024-12-13 08:32:09,293 [WARN] PackLoader:240 - Cannot read IP mode file for STMicroelectronics.X-CUBE-AZRTOS-H7RS.1.0.0
2024-12-13 08:32:09,319 [WARN] PackLoader:240 - Cannot read IP mode file for STMicroelectronics.X-CUBE-TOF1.3.4.2
2024-12-13 08:32:09,351 [WARN] PackLoader:240 - Cannot read IP mode file for wolfSSL.I-CUBE-wolfSSH.1.4.17
2024-12-13 08:32:09,352 [INFO] ThirdParty:978 - Integrity check success = true
2024-12-13 08:32:09,352 [INFO] IntegrityCheckThread:100 - exiting critical section [integrity check]
2024-12-13 08:32:09,352 [INFO] IntegrityCheckThread:103 - End integrity checks thread
2024-12-13 08:32:12,134 [INFO] WebApp:449 - Apply proxy settings
2024-12-13 08:32:12,138 [INFO] WebApp:534 - Chromium requires no authentication
2024-12-13 08:32:12,755 [INFO] WebApp:477 - Direct internet connection detected
2024-12-13 08:32:13,886 [INFO] WebApp:880 - Register for checkConnection events
2024-12-13 08:32:13,887 [INFO] WebApp:449 - Apply proxy settings
2024-12-13 08:32:13,887 [INFO] WebApp:534 - Chromium requires no authentication
2024-12-13 08:32:13,890 [INFO] WebApp:477 - Direct internet connection detected
2024-12-13 08:32:16,275 [INFO] WebApp:187 - Connection restablished
2024-12-13 08:32:23,889 [INFO] WebApp:221 - Starting web application
2024-12-13 08:32:23,889 [INFO] WebApp:579 - Web application path used /opt/st/stm32cubeide_1.17.0_2/plugins/com.st.stm32cube.common.mx_6.13.0.202411220809/db/plugins/mcufinder/reactClient1/index.html
2024-12-13 08:40:43,062 [INFO] Activator:176 - 


2024-12-13 08:40:43,078 [INFO] Activator:177 - !SESSION log4j initialized
2024-12-13 08:40:49,734 [INFO] LogOutputStream:77 - [STDOUT_REDIRECT] 
2024-12-13 08:40:59,411 [INFO] ApplicationProperties:184 - Using Application install path: /opt/st/stm32cubeide_1.17.0_2/plugins/com.st.stm32cube.common.mx_6.13.0.202411220809
2024-12-13 08:40:59,620 [INFO] DbMcusXml:78 - Set database path to: /opt/st/stm32cubeide_1.17.0_2/plugins/com.st.stm32cube.common.mx_6.13.0.202411220809//db//mcu/
2024-12-13 08:40:59,621 [INFO] ApiDb:274 - Set plugin database path to: /opt/st/stm32cubeide_1.17.0_2/plugins/com.st.stm32cube.common.mx_6.13.0.202411220809//db//plugins/boardmanager/
2024-12-13 08:40:59,622 [WARN] ApiDb:259 - Overriding images path with different value:  => /opt/st/stm32cubeide_1.17.0_2/plugins/com.st.stm32cube.common.mx_6.13.0.202411220809//db//plugins/mcufinder/images/
2024-12-13 08:40:59,833 [INFO] ApiDb:250 - Set database path to: /home/desarrollo02/.stmcufinder/plugins/mcufinder//mcu/
2024-12-13 08:40:59,909 [INFO] DbMcusAds:125 - Set database path to: /home/desarrollo02/.stmcufinder/plugins/mcufinder//mcu/
2024-12-13 08:40:59,915 [INFO] CrossReferenceDbSqlite:203 - Set database path to: /home/desarrollo02/.stmcufinder/plugins/mcufinder//mcu/cs/
2024-12-13 08:41:00,653 [INFO] RulesReader:64 - Compatibility file has been processed (297 Rules)
2024-12-13 08:41:01,147 [INFO] DbMcusXml:78 - Set database path to: /opt/st/stm32cubeide_1.17.0_2/plugins/com.st.stm32cube.common.mx_6.13.0.202411220809//db//mcu/
2024-12-13 08:41:01,147 [INFO] ApiDb:274 - Set plugin database path to: /opt/st/stm32cubeide_1.17.0_2/plugins/com.st.stm32cube.common.mx_6.13.0.202411220809//db//plugins/boardmanager/
2024-12-13 08:41:01,148 [INFO] ApiDb:261 - Set plugin images path to: /opt/st/stm32cubeide_1.17.0_2/plugins/com.st.stm32cube.common.mx_6.13.0.202411220809//db//plugins/mcufinder/images/
2024-12-13 08:41:01,149 [WARN] DbFile:41 - Overriding database path with different value: /home/desarrollo02/.stmcufinder/plugins/mcufinder/ => /home/desarrollo02/.stmcufinder/plugins/mcufinder
2024-12-13 08:41:01,149 [INFO] ApiDb:250 - Set database path to: /home/desarrollo02/.stmcufinder/plugins/mcufinder//mcu/
2024-12-13 08:41:01,150 [WARN] DbFile:41 - Overriding database path with different value: /home/desarrollo02/.stmcufinder/plugins/mcufinder/ => /home/desarrollo02/.stmcufinder/plugins/mcufinder
2024-12-13 08:41:01,150 [INFO] DbMcusAds:125 - Set database path to: /home/desarrollo02/.stmcufinder/plugins/mcufinder//mcu/
2024-12-13 08:41:01,151 [WARN] DbFile:41 - Overriding database path with different value: /home/desarrollo02/.stmcufinder/plugins/mcufinder/ => /home/desarrollo02/.stmcufinder/plugins/mcufinder
2024-12-13 08:41:01,152 [WARN] DbFile:41 - Overriding database path with different value: /home/desarrollo02/.stmcufinder/plugins/mcufinder/ => /home/desarrollo02/.stmcufinder/plugins/mcufinder
2024-12-13 08:41:01,623 [INFO] CrossReferenceDbSqlite:203 - Set database path to: /home/desarrollo02/.stmcufinder/plugins/mcufinder//mcu/cs/
2024-12-13 08:41:02,286 [INFO] MainPanel:272 - HeapMemory: 268435456
2024-12-13 08:41:03,258 [INFO] DbMcusXml:78 - Set database path to: /opt/st/stm32cubeide_1.17.0_2/plugins/com.st.stm32cube.common.mx_6.13.0.202411220809//db//mcu/
2024-12-13 08:41:03,259 [INFO] ApiDb:274 - Set plugin database path to: /opt/st/stm32cubeide_1.17.0_2/plugins/com.st.stm32cube.common.mx_6.13.0.202411220809//db//plugins/boardmanager/
2024-12-13 08:41:03,260 [INFO] ApiDb:261 - Set plugin images path to: /opt/st/stm32cubeide_1.17.0_2/plugins/com.st.stm32cube.common.mx_6.13.0.202411220809//db//plugins/mcufinder/images/
2024-12-13 08:41:03,261 [WARN] DbFile:41 - Overriding database path with different value: /home/desarrollo02/.stmcufinder/plugins/mcufinder/ => /home/desarrollo02/.stmcufinder/plugins/mcufinder
2024-12-13 08:41:03,262 [INFO] ApiDb:250 - Set database path to: /home/desarrollo02/.stmcufinder/plugins/mcufinder//mcu/
2024-12-13 08:41:03,263 [WARN] DbFile:41 - Overriding database path with different value: /home/desarrollo02/.stmcufinder/plugins/mcufinder/ => /home/desarrollo02/.stmcufinder/plugins/mcufinder
2024-12-13 08:41:03,264 [INFO] DbMcusAds:125 - Set database path to: /home/desarrollo02/.stmcufinder/plugins/mcufinder//mcu/
2024-12-13 08:41:03,265 [WARN] DbFile:41 - Overriding database path with different value: /home/desarrollo02/.stmcufinder/plugins/mcufinder/ => /home/desarrollo02/.stmcufinder/plugins/mcufinder
2024-12-13 08:41:03,266 [WARN] DbFile:41 - Overriding database path with different value: /home/desarrollo02/.stmcufinder/plugins/mcufinder/ => /home/desarrollo02/.stmcufinder/plugins/mcufinder
2024-12-13 08:41:03,266 [INFO] CrossReferenceDbSqlite:203 - Set database path to: /home/desarrollo02/.stmcufinder/plugins/mcufinder//mcu/cs/
2024-12-13 08:41:03,435 [INFO] ApplicationProperties:184 - Using Application install path: /opt/st/stm32cubeide_1.17.0_2/plugins/com.st.stm32cube.common.mx_6.13.0.202411220809
2024-12-13 08:41:03,444 [INFO] PluginManage:196 - Search for loadable plugins [exclusion list=, ]
2024-12-13 08:41:03,454 [INFO] PluginManage:310 - Check plugin analytics
2024-12-13 08:41:04,104 [INFO] AnalyticsPlugin:253 - Accepted Software Licenses: 
2024-12-13 08:41:04,105 [INFO] AnalyticsPlugin:255 - Accepted CMSIS Pack Licenses: 
2024-12-13 08:41:04,105 [INFO] AnalyticsPlugin:257 - Accepted Firmware Licenses: 
2024-12-13 08:41:04,118 [INFO] PluginManage:359 - Loaded plugin analytics (category:tool,tabindex:-1)
2024-12-13 08:41:04,118 [INFO] PluginManage:310 - Check plugin cadmodel
2024-12-13 08:41:04,155 [INFO] CADModel:105 - Init CAD model plugin
2024-12-13 08:41:04,156 [INFO] PluginManage:359 - Loaded plugin cadmodel (category:power,tabindex:5)
2024-12-13 08:41:04,156 [INFO] PluginManage:310 - Check plugin clock
2024-12-13 08:41:04,213 [INFO] PluginManage:359 - Loaded plugin clock (category:base,tabindex:2)
2024-12-13 08:41:04,213 [INFO] PluginManage:310 - Check plugin ddr
2024-12-13 08:41:04,284 [INFO] PluginManage:359 - Loaded plugin ddr (category:tool,tabindex:6)
2024-12-13 08:41:04,285 [INFO] PluginManage:310 - Check plugin filemanager
2024-12-13 08:41:05,164 [INFO] PluginManage:359 - Loaded plugin filemanager (category:base,tabindex:10)
2024-12-13 08:41:05,165 [INFO] PluginManage:310 - Check plugin ipmanager
2024-12-13 08:41:05,192 [INFO] PluginManage:359 - Loaded plugin ipmanager (category:base,tabindex:5)
2024-12-13 08:41:05,192 [INFO] PluginManage:310 - Check plugin lpbam
2024-12-13 08:41:05,228 [INFO] PluginManage:359 - Loaded plugin lpbam (category:base,tabindex:0)
2024-12-13 08:41:05,228 [INFO] PluginManage:310 - Check plugin memorymap
2024-12-13 08:41:05,267 [INFO] PluginManage:359 - Loaded plugin memorymap (category:base,tabindex:4)
2024-12-13 08:41:05,269 [INFO] PluginManage:310 - Check plugin pinoutandconfiguration
2024-12-13 08:41:05,311 [INFO] PluginManage:359 - Loaded plugin pinoutandconfiguration (category:base,tabindex:1)
2024-12-13 08:41:05,312 [INFO] PluginManage:310 - Check plugin pinoutconfig
2024-12-13 08:41:05,978 [WARN] SupportedApi:132 - Cannot load RTOS API schema: s4s-elt-must-match.1: The content of 'definitions' must match (annotation?, (simpleType | complexType)?, (unique | key | keyref)*)). A problem was found starting at: attribute.
2024-12-13 08:41:06,988 [INFO] PluginManage:359 - Loaded plugin pinoutconfig (category:base,tabindex:0)
2024-12-13 08:41:06,988 [INFO] PluginManage:310 - Check plugin power
2024-12-13 08:41:07,087 [INFO] PluginManage:359 - Loaded plugin power (category:power,tabindex:4)
2024-12-13 08:41:07,087 [INFO] PluginManage:310 - Check plugin projectmanager
2024-12-13 08:41:07,213 [INFO] PluginManage:359 - Loaded plugin projectmanager (category:projectmanager,tabindex:4)
2024-12-13 08:41:07,214 [INFO] PluginManage:310 - Check plugin rif
2024-12-13 08:41:07,258 [INFO] PluginManage:359 - Loaded plugin rif (category:base,tabindex:3)
2024-12-13 08:41:07,263 [INFO] PluginManage:310 - Check plugin thirdparty
2024-12-13 08:41:08,317 [WARN] IntegrityCheckThread:84 - waiting for thirdparty lock release [integrity check]
2024-12-13 08:41:08,320 [INFO] IntegrityCheckThread:86 - entering critical section [integrity check]
2024-12-13 08:41:08,319 [INFO] PluginManage:359 - Loaded plugin thirdparty (category:base,tabindex:-1)
2024-12-13 08:41:08,325 [INFO] ThirdPartyUpdaterWithRetryManager:70 - Updater plugin not ready yet. [1/15]
2024-12-13 08:41:08,325 [INFO] PluginManage:310 - Check plugin tools
2024-12-13 08:41:08,358 [INFO] PluginManage:359 - Loaded plugin tools (category:base,tabindex:7)
2024-12-13 08:41:08,359 [INFO] PluginManage:310 - Check plugin tutovideos
2024-12-13 08:41:09,214 [INFO] PluginManage:359 - Loaded plugin tutovideos (category:base,tabindex:-1)
2024-12-13 08:41:09,215 [INFO] PluginManage:310 - Check plugin updater
2024-12-13 08:41:09,356 [INFO] PluginManage:359 - Loaded plugin updater (category:base,tabindex:12)
2024-12-13 08:41:09,356 [INFO] PluginManage:310 - Check plugin userauth
2024-12-13 08:41:09,398 [INFO] UserAuth:118 - Init User Auth plugin
2024-12-13 08:41:09,405 [INFO] PluginManage:359 - Loaded plugin userauth (category:base,tabindex:14)
2024-12-13 08:41:09,406 [INFO] PluginManage:283 - PluginManage : Loaded plugins [18]
2024-12-13 08:41:11,010 [INFO] PinOutPanel:1589 - setPackage(No Configuration,No Configuration)
2024-12-13 08:41:11,337 [INFO] ThirdPartyUpdaterWithRetryManager:70 - Updater plugin not ready yet. [2/15]
2024-12-13 08:41:11,470 [INFO] CADModel:165 - CPN selected for project level
2024-12-13 08:41:11,471 [INFO] CADModel:114 - Register for checkConnection events
2024-12-13 08:41:11,619 [INFO] IPUIPlugin:80 - create IPUIPlugin
2024-12-13 08:41:11,630 [INFO] PluginManager:220 - loadIPPluginJar : add usbx
2024-12-13 08:41:11,644 [INFO] IPUIPlugin:80 - create IPUIPlugin
2024-12-13 08:41:11,645 [INFO] PluginManager:220 - loadIPPluginJar : add tsc
2024-12-13 08:41:11,690 [INFO] IPUIPlugin:80 - create IPUIPlugin
2024-12-13 08:41:11,690 [INFO] PluginManager:220 - loadIPPluginJar : add i2c
2024-12-13 08:41:11,724 [INFO] IPUIPlugin:80 - create IPUIPlugin
2024-12-13 08:41:11,736 [INFO] PluginManager:220 - loadIPPluginJar : add plateformsettings
2024-12-13 08:41:11,743 [INFO] IPUIPlugin:80 - create IPUIPlugin
2024-12-13 08:41:11,746 [INFO] PluginManager:220 - loadIPPluginJar : add dma3
2024-12-13 08:41:11,755 [INFO] IPUIPlugin:80 - create IPUIPlugin
2024-12-13 08:41:11,756 [INFO] PluginManager:220 - loadIPPluginJar : add openamp
2024-12-13 08:41:11,786 [INFO] IPUIPlugin:80 - create IPUIPlugin
2024-12-13 08:41:11,787 [INFO] PluginManager:220 - loadIPPluginJar : add ddr_ctrl_phy
2024-12-13 08:41:11,797 [INFO] IPUIPlugin:80 - create IPUIPlugin
2024-12-13 08:41:11,798 [INFO] PluginManager:220 - loadIPPluginJar : add aes
2024-12-13 08:41:11,826 [INFO] IPUIPlugin:80 - create IPUIPlugin
2024-12-13 08:41:11,827 [INFO] PluginManager:220 - loadIPPluginJar : add nvic
2024-12-13 08:41:11,847 [INFO] IPUIPlugin:80 - create IPUIPlugin
2024-12-13 08:41:11,848 [INFO] PluginManager:220 - loadIPPluginJar : add opamp
2024-12-13 08:41:11,879 [INFO] IPUIPlugin:80 - create IPUIPlugin
2024-12-13 08:41:11,880 [INFO] PluginManager:220 - loadIPPluginJar : add freertos
2024-12-13 08:41:11,903 [INFO] IPUIPlugin:80 - create IPUIPlugin
2024-12-13 08:41:11,903 [INFO] PluginManager:220 - loadIPPluginJar : add gpio
2024-12-13 08:41:11,909 [INFO] IPUIPlugin:80 - create IPUIPlugin
2024-12-13 08:41:11,910 [INFO] PluginManager:220 - loadIPPluginJar : add ts
2024-12-13 08:41:11,915 [INFO] IPUIPlugin:80 - create IPUIPlugin
2024-12-13 08:41:11,916 [INFO] PluginManager:220 - loadIPPluginJar : add comp
2024-12-13 08:41:11,921 [INFO] IPUIPlugin:80 - create IPUIPlugin
2024-12-13 08:41:11,923 [INFO] PluginManager:220 - loadIPPluginJar : add dfsdm
2024-12-13 08:41:11,926 [INFO] IPUIPlugin:80 - create IPUIPlugin
2024-12-13 08:41:11,927 [INFO] PluginManager:220 - loadIPPluginJar : add fatfs
2024-12-13 08:41:11,936 [INFO] IPUIPlugin:80 - create IPUIPlugin
2024-12-13 08:41:11,936 [INFO] PluginManager:220 - loadIPPluginJar : add fmc
2024-12-13 08:41:11,954 [INFO] IPUIPlugin:80 - create IPUIPlugin
2024-12-13 08:41:11,954 [INFO] PluginManager:220 - loadIPPluginJar : add ipddr
2024-12-13 08:41:11,964 [INFO] IPUIPlugin:80 - create IPUIPlugin
2024-12-13 08:41:11,965 [INFO] PluginManager:220 - loadIPPluginJar : add tracer_emb
2024-12-13 08:41:11,970 [INFO] IPUIPlugin:80 - create IPUIPlugin
2024-12-13 08:41:11,972 [INFO] PluginManager:220 - loadIPPluginJar : add genericplugin
2024-12-13 08:41:12,013 [INFO] IPUIPlugin:80 - create IPUIPlugin
2024-12-13 08:41:12,013 [INFO] PluginManager:220 - loadIPPluginJar : add mdma
2024-12-13 08:41:12,019 [INFO] IPUIPlugin:80 - create IPUIPlugin
2024-12-13 08:41:12,026 [INFO] PluginManager:220 - loadIPPluginJar : add radio
2024-12-13 08:41:12,032 [INFO] IPUIPlugin:80 - create IPUIPlugin
2024-12-13 08:41:12,032 [INFO] PluginManager:220 - loadIPPluginJar : add ltdc
2024-12-13 08:41:12,044 [INFO] IPUIPlugin:80 - create IPUIPlugin
2024-12-13 08:41:12,044 [INFO] PluginManager:220 - loadIPPluginJar : add spi
2024-12-13 08:41:12,057 [INFO] IPUIPlugin:80 - create IPUIPlugin
2024-12-13 08:41:12,057 [INFO] PluginManager:220 - loadIPPluginJar : add lorawan
2024-12-13 08:41:12,065 [INFO] IPUIPlugin:80 - create IPUIPlugin
2024-12-13 08:41:12,066 [INFO] PluginManager:220 - loadIPPluginJar : add can
2024-12-13 08:41:12,078 [INFO] IPUIPlugin:80 - create IPUIPlugin
2024-12-13 08:41:12,078 [INFO] PluginManager:220 - loadIPPluginJar : add touchsensing
2024-12-13 08:41:12,085 [INFO] IPUIPlugin:80 - create IPUIPlugin
2024-12-13 08:41:12,088 [INFO] PluginManager:220 - loadIPPluginJar : add tim
2024-12-13 08:41:12,101 [INFO] IPUIPlugin:80 - create IPUIPlugin
2024-12-13 08:41:12,102 [INFO] PluginManager:220 - loadIPPluginJar : add i2s
2024-12-13 08:41:12,139 [INFO] IPUIPlugin:80 - create IPUIPlugin
2024-12-13 08:41:12,140 [INFO] PluginManager:220 - loadIPPluginJar : add dma
2024-12-13 08:41:12,221 [INFO] IPUIPlugin:80 - create IPUIPlugin
2024-12-13 08:41:12,221 [INFO] PluginManager:220 - loadIPPluginJar : add cryp
2024-12-13 08:41:12,234 [INFO] IPUIPlugin:80 - create IPUIPlugin
2024-12-13 08:41:12,234 [INFO] PluginManager:220 - loadIPPluginJar : add ucpd
2024-12-13 08:41:12,251 [INFO] IPUIPlugin:80 - create IPUIPlugin
2024-12-13 08:41:12,252 [INFO] PluginManager:220 - loadIPPluginJar : add i3c
2024-12-13 08:41:12,268 [INFO] IPUIPlugin:80 - create IPUIPlugin
2024-12-13 08:41:12,268 [INFO] PluginManager:220 - loadIPPluginJar : add pdm2pcm
2024-12-13 08:41:12,321 [INFO] IPUIPlugin:80 - create IPUIPlugin
2024-12-13 08:41:12,321 [INFO] PluginManager:220 - loadIPPluginJar : add linkedlist
2024-12-13 08:41:12,368 [INFO] IPUIPlugin:80 - create IPUIPlugin
2024-12-13 08:41:12,369 [INFO] PluginManager:220 - loadIPPluginJar : add stm32_wpan
2024-12-13 08:41:12,437 [INFO] IPUIPlugin:80 - create IPUIPlugin
2024-12-13 08:41:12,437 [INFO] PluginManager:220 - loadIPPluginJar : add extmemmanager
2024-12-13 08:41:12,451 [INFO] IPUIPlugin:80 - create IPUIPlugin
2024-12-13 08:41:12,451 [INFO] PluginManager:220 - loadIPPluginJar : add usart
2024-12-13 08:41:12,524 [INFO] IPUIPlugin:80 - create IPUIPlugin
2024-12-13 08:41:12,525 [INFO] PluginManager:220 - loadIPPluginJar : add gtzc
2024-12-13 08:41:12,543 [INFO] IPUIPlugin:80 - create IPUIPlugin
2024-12-13 08:41:12,543 [INFO] PluginManager:220 - loadIPPluginJar : add hash
2024-12-13 08:41:12,555 [INFO] IPUIPlugin:80 - create IPUIPlugin
2024-12-13 08:41:12,555 [INFO] PluginManager:220 - loadIPPluginJar : add sai
2024-12-13 08:41:12,564 [INFO] IPUIPlugin:80 - create IPUIPlugin
2024-12-13 08:41:12,567 [INFO] PluginManager:220 - loadIPPluginJar : add gfxmmu
2024-12-13 08:41:12,573 [INFO] IPUIPlugin:80 - create IPUIPlugin
2024-12-13 08:41:12,573 [INFO] PluginManager:220 - loadIPPluginJar : add quadspi
2024-12-13 08:41:12,621 [INFO] IPUIPlugin:80 - create IPUIPlugin
2024-12-13 08:41:12,621 [INFO] PluginManager:220 - loadIPPluginJar : add adc
2024-12-13 08:41:12,650 [INFO] IPUIPlugin:80 - create IPUIPlugin
2024-12-13 08:41:12,651 [INFO] PluginManager:220 - loadIPPluginJar : add resmgrutility
2024-12-13 08:41:12,684 [INFO] IPUIPlugin:80 - create IPUIPlugin
2024-12-13 08:41:12,685 [INFO] PluginManager:220 - loadIPPluginJar : add gic
2024-12-13 08:41:13,047 [FATAL] Updater:351 - Updater called before beeing initialized
2024-12-13 08:41:13,194 [INFO] RulesReader:64 - Compatibility file has been processed (297 Rules)
2024-12-13 08:41:13,257 [INFO] RulesReader:64 - Compatibility file has been processed (297 Rules)
2024-12-13 08:41:13,288 [INFO] CADModel:165 - CPN selected for project level
2024-12-13 08:41:13,288 [INFO] CADModel:114 - Register for checkConnection events
2024-12-13 08:41:13,288 [FATAL] Updater:351 - Updater called before beeing initialized
2024-12-13 08:41:13,288 [ERROR] CADModel:125 - Updater not yet initialized, retry later 
2024-12-13 08:41:13,823 [FATAL] Updater:351 - Updater called before beeing initialized
2024-12-13 08:41:13,853 [INFO] CADModel:165 - CPN selected for project level
2024-12-13 08:41:13,853 [INFO] CADModel:114 - Register for checkConnection events
2024-12-13 08:41:13,854 [FATAL] Updater:351 - Updater called before beeing initialized
2024-12-13 08:41:13,854 [ERROR] CADModel:125 - Updater not yet initialized, retry later 
2024-12-13 08:41:13,877 [FATAL] Updater:351 - Updater called before beeing initialized
2024-12-13 08:41:14,340 [INFO] ThirdPartyUpdaterWithRetryManager:70 - Updater plugin not ready yet. [3/15]
2024-12-13 08:41:14,387 [FATAL] Updater:351 - Updater called before beeing initialized
2024-12-13 08:41:14,411 [INFO] DbMcusAds:53 - JSON generation date=Thu Sep 30 06:55:09 UTC 2021 (1632984909247)
2024-12-13 08:41:14,411 [FATAL] Updater:351 - Updater called before beeing initialized
2024-12-13 08:41:14,794 [WARN] DetailPanel:346 - Failed to get advertising image, set to default
2024-12-13 08:41:16,018 [FATAL] Updater:351 - Updater called before beeing initialized
2024-12-13 08:41:16,027 [FATAL] Updater:351 - Updater called before beeing initialized
2024-12-13 08:41:16,028 [FATAL] Updater:351 - Updater called before beeing initialized
2024-12-13 08:41:16,028 [WARN] DetailPanel:346 - Failed to get advertising image, set to default
2024-12-13 08:41:16,035 [FATAL] Updater:351 - Updater called before beeing initialized
2024-12-13 08:41:16,448 [ERROR] Updater:1198 - MainUpdater not yet initialized. External WinMGr cannot be set.
2024-12-13 08:41:16,454 [INFO] Updater:1134 - Updater Version found : 6.13.0
2024-12-13 08:41:16,513 [INFO] ApplicationProperties:184 - Using Application install path: /opt/st/stm32cubeide_1.17.0_2/plugins/com.st.stm32cube.common.mx_6.13.0.202411220809
2024-12-13 08:41:17,341 [FATAL] Updater:351 - Updater called before beeing initialized
2024-12-13 08:41:17,342 [ERROR] IntegrityCheckThread:130 - Cannot retrieve database content from updater: error 21
2024-12-13 08:41:17,343 [INFO] ThirdParty:978 - Integrity check success = false
2024-12-13 08:41:17,347 [INFO] IntegrityCheckThread:100 - exiting critical section [integrity check]
2024-12-13 08:41:17,347 [INFO] IntegrityCheckThread:103 - End integrity checks thread
2024-12-13 08:41:17,888 [INFO] MainUpdater:2872 - connection check result : 10
2024-12-13 08:41:17,900 [INFO] MainUpdater:289 - Updater Check For Update Now.
2024-12-13 08:41:17,901 [INFO] MicroXplorer:498 - Change Database Version : DB.6.0.130
2024-12-13 08:41:17,933 [INFO] McuFinderGlobals:63 - Set McuFinder mode to 2 (CubeIDE integrated)
2024-12-13 08:41:17,933 [INFO] UserAuth:171 - activating auth plugin
2024-12-13 08:41:17,954 [INFO] UserAuth:486 - Internet connection configuration mode: 1
2024-12-13 08:41:18,156 [INFO] JxBrowserEngine:152 - Initiate JxBrowser Engine with user profile folder
2024-12-13 08:41:18,379 [INFO] CheckServerUpdateThread:120 - End of CheckServer Thread
2024-12-13 08:41:32,536 [INFO] WebApp:168 - Instantiating new browser for Auth
2024-12-13 08:41:41,331 [INFO] WebApp:449 - Apply proxy settings
2024-12-13 08:41:41,332 [INFO] WebApp:534 - Chromium requires no authentication
2024-12-13 08:41:41,599 [INFO] WebApp:477 - Direct internet connection detected
2024-12-13 08:41:41,901 [INFO] WebApp:880 - Register for checkConnection events
2024-12-13 08:41:41,902 [INFO] WebApp:449 - Apply proxy settings
2024-12-13 08:41:41,902 [INFO] WebApp:534 - Chromium requires no authentication
2024-12-13 08:41:41,904 [INFO] WebApp:477 - Direct internet connection detected
2024-12-13 08:41:43,341 [INFO] WebApp:221 - Starting web application
2024-12-13 08:41:43,341 [INFO] WebApp:579 - Web application path used /opt/st/stm32cubeide_1.17.0_2/plugins/com.st.stm32cube.common.mx_6.13.0.202411220809/db/plugins/mcufinder/reactClient1/index.html
2024-12-13 08:41:44,589 [INFO] WebApp:187 - Connection restablished
2024-12-13 08:54:01,763 [ERROR] LogOutputStream:75 - [STDERR_REDIRECT] 
2025-03-26 13:46:05,992 [INFO] Activator:176 - 


2025-03-26 13:46:05,995 [INFO] Activator:177 - !SESSION log4j initialized
2025-03-26 13:46:12,101 [INFO] LogOutputStream:77 - [STDOUT_REDIRECT] 
2025-03-26 13:46:27,629 [INFO] ApplicationProperties:184 - Using Application install path: /opt/st/stm32cubeide_1.17.0/plugins/com.st.stm32cube.common.mx_6.13.0.202411220809
2025-03-26 13:46:27,673 [INFO] DbMcusXml:78 - Set database path to: /opt/st/stm32cubeide_1.17.0/plugins/com.st.stm32cube.common.mx_6.13.0.202411220809//db//mcu/
2025-03-26 13:46:27,673 [INFO] ApiDb:274 - Set plugin database path to: /opt/st/stm32cubeide_1.17.0/plugins/com.st.stm32cube.common.mx_6.13.0.202411220809//db//plugins/boardmanager/
2025-03-26 13:46:27,674 [WARN] ApiDb:259 - Overriding images path with different value:  => /opt/st/stm32cubeide_1.17.0/plugins/com.st.stm32cube.common.mx_6.13.0.202411220809//db//plugins/mcufinder/images/
2025-03-26 13:46:27,720 [INFO] ApiDb:250 - Set database path to: /home/desarrollo02/.stmcufinder/plugins/mcufinder//mcu/
2025-03-26 13:46:27,755 [INFO] DbMcusAds:125 - Set database path to: /home/desarrollo02/.stmcufinder/plugins/mcufinder//mcu/
2025-03-26 13:46:27,987 [INFO] CrossReferenceDbSqlite:203 - Set database path to: /home/desarrollo02/.stmcufinder/plugins/mcufinder//mcu/cs/
2025-03-26 13:46:28,438 [INFO] RulesReader:64 - Compatibility file has been processed (297 Rules)
2025-03-26 13:46:28,612 [INFO] DbMcusXml:78 - Set database path to: /opt/st/stm32cubeide_1.17.0/plugins/com.st.stm32cube.common.mx_6.13.0.202411220809//db//mcu/
2025-03-26 13:46:28,613 [INFO] ApiDb:274 - Set plugin database path to: /opt/st/stm32cubeide_1.17.0/plugins/com.st.stm32cube.common.mx_6.13.0.202411220809//db//plugins/boardmanager/
2025-03-26 13:46:28,613 [INFO] ApiDb:261 - Set plugin images path to: /opt/st/stm32cubeide_1.17.0/plugins/com.st.stm32cube.common.mx_6.13.0.202411220809//db//plugins/mcufinder/images/
2025-03-26 13:46:28,614 [WARN] DbFile:41 - Overriding database path with different value: /home/desarrollo02/.stmcufinder/plugins/mcufinder/ => /home/desarrollo02/.stmcufinder/plugins/mcufinder
2025-03-26 13:46:28,614 [INFO] ApiDb:250 - Set database path to: /home/desarrollo02/.stmcufinder/plugins/mcufinder//mcu/
2025-03-26 13:46:28,615 [WARN] DbFile:41 - Overriding database path with different value: /home/desarrollo02/.stmcufinder/plugins/mcufinder/ => /home/desarrollo02/.stmcufinder/plugins/mcufinder
2025-03-26 13:46:28,615 [INFO] DbMcusAds:125 - Set database path to: /home/desarrollo02/.stmcufinder/plugins/mcufinder//mcu/
2025-03-26 13:46:28,615 [WARN] DbFile:41 - Overriding database path with different value: /home/desarrollo02/.stmcufinder/plugins/mcufinder/ => /home/desarrollo02/.stmcufinder/plugins/mcufinder
2025-03-26 13:46:28,615 [WARN] DbFile:41 - Overriding database path with different value: /home/desarrollo02/.stmcufinder/plugins/mcufinder/ => /home/desarrollo02/.stmcufinder/plugins/mcufinder
2025-03-26 13:46:28,615 [INFO] CrossReferenceDbSqlite:203 - Set database path to: /home/desarrollo02/.stmcufinder/plugins/mcufinder//mcu/cs/
2025-03-26 13:46:28,746 [INFO] MainPanel:272 - HeapMemory: 327155712
2025-03-26 13:46:29,045 [INFO] DbMcusXml:78 - Set database path to: /opt/st/stm32cubeide_1.17.0/plugins/com.st.stm32cube.common.mx_6.13.0.202411220809//db//mcu/
2025-03-26 13:46:29,045 [INFO] ApiDb:274 - Set plugin database path to: /opt/st/stm32cubeide_1.17.0/plugins/com.st.stm32cube.common.mx_6.13.0.202411220809//db//plugins/boardmanager/
2025-03-26 13:46:29,045 [INFO] ApiDb:261 - Set plugin images path to: /opt/st/stm32cubeide_1.17.0/plugins/com.st.stm32cube.common.mx_6.13.0.202411220809//db//plugins/mcufinder/images/
2025-03-26 13:46:29,046 [WARN] DbFile:41 - Overriding database path with different value: /home/desarrollo02/.stmcufinder/plugins/mcufinder/ => /home/desarrollo02/.stmcufinder/plugins/mcufinder
2025-03-26 13:46:29,046 [INFO] ApiDb:250 - Set database path to: /home/desarrollo02/.stmcufinder/plugins/mcufinder//mcu/
2025-03-26 13:46:29,046 [WARN] DbFile:41 - Overriding database path with different value: /home/desarrollo02/.stmcufinder/plugins/mcufinder/ => /home/desarrollo02/.stmcufinder/plugins/mcufinder
2025-03-26 13:46:29,046 [INFO] DbMcusAds:125 - Set database path to: /home/desarrollo02/.stmcufinder/plugins/mcufinder//mcu/
2025-03-26 13:46:29,047 [WARN] DbFile:41 - Overriding database path with different value: /home/desarrollo02/.stmcufinder/plugins/mcufinder/ => /home/desarrollo02/.stmcufinder/plugins/mcufinder
2025-03-26 13:46:29,047 [WARN] DbFile:41 - Overriding database path with different value: /home/desarrollo02/.stmcufinder/plugins/mcufinder/ => /home/desarrollo02/.stmcufinder/plugins/mcufinder
2025-03-26 13:46:29,047 [INFO] CrossReferenceDbSqlite:203 - Set database path to: /home/desarrollo02/.stmcufinder/plugins/mcufinder//mcu/cs/
2025-03-26 13:46:29,073 [INFO] ApplicationProperties:184 - Using Application install path: /opt/st/stm32cubeide_1.17.0/plugins/com.st.stm32cube.common.mx_6.13.0.202411220809
2025-03-26 13:46:29,075 [INFO] PluginManage:196 - Search for loadable plugins [exclusion list=, ]
2025-03-26 13:46:29,078 [INFO] PluginManage:310 - Check plugin analytics
2025-03-26 13:46:29,533 [INFO] AnalyticsPlugin:253 - Accepted Software Licenses: 
2025-03-26 13:46:29,534 [INFO] AnalyticsPlugin:255 - Accepted CMSIS Pack Licenses: 
2025-03-26 13:46:29,537 [INFO] AnalyticsPlugin:257 - Accepted Firmware Licenses: 
2025-03-26 13:46:29,538 [INFO] PluginManage:359 - Loaded plugin analytics (category:tool,tabindex:-1)
2025-03-26 13:46:29,539 [INFO] PluginManage:310 - Check plugin cadmodel
2025-03-26 13:46:29,567 [INFO] CADModel:105 - Init CAD model plugin
2025-03-26 13:46:29,567 [INFO] PluginManage:359 - Loaded plugin cadmodel (category:power,tabindex:5)
2025-03-26 13:46:29,567 [INFO] PluginManage:310 - Check plugin clock
2025-03-26 13:46:29,610 [INFO] PluginManage:359 - Loaded plugin clock (category:base,tabindex:2)
2025-03-26 13:46:29,610 [INFO] PluginManage:310 - Check plugin ddr
2025-03-26 13:46:29,625 [INFO] PluginManage:359 - Loaded plugin ddr (category:tool,tabindex:6)
2025-03-26 13:46:29,625 [INFO] PluginManage:310 - Check plugin filemanager
2025-03-26 13:46:29,979 [INFO] PluginManage:359 - Loaded plugin filemanager (category:base,tabindex:10)
2025-03-26 13:46:29,980 [INFO] PluginManage:310 - Check plugin ipmanager
2025-03-26 13:46:29,994 [INFO] PluginManage:359 - Loaded plugin ipmanager (category:base,tabindex:5)
2025-03-26 13:46:29,994 [INFO] PluginManage:310 - Check plugin lpbam
2025-03-26 13:46:30,023 [INFO] PluginManage:359 - Loaded plugin lpbam (category:base,tabindex:0)
2025-03-26 13:46:30,024 [INFO] PluginManage:310 - Check plugin memorymap
2025-03-26 13:46:30,056 [INFO] PluginManage:359 - Loaded plugin memorymap (category:base,tabindex:4)
2025-03-26 13:46:30,057 [INFO] PluginManage:310 - Check plugin pinoutandconfiguration
2025-03-26 13:46:30,082 [INFO] PluginManage:359 - Loaded plugin pinoutandconfiguration (category:base,tabindex:1)
2025-03-26 13:46:30,082 [INFO] PluginManage:310 - Check plugin pinoutconfig
2025-03-26 13:46:30,350 [WARN] SupportedApi:132 - Cannot load RTOS API schema: s4s-elt-must-match.1: The content of 'definitions' must match (annotation?, (simpleType | complexType)?, (unique | key | keyref)*)). A problem was found starting at: attribute.
2025-03-26 13:46:30,983 [INFO] PluginManage:359 - Loaded plugin pinoutconfig (category:base,tabindex:0)
2025-03-26 13:46:30,984 [INFO] PluginManage:310 - Check plugin power
2025-03-26 13:46:31,052 [INFO] PluginManage:359 - Loaded plugin power (category:power,tabindex:4)
2025-03-26 13:46:31,052 [INFO] PluginManage:310 - Check plugin projectmanager
2025-03-26 13:46:31,083 [INFO] PluginManage:359 - Loaded plugin projectmanager (category:projectmanager,tabindex:4)
2025-03-26 13:46:31,084 [INFO] PluginManage:310 - Check plugin rif
2025-03-26 13:46:31,094 [INFO] PluginManage:359 - Loaded plugin rif (category:base,tabindex:3)
2025-03-26 13:46:31,094 [INFO] PluginManage:310 - Check plugin thirdparty
2025-03-26 13:46:31,360 [WARN] IntegrityCheckThread:84 - waiting for thirdparty lock release [integrity check]
2025-03-26 13:46:31,361 [INFO] IntegrityCheckThread:86 - entering critical section [integrity check]
2025-03-26 13:46:31,361 [INFO] PluginManage:359 - Loaded plugin thirdparty (category:base,tabindex:-1)
2025-03-26 13:46:31,361 [INFO] PluginManage:310 - Check plugin tools
2025-03-26 13:46:31,361 [INFO] ThirdPartyUpdaterWithRetryManager:70 - Updater plugin not ready yet. [1/15]
2025-03-26 13:46:31,381 [INFO] PluginManage:359 - Loaded plugin tools (category:base,tabindex:7)
2025-03-26 13:46:31,381 [INFO] PluginManage:310 - Check plugin tutovideos
2025-03-26 13:46:31,662 [INFO] PluginManage:359 - Loaded plugin tutovideos (category:base,tabindex:-1)
2025-03-26 13:46:31,663 [INFO] PluginManage:310 - Check plugin updater
2025-03-26 13:46:31,731 [INFO] PluginManage:359 - Loaded plugin updater (category:base,tabindex:12)
2025-03-26 13:46:31,731 [INFO] PluginManage:310 - Check plugin userauth
2025-03-26 13:46:31,751 [INFO] UserAuth:118 - Init User Auth plugin
2025-03-26 13:46:31,753 [INFO] PluginManage:359 - Loaded plugin userauth (category:base,tabindex:14)
2025-03-26 13:46:31,754 [INFO] PluginManage:283 - PluginManage : Loaded plugins [18]
2025-03-26 13:46:32,129 [INFO] PinOutPanel:1589 - setPackage(No Configuration,No Configuration)
2025-03-26 13:46:32,257 [INFO] CADModel:165 - CPN selected for project level
2025-03-26 13:46:32,258 [INFO] CADModel:114 - Register for checkConnection events
2025-03-26 13:46:32,292 [INFO] IPUIPlugin:80 - create IPUIPlugin
2025-03-26 13:46:32,292 [INFO] PluginManager:220 - loadIPPluginJar : add fmc
2025-03-26 13:46:32,301 [INFO] IPUIPlugin:80 - create IPUIPlugin
2025-03-26 13:46:32,301 [INFO] PluginManager:220 - loadIPPluginJar : add adc
2025-03-26 13:46:32,304 [INFO] IPUIPlugin:80 - create IPUIPlugin
2025-03-26 13:46:32,304 [INFO] PluginManager:220 - loadIPPluginJar : add comp
2025-03-26 13:46:32,331 [INFO] IPUIPlugin:80 - create IPUIPlugin
2025-03-26 13:46:32,332 [INFO] PluginManager:220 - loadIPPluginJar : add resmgrutility
2025-03-26 13:46:32,348 [INFO] IPUIPlugin:80 - create IPUIPlugin
2025-03-26 13:46:32,348 [INFO] PluginManager:220 - loadIPPluginJar : add quadspi
2025-03-26 13:46:32,352 [INFO] IPUIPlugin:80 - create IPUIPlugin
2025-03-26 13:46:32,352 [INFO] PluginManager:220 - loadIPPluginJar : add usart
2025-03-26 13:46:32,362 [INFO] IPUIPlugin:80 - create IPUIPlugin
2025-03-26 13:46:32,363 [INFO] PluginManager:220 - loadIPPluginJar : add mdma
2025-03-26 13:46:32,365 [INFO] IPUIPlugin:80 - create IPUIPlugin
2025-03-26 13:46:32,366 [INFO] PluginManager:220 - loadIPPluginJar : add ltdc
2025-03-26 13:46:32,368 [INFO] IPUIPlugin:80 - create IPUIPlugin
2025-03-26 13:46:32,368 [INFO] PluginManager:220 - loadIPPluginJar : add ts
2025-03-26 13:46:32,372 [INFO] IPUIPlugin:80 - create IPUIPlugin
2025-03-26 13:46:32,372 [INFO] PluginManager:220 - loadIPPluginJar : add gtzc
2025-03-26 13:46:32,397 [INFO] IPUIPlugin:80 - create IPUIPlugin
2025-03-26 13:46:32,397 [INFO] PluginManager:220 - loadIPPluginJar : add freertos
2025-03-26 13:46:32,401 [INFO] IPUIPlugin:80 - create IPUIPlugin
2025-03-26 13:46:32,402 [INFO] PluginManager:220 - loadIPPluginJar : add opamp
2025-03-26 13:46:32,406 [INFO] IPUIPlugin:80 - create IPUIPlugin
2025-03-26 13:46:32,407 [INFO] PluginManager:220 - loadIPPluginJar : add sai
2025-03-26 13:46:32,410 [INFO] IPUIPlugin:80 - create IPUIPlugin
2025-03-26 13:46:32,411 [INFO] PluginManager:220 - loadIPPluginJar : add ddr_ctrl_phy
2025-03-26 13:46:32,419 [INFO] IPUIPlugin:80 - create IPUIPlugin
2025-03-26 13:46:32,419 [INFO] PluginManager:220 - loadIPPluginJar : add linkedlist
2025-03-26 13:46:32,423 [INFO] IPUIPlugin:80 - create IPUIPlugin
2025-03-26 13:46:32,423 [INFO] PluginManager:220 - loadIPPluginJar : add i2c
2025-03-26 13:46:32,426 [INFO] IPUIPlugin:80 - create IPUIPlugin
2025-03-26 13:46:32,427 [INFO] PluginManager:220 - loadIPPluginJar : add i2s
2025-03-26 13:46:32,430 [INFO] IPUIPlugin:80 - create IPUIPlugin
2025-03-26 13:46:32,430 [INFO] PluginManager:220 - loadIPPluginJar : add dma3
2025-03-26 13:46:32,433 [INFO] IPUIPlugin:80 - create IPUIPlugin
2025-03-26 13:46:32,434 [INFO] PluginManager:220 - loadIPPluginJar : add radio
2025-03-26 13:46:32,438 [INFO] IPUIPlugin:80 - create IPUIPlugin
2025-03-26 13:46:32,438 [INFO] PluginManager:220 - loadIPPluginJar : add dfsdm
2025-03-26 13:46:32,441 [INFO] IPUIPlugin:80 - create IPUIPlugin
2025-03-26 13:46:32,441 [INFO] PluginManager:220 - loadIPPluginJar : add tsc
2025-03-26 13:46:32,444 [INFO] IPUIPlugin:80 - create IPUIPlugin
2025-03-26 13:46:32,444 [INFO] PluginManager:220 - loadIPPluginJar : add tim
2025-03-26 13:46:32,446 [INFO] IPUIPlugin:80 - create IPUIPlugin
2025-03-26 13:46:32,446 [INFO] PluginManager:220 - loadIPPluginJar : add fatfs
2025-03-26 13:46:32,450 [INFO] IPUIPlugin:80 - create IPUIPlugin
2025-03-26 13:46:32,450 [INFO] PluginManager:220 - loadIPPluginJar : add spi
2025-03-26 13:46:32,455 [INFO] IPUIPlugin:80 - create IPUIPlugin
2025-03-26 13:46:32,456 [INFO] PluginManager:220 - loadIPPluginJar : add touchsensing
2025-03-26 13:46:32,463 [INFO] IPUIPlugin:80 - create IPUIPlugin
2025-03-26 13:46:32,464 [INFO] PluginManager:220 - loadIPPluginJar : add stm32_wpan
2025-03-26 13:46:32,468 [INFO] IPUIPlugin:80 - create IPUIPlugin
2025-03-26 13:46:32,468 [INFO] PluginManager:220 - loadIPPluginJar : add i3c
2025-03-26 13:46:32,472 [INFO] IPUIPlugin:80 - create IPUIPlugin
2025-03-26 13:46:32,472 [INFO] PluginManager:220 - loadIPPluginJar : add usbx
2025-03-26 13:46:32,478 [INFO] IPUIPlugin:80 - create IPUIPlugin
2025-03-26 13:46:32,478 [INFO] PluginManager:220 - loadIPPluginJar : add gpio
2025-03-26 13:46:32,481 [INFO] IPUIPlugin:80 - create IPUIPlugin
2025-03-26 13:46:32,481 [INFO] PluginManager:220 - loadIPPluginJar : add ucpd
2025-03-26 13:46:32,488 [INFO] IPUIPlugin:80 - create IPUIPlugin
2025-03-26 13:46:32,488 [INFO] PluginManager:220 - loadIPPluginJar : add gic
2025-03-26 13:46:32,506 [INFO] IPUIPlugin:80 - create IPUIPlugin
2025-03-26 13:46:32,506 [INFO] PluginManager:220 - loadIPPluginJar : add gfxmmu
2025-03-26 13:46:32,510 [INFO] IPUIPlugin:80 - create IPUIPlugin
2025-03-26 13:46:32,511 [INFO] PluginManager:220 - loadIPPluginJar : add openamp
2025-03-26 13:46:32,513 [INFO] IPUIPlugin:80 - create IPUIPlugin
2025-03-26 13:46:32,514 [INFO] PluginManager:220 - loadIPPluginJar : add tracer_emb
2025-03-26 13:46:32,518 [INFO] IPUIPlugin:80 - create IPUIPlugin
2025-03-26 13:46:32,519 [INFO] PluginManager:220 - loadIPPluginJar : add lorawan
2025-03-26 13:46:32,524 [INFO] IPUIPlugin:80 - create IPUIPlugin
2025-03-26 13:46:32,524 [INFO] PluginManager:220 - loadIPPluginJar : add nvic
2025-03-26 13:46:32,528 [INFO] IPUIPlugin:80 - create IPUIPlugin
2025-03-26 13:46:32,528 [INFO] PluginManager:220 - loadIPPluginJar : add can
2025-03-26 13:46:32,532 [INFO] IPUIPlugin:80 - create IPUIPlugin
2025-03-26 13:46:32,532 [INFO] PluginManager:220 - loadIPPluginJar : add extmemmanager
2025-03-26 13:46:32,552 [INFO] IPUIPlugin:80 - create IPUIPlugin
2025-03-26 13:46:32,552 [INFO] PluginManager:220 - loadIPPluginJar : add dma
2025-03-26 13:46:32,560 [INFO] IPUIPlugin:80 - create IPUIPlugin
2025-03-26 13:46:32,565 [INFO] PluginManager:220 - loadIPPluginJar : add plateformsettings
2025-03-26 13:46:32,569 [INFO] IPUIPlugin:80 - create IPUIPlugin
2025-03-26 13:46:32,569 [INFO] PluginManager:220 - loadIPPluginJar : add aes
2025-03-26 13:46:32,573 [INFO] IPUIPlugin:80 - create IPUIPlugin
2025-03-26 13:46:32,573 [INFO] PluginManager:220 - loadIPPluginJar : add ipddr
2025-03-26 13:46:32,577 [INFO] IPUIPlugin:80 - create IPUIPlugin
2025-03-26 13:46:32,577 [INFO] PluginManager:220 - loadIPPluginJar : add pdm2pcm
2025-03-26 13:46:32,580 [INFO] IPUIPlugin:80 - create IPUIPlugin
2025-03-26 13:46:32,581 [INFO] PluginManager:220 - loadIPPluginJar : add cryp
2025-03-26 13:46:32,584 [INFO] IPUIPlugin:80 - create IPUIPlugin
2025-03-26 13:46:32,584 [INFO] PluginManager:220 - loadIPPluginJar : add hash
2025-03-26 13:46:32,586 [INFO] IPUIPlugin:80 - create IPUIPlugin
2025-03-26 13:46:32,587 [INFO] PluginManager:220 - loadIPPluginJar : add genericplugin
2025-03-26 13:46:32,712 [FATAL] Updater:351 - Updater called before beeing initialized
2025-03-26 13:46:32,770 [INFO] RulesReader:64 - Compatibility file has been processed (297 Rules)
2025-03-26 13:46:32,790 [INFO] RulesReader:64 - Compatibility file has been processed (297 Rules)
2025-03-26 13:46:32,803 [INFO] CADModel:165 - CPN selected for project level
2025-03-26 13:46:32,804 [INFO] CADModel:114 - Register for checkConnection events
2025-03-26 13:46:32,804 [FATAL] Updater:351 - Updater called before beeing initialized
2025-03-26 13:46:32,804 [ERROR] CADModel:125 - Updater not yet initialized, retry later 
2025-03-26 13:46:33,008 [FATAL] Updater:351 - Updater called before beeing initialized
2025-03-26 13:46:33,010 [INFO] CADModel:165 - CPN selected for project level
2025-03-26 13:46:33,011 [INFO] CADModel:114 - Register for checkConnection events
2025-03-26 13:46:33,011 [FATAL] Updater:351 - Updater called before beeing initialized
2025-03-26 13:46:33,011 [ERROR] CADModel:125 - Updater not yet initialized, retry later 
2025-03-26 13:46:33,015 [FATAL] Updater:351 - Updater called before beeing initialized
2025-03-26 13:46:33,122 [FATAL] Updater:351 - Updater called before beeing initialized
2025-03-26 13:46:33,134 [INFO] DbMcusAds:53 - JSON generation date=Thu Sep 30 08:55:09 CEST 2021 (1632984909247)
2025-03-26 13:46:33,135 [FATAL] Updater:351 - Updater called before beeing initialized
2025-03-26 13:46:33,220 [WARN] DetailPanel:346 - Failed to get advertising image, set to default
2025-03-26 13:46:33,569 [FATAL] Updater:351 - Updater called before beeing initialized
2025-03-26 13:46:33,571 [FATAL] Updater:351 - Updater called before beeing initialized
2025-03-26 13:46:33,572 [FATAL] Updater:351 - Updater called before beeing initialized
2025-03-26 13:46:33,572 [WARN] DetailPanel:346 - Failed to get advertising image, set to default
2025-03-26 13:46:33,574 [FATAL] Updater:351 - Updater called before beeing initialized
2025-03-26 13:46:33,656 [ERROR] Updater:1198 - MainUpdater not yet initialized. External WinMGr cannot be set.
2025-03-26 13:46:33,660 [INFO] Updater:1134 - Updater Version found : 6.13.0
2025-03-26 13:46:33,693 [INFO] ApplicationProperties:184 - Using Application install path: /opt/st/stm32cubeide_1.17.0/plugins/com.st.stm32cube.common.mx_6.13.0.202411220809
2025-03-26 13:46:33,804 [INFO] MainUpdater:525 - Copy updater definitions from MX database
2025-03-26 13:46:34,273 [INFO] MainUpdater:2872 - connection check result : 10
2025-03-26 13:46:34,273 [INFO] MainUpdater:3566 - Updater definition file requires update
2025-03-26 13:46:34,274 [INFO] MainUpdater:289 - Updater Check For Update Now.
2025-03-26 13:46:34,275 [INFO] MicroXplorer:498 - Change Database Version : DB.6.0.130
2025-03-26 13:46:34,283 [INFO] McuFinderGlobals:63 - Set McuFinder mode to 2 (CubeIDE integrated)
2025-03-26 13:46:34,284 [INFO] UserAuth:171 - activating auth plugin
2025-03-26 13:46:34,290 [INFO] UserAuth:486 - Internet connection configuration mode: 1
2025-03-26 13:46:34,315 [INFO] ServerAccessManage:473 - Download File updaters.zip
2025-03-26 13:46:34,364 [WARN] MainUpdater:1193 - Updater busy. Cannot search thirdparties
2025-03-26 13:46:34,364 [INFO] ThirdPartyUpdaterWithRetryManager:96 - Updater plugin is busy. [1/15]
2025-03-26 13:46:34,385 [INFO] JxBrowserEngine:152 - Initiate JxBrowser Engine with user profile folder
2025-03-26 13:46:34,459 [INFO] FileExtend:240 - Unzip File : updaters.zip
2025-03-26 13:46:34,459 [INFO] FileExtend:255 - Standard Zip Deflate
2025-03-26 13:46:34,891 [INFO] ServerAccessManage:473 - Download File PacksControlFlags.xml
2025-03-26 13:46:35,015 [INFO] ServerAccessManage:473 - Download File cubemx.pidx
2025-03-26 13:46:35,246 [INFO] LoadServerUpdatesThread:375 - End of LoadServerUpdate Thread
2025-03-26 13:46:35,334 [WARN] CheckServerUpdateThread:151 - Open CheckUpdateFile Fail
2025-03-26 13:46:35,470 [INFO] CheckServerUpdateThread:120 - End of CheckServer Thread
2025-03-26 13:46:40,331 [WARN] PackLoader:240 - Cannot read IP mode file for STMicroelectronics.FP-SNS-MOTENVWB1.1.4.0
2025-03-26 13:46:41,083 [WARN] PackLoader:240 - Cannot read IP mode file for STMicroelectronics.X-CUBE-DISPLAY.3.0.0
2025-03-26 13:46:41,460 [WARN] PackLoader:240 - Cannot read IP mode file for STMicroelectronics.X-CUBE-BLEMGR.4.0.0
2025-03-26 13:46:41,565 [WARN] PackLoader:240 - Cannot read IP mode file for STMicroelectronics.X-CUBE-AI.10.0.0
2025-03-26 13:46:41,588 [WARN] PackLoader:240 - Cannot read IP mode file for STMicroelectronics.FP-SNS-SMARTAG2.1.2.0
2025-03-26 13:46:41,821 [WARN] PackLoader:240 - Cannot read IP mode file for STMicroelectronics.X-CUBE-MEMS1.11.1.0
2025-03-26 13:46:42,104 [WARN] PackLoader:240 - Cannot read IP mode file for STMicroelectronics.FP-SNS-MOTENV1.5.0.0
2025-03-26 13:46:42,142 [WARN] PackLoader:240 - Cannot read IP mode file for STMicroelectronics.X-CUBE-BLE2.3.3.0
2025-03-26 13:46:42,167 [WARN] PackLoader:240 - Cannot read IP mode file for STMicroelectronics.FP-ATR-SIGFOX1.3.2.0
2025-03-26 13:46:42,215 [WARN] PackLoader:240 - Cannot read IP mode file for STMicroelectronics.X-CUBE-EEPRMA1.5.1.0
2025-03-26 13:46:42,228 [WARN] PackLoader:240 - Cannot read IP mode file for STMicroelectronics.X-CUBE-ISPU.2.1.0
2025-03-26 13:46:42,267 [WARN] PackLoader:240 - Cannot read IP mode file for STMicroelectronics.X-CUBE-DPower.1.2.0
2025-03-26 13:46:42,275 [WARN] PackLoader:240 - Cannot read IP mode file for STMicroelectronics.X-CUBE-FREERTOS.1.3.0
2025-03-26 13:46:42,295 [WARN] PackLoader:240 - Cannot read IP mode file for STMicroelectronics.X-CUBE-GNSS1.7.0.1
2025-03-26 13:46:42,360 [WARN] PackLoader:240 - Cannot read IP mode file for STMicroelectronics.FP-SNS-STBOX1.2.0.0
2025-03-26 13:46:42,409 [WARN] PackLoader:240 - Cannot read IP mode file for STMicroelectronics.X-CUBE-IPS.3.1.0
2025-03-26 13:46:42,429 [WARN] PackLoader:240 - Cannot read IP mode file for STMicroelectronics.X-CUBE-ALS.1.0.2
2025-03-26 13:46:42,431 [INFO] ThirdParty:978 - Integrity check success = true
2025-03-26 13:46:42,432 [INFO] IntegrityCheckThread:100 - exiting critical section [integrity check]
2025-03-26 13:46:42,432 [INFO] IntegrityCheckThread:103 - End integrity checks thread
2025-03-26 13:46:51,426 [INFO] WebApp:168 - Instantiating new browser for Auth
2025-03-26 13:46:56,834 [INFO] WebApp:449 - Apply proxy settings
2025-03-26 13:46:56,835 [INFO] WebApp:534 - Chromium requires no authentication
2025-03-26 13:46:57,042 [INFO] WebApp:477 - Direct internet connection detected
2025-03-26 13:46:57,285 [INFO] WebApp:880 - Register for checkConnection events
2025-03-26 13:46:57,286 [INFO] WebApp:449 - Apply proxy settings
2025-03-26 13:46:57,286 [INFO] WebApp:534 - Chromium requires no authentication
2025-03-26 13:46:57,288 [INFO] WebApp:477 - Direct internet connection detected
2025-03-26 13:46:58,920 [INFO] WebApp:221 - Starting web application
2025-03-26 13:46:58,921 [INFO] WebApp:579 - Web application path used /opt/st/stm32cubeide_1.17.0/plugins/com.st.stm32cube.common.mx_6.13.0.202411220809/db/plugins/mcufinder/reactClient1/index.html
2025-03-26 13:46:59,026 [INFO] WebApp:187 - Connection restablished
2025-03-26 15:35:32,164 [INFO] WebApp:190 - Connection lost
2025-03-26 15:35:34,893 [INFO] WebApp:187 - Connection restablished
2025-03-26 15:35:52,984 [INFO] WebApp:190 - Connection lost
2025-03-26 15:35:53,230 [INFO] WebApp:187 - Connection restablished
