2025-03-28 07:37:33,969 [INFO] Activator:176 - 


2025-03-28 07:37:33,975 [INFO] Activator:177 - !SESSION log4j initialized
2025-03-28 07:37:39,115 [INFO] LogOutputStream:77 - [STDOUT_REDIRECT] 
2025-03-28 07:37:42,416 [INFO] ApplicationProperties:184 - Using Application install path: /opt/st/stm32cubeide_1.17.0/plugins/com.st.stm32cube.common.mx_6.13.0.202411220809
2025-03-28 07:37:42,470 [INFO] DbMcusXml:78 - Set database path to: /opt/st/stm32cubeide_1.17.0/plugins/com.st.stm32cube.common.mx_6.13.0.202411220809//db//mcu/
2025-03-28 07:37:42,470 [INFO] ApiDb:274 - Set plugin database path to: /opt/st/stm32cubeide_1.17.0/plugins/com.st.stm32cube.common.mx_6.13.0.202411220809//db//plugins/boardmanager/
2025-03-28 07:37:42,471 [WARN] ApiDb:259 - Overriding images path with different value:  => /opt/st/stm32cubeide_1.17.0/plugins/com.st.stm32cube.common.mx_6.13.0.202411220809//db//plugins/mcufinder/images/
2025-03-28 07:37:42,517 [INFO] ApiDb:250 - Set database path to: /home/desarrollo02/.stmcufinder/plugins/mcufinder//mcu/
2025-03-28 07:37:42,519 [INFO] DbMcusAds:125 - Set database path to: /home/desarrollo02/.stmcufinder/plugins/mcufinder//mcu/
2025-03-28 07:37:42,523 [INFO] CrossReferenceDbSqlite:203 - Set database path to: /home/desarrollo02/.stmcufinder/plugins/mcufinder//mcu/cs/
2025-03-28 07:37:42,772 [INFO] RulesReader:64 - Compatibility file has been processed (297 Rules)
2025-03-28 07:37:43,044 [INFO] DbMcusXml:78 - Set database path to: /opt/st/stm32cubeide_1.17.0/plugins/com.st.stm32cube.common.mx_6.13.0.202411220809//db//mcu/
2025-03-28 07:37:43,046 [INFO] ApiDb:274 - Set plugin database path to: /opt/st/stm32cubeide_1.17.0/plugins/com.st.stm32cube.common.mx_6.13.0.202411220809//db//plugins/boardmanager/
2025-03-28 07:37:43,047 [INFO] ApiDb:261 - Set plugin images path to: /opt/st/stm32cubeide_1.17.0/plugins/com.st.stm32cube.common.mx_6.13.0.202411220809//db//plugins/mcufinder/images/
2025-03-28 07:37:43,050 [WARN] DbFile:41 - Overriding database path with different value: /home/desarrollo02/.stmcufinder/plugins/mcufinder/ => /home/desarrollo02/.stmcufinder/plugins/mcufinder
2025-03-28 07:37:43,051 [INFO] ApiDb:250 - Set database path to: /home/desarrollo02/.stmcufinder/plugins/mcufinder//mcu/
2025-03-28 07:37:43,051 [WARN] DbFile:41 - Overriding database path with different value: /home/desarrollo02/.stmcufinder/plugins/mcufinder/ => /home/desarrollo02/.stmcufinder/plugins/mcufinder
2025-03-28 07:37:43,051 [INFO] DbMcusAds:125 - Set database path to: /home/desarrollo02/.stmcufinder/plugins/mcufinder//mcu/
2025-03-28 07:37:43,052 [WARN] DbFile:41 - Overriding database path with different value: /home/desarrollo02/.stmcufinder/plugins/mcufinder/ => /home/desarrollo02/.stmcufinder/plugins/mcufinder
2025-03-28 07:37:43,052 [WARN] DbFile:41 - Overriding database path with different value: /home/desarrollo02/.stmcufinder/plugins/mcufinder/ => /home/desarrollo02/.stmcufinder/plugins/mcufinder
2025-03-28 07:37:43,053 [INFO] CrossReferenceDbSqlite:203 - Set database path to: /home/desarrollo02/.stmcufinder/plugins/mcufinder//mcu/cs/
2025-03-28 07:37:43,530 [INFO] MainPanel:272 - HeapMemory: 268435456
2025-03-28 07:37:43,955 [INFO] DbMcusXml:78 - Set database path to: /opt/st/stm32cubeide_1.17.0/plugins/com.st.stm32cube.common.mx_6.13.0.202411220809//db//mcu/
2025-03-28 07:37:43,955 [INFO] ApiDb:274 - Set plugin database path to: /opt/st/stm32cubeide_1.17.0/plugins/com.st.stm32cube.common.mx_6.13.0.202411220809//db//plugins/boardmanager/
2025-03-28 07:37:43,956 [INFO] ApiDb:261 - Set plugin images path to: /opt/st/stm32cubeide_1.17.0/plugins/com.st.stm32cube.common.mx_6.13.0.202411220809//db//plugins/mcufinder/images/
2025-03-28 07:37:43,957 [WARN] DbFile:41 - Overriding database path with different value: /home/desarrollo02/.stmcufinder/plugins/mcufinder/ => /home/desarrollo02/.stmcufinder/plugins/mcufinder
2025-03-28 07:37:43,958 [INFO] ApiDb:250 - Set database path to: /home/desarrollo02/.stmcufinder/plugins/mcufinder//mcu/
2025-03-28 07:37:43,958 [WARN] DbFile:41 - Overriding database path with different value: /home/desarrollo02/.stmcufinder/plugins/mcufinder/ => /home/desarrollo02/.stmcufinder/plugins/mcufinder
2025-03-28 07:37:43,959 [INFO] DbMcusAds:125 - Set database path to: /home/desarrollo02/.stmcufinder/plugins/mcufinder//mcu/
2025-03-28 07:37:43,959 [WARN] DbFile:41 - Overriding database path with different value: /home/desarrollo02/.stmcufinder/plugins/mcufinder/ => /home/desarrollo02/.stmcufinder/plugins/mcufinder
2025-03-28 07:37:43,959 [WARN] DbFile:41 - Overriding database path with different value: /home/desarrollo02/.stmcufinder/plugins/mcufinder/ => /home/desarrollo02/.stmcufinder/plugins/mcufinder
2025-03-28 07:37:43,960 [INFO] CrossReferenceDbSqlite:203 - Set database path to: /home/desarrollo02/.stmcufinder/plugins/mcufinder//mcu/cs/
2025-03-28 07:37:43,996 [INFO] ApplicationProperties:184 - Using Application install path: /opt/st/stm32cubeide_1.17.0/plugins/com.st.stm32cube.common.mx_6.13.0.202411220809
2025-03-28 07:37:43,999 [INFO] PluginManage:196 - Search for loadable plugins [exclusion list=, ]
2025-03-28 07:37:44,016 [INFO] PluginManage:310 - Check plugin analytics
2025-03-28 07:37:44,494 [INFO] AnalyticsPlugin:253 - Accepted Software Licenses: 
2025-03-28 07:37:44,495 [INFO] AnalyticsPlugin:255 - Accepted CMSIS Pack Licenses: 
2025-03-28 07:37:44,495 [INFO] AnalyticsPlugin:257 - Accepted Firmware Licenses: 
2025-03-28 07:37:44,504 [INFO] PluginManage:359 - Loaded plugin analytics (category:tool,tabindex:-1)
2025-03-28 07:37:44,505 [INFO] PluginManage:310 - Check plugin cadmodel
2025-03-28 07:37:44,531 [INFO] CADModel:105 - Init CAD model plugin
2025-03-28 07:37:44,531 [INFO] PluginManage:359 - Loaded plugin cadmodel (category:power,tabindex:5)
2025-03-28 07:37:44,532 [INFO] PluginManage:310 - Check plugin clock
2025-03-28 07:37:44,567 [INFO] PluginManage:359 - Loaded plugin clock (category:base,tabindex:2)
2025-03-28 07:37:44,567 [INFO] PluginManage:310 - Check plugin ddr
2025-03-28 07:37:44,580 [INFO] PluginManage:359 - Loaded plugin ddr (category:tool,tabindex:6)
2025-03-28 07:37:44,581 [INFO] PluginManage:310 - Check plugin filemanager
2025-03-28 07:37:44,839 [INFO] PluginManage:359 - Loaded plugin filemanager (category:base,tabindex:10)
2025-03-28 07:37:44,839 [INFO] PluginManage:310 - Check plugin ipmanager
2025-03-28 07:37:44,855 [INFO] PluginManage:359 - Loaded plugin ipmanager (category:base,tabindex:5)
2025-03-28 07:37:44,855 [INFO] PluginManage:310 - Check plugin lpbam
2025-03-28 07:37:44,873 [INFO] PluginManage:359 - Loaded plugin lpbam (category:base,tabindex:0)
2025-03-28 07:37:44,874 [INFO] PluginManage:310 - Check plugin memorymap
2025-03-28 07:37:44,900 [INFO] PluginManage:359 - Loaded plugin memorymap (category:base,tabindex:4)
2025-03-28 07:37:44,900 [INFO] PluginManage:310 - Check plugin pinoutandconfiguration
2025-03-28 07:37:44,919 [INFO] PluginManage:359 - Loaded plugin pinoutandconfiguration (category:base,tabindex:1)
2025-03-28 07:37:44,919 [INFO] PluginManage:310 - Check plugin pinoutconfig
2025-03-28 07:37:45,097 [WARN] SupportedApi:132 - Cannot load RTOS API schema: s4s-elt-must-match.1: The content of 'definitions' must match (annotation?, (simpleType | complexType)?, (unique | key | keyref)*)). A problem was found starting at: attribute.
2025-03-28 07:37:45,345 [INFO] PluginManage:359 - Loaded plugin pinoutconfig (category:base,tabindex:0)
2025-03-28 07:37:45,346 [INFO] PluginManage:310 - Check plugin power
2025-03-28 07:37:45,391 [INFO] PluginManage:359 - Loaded plugin power (category:power,tabindex:4)
2025-03-28 07:37:45,391 [INFO] PluginManage:310 - Check plugin projectmanager
2025-03-28 07:37:45,429 [INFO] PluginManage:359 - Loaded plugin projectmanager (category:projectmanager,tabindex:4)
2025-03-28 07:37:45,429 [INFO] PluginManage:310 - Check plugin rif
2025-03-28 07:37:45,442 [INFO] PluginManage:359 - Loaded plugin rif (category:base,tabindex:3)
2025-03-28 07:37:45,442 [INFO] PluginManage:310 - Check plugin thirdparty
2025-03-28 07:37:45,741 [WARN] IntegrityCheckThread:84 - waiting for thirdparty lock release [integrity check]
2025-03-28 07:37:45,742 [INFO] IntegrityCheckThread:86 - entering critical section [integrity check]
2025-03-28 07:37:45,743 [INFO] ThirdPartyUpdaterWithRetryManager:70 - Updater plugin not ready yet. [1/15]
2025-03-28 07:37:45,743 [INFO] PluginManage:359 - Loaded plugin thirdparty (category:base,tabindex:-1)
2025-03-28 07:37:45,744 [INFO] PluginManage:310 - Check plugin tools
2025-03-28 07:37:45,760 [INFO] PluginManage:359 - Loaded plugin tools (category:base,tabindex:7)
2025-03-28 07:37:45,761 [INFO] PluginManage:310 - Check plugin tutovideos
2025-03-28 07:37:46,042 [INFO] PluginManage:359 - Loaded plugin tutovideos (category:base,tabindex:-1)
2025-03-28 07:37:46,042 [INFO] PluginManage:310 - Check plugin updater
2025-03-28 07:37:46,097 [INFO] PluginManage:359 - Loaded plugin updater (category:base,tabindex:12)
2025-03-28 07:37:46,097 [INFO] PluginManage:310 - Check plugin userauth
2025-03-28 07:37:46,122 [INFO] UserAuth:118 - Init User Auth plugin
2025-03-28 07:37:46,124 [INFO] PluginManage:359 - Loaded plugin userauth (category:base,tabindex:14)
2025-03-28 07:37:46,125 [INFO] PluginManage:283 - PluginManage : Loaded plugins [18]
2025-03-28 07:37:46,485 [INFO] PinOutPanel:1589 - setPackage(No Configuration,No Configuration)
2025-03-28 07:37:46,632 [INFO] CADModel:165 - CPN selected for project level
2025-03-28 07:37:46,633 [INFO] CADModel:114 - Register for checkConnection events
2025-03-28 07:37:46,683 [INFO] IPUIPlugin:80 - create IPUIPlugin
2025-03-28 07:37:46,683 [INFO] PluginManager:220 - loadIPPluginJar : add fmc
2025-03-28 07:37:46,693 [INFO] IPUIPlugin:80 - create IPUIPlugin
2025-03-28 07:37:46,694 [INFO] PluginManager:220 - loadIPPluginJar : add adc
2025-03-28 07:37:46,697 [INFO] IPUIPlugin:80 - create IPUIPlugin
2025-03-28 07:37:46,697 [INFO] PluginManager:220 - loadIPPluginJar : add comp
2025-03-28 07:37:46,722 [INFO] IPUIPlugin:80 - create IPUIPlugin
2025-03-28 07:37:46,722 [INFO] PluginManager:220 - loadIPPluginJar : add resmgrutility
2025-03-28 07:37:46,736 [INFO] IPUIPlugin:80 - create IPUIPlugin
2025-03-28 07:37:46,736 [INFO] PluginManager:220 - loadIPPluginJar : add quadspi
2025-03-28 07:37:46,740 [INFO] IPUIPlugin:80 - create IPUIPlugin
2025-03-28 07:37:46,740 [INFO] PluginManager:220 - loadIPPluginJar : add usart
2025-03-28 07:37:46,771 [INFO] IPUIPlugin:80 - create IPUIPlugin
2025-03-28 07:37:46,773 [INFO] PluginManager:220 - loadIPPluginJar : add mdma
2025-03-28 07:37:46,776 [INFO] IPUIPlugin:80 - create IPUIPlugin
2025-03-28 07:37:46,776 [INFO] PluginManager:220 - loadIPPluginJar : add ltdc
2025-03-28 07:37:46,780 [INFO] IPUIPlugin:80 - create IPUIPlugin
2025-03-28 07:37:46,780 [INFO] PluginManager:220 - loadIPPluginJar : add ts
2025-03-28 07:37:46,784 [INFO] IPUIPlugin:80 - create IPUIPlugin
2025-03-28 07:37:46,785 [INFO] PluginManager:220 - loadIPPluginJar : add gtzc
2025-03-28 07:37:46,802 [INFO] IPUIPlugin:80 - create IPUIPlugin
2025-03-28 07:37:46,803 [INFO] PluginManager:220 - loadIPPluginJar : add freertos
2025-03-28 07:37:46,807 [INFO] IPUIPlugin:80 - create IPUIPlugin
2025-03-28 07:37:46,807 [INFO] PluginManager:220 - loadIPPluginJar : add opamp
2025-03-28 07:37:46,812 [INFO] IPUIPlugin:80 - create IPUIPlugin
2025-03-28 07:37:46,812 [INFO] PluginManager:220 - loadIPPluginJar : add sai
2025-03-28 07:37:46,816 [INFO] IPUIPlugin:80 - create IPUIPlugin
2025-03-28 07:37:46,816 [INFO] PluginManager:220 - loadIPPluginJar : add ddr_ctrl_phy
2025-03-28 07:37:46,826 [INFO] IPUIPlugin:80 - create IPUIPlugin
2025-03-28 07:37:46,826 [INFO] PluginManager:220 - loadIPPluginJar : add linkedlist
2025-03-28 07:37:46,829 [INFO] IPUIPlugin:80 - create IPUIPlugin
2025-03-28 07:37:46,830 [INFO] PluginManager:220 - loadIPPluginJar : add i2c
2025-03-28 07:37:46,834 [INFO] IPUIPlugin:80 - create IPUIPlugin
2025-03-28 07:37:46,834 [INFO] PluginManager:220 - loadIPPluginJar : add i2s
2025-03-28 07:37:46,838 [INFO] IPUIPlugin:80 - create IPUIPlugin
2025-03-28 07:37:46,839 [INFO] PluginManager:220 - loadIPPluginJar : add dma3
2025-03-28 07:37:46,842 [INFO] IPUIPlugin:80 - create IPUIPlugin
2025-03-28 07:37:46,843 [INFO] PluginManager:220 - loadIPPluginJar : add radio
2025-03-28 07:37:46,848 [INFO] IPUIPlugin:80 - create IPUIPlugin
2025-03-28 07:37:46,848 [INFO] PluginManager:220 - loadIPPluginJar : add dfsdm
2025-03-28 07:37:46,851 [INFO] IPUIPlugin:80 - create IPUIPlugin
2025-03-28 07:37:46,851 [INFO] PluginManager:220 - loadIPPluginJar : add tsc
2025-03-28 07:37:46,854 [INFO] IPUIPlugin:80 - create IPUIPlugin
2025-03-28 07:37:46,855 [INFO] PluginManager:220 - loadIPPluginJar : add tim
2025-03-28 07:37:46,857 [INFO] IPUIPlugin:80 - create IPUIPlugin
2025-03-28 07:37:46,858 [INFO] PluginManager:220 - loadIPPluginJar : add fatfs
2025-03-28 07:37:46,862 [INFO] IPUIPlugin:80 - create IPUIPlugin
2025-03-28 07:37:46,862 [INFO] PluginManager:220 - loadIPPluginJar : add spi
2025-03-28 07:37:46,867 [INFO] IPUIPlugin:80 - create IPUIPlugin
2025-03-28 07:37:46,867 [INFO] PluginManager:220 - loadIPPluginJar : add touchsensing
2025-03-28 07:37:46,875 [INFO] IPUIPlugin:80 - create IPUIPlugin
2025-03-28 07:37:46,876 [INFO] PluginManager:220 - loadIPPluginJar : add stm32_wpan
2025-03-28 07:37:46,879 [INFO] IPUIPlugin:80 - create IPUIPlugin
2025-03-28 07:37:46,880 [INFO] PluginManager:220 - loadIPPluginJar : add i3c
2025-03-28 07:37:46,886 [INFO] IPUIPlugin:80 - create IPUIPlugin
2025-03-28 07:37:46,887 [INFO] PluginManager:220 - loadIPPluginJar : add usbx
2025-03-28 07:37:46,894 [INFO] IPUIPlugin:80 - create IPUIPlugin
2025-03-28 07:37:46,895 [INFO] PluginManager:220 - loadIPPluginJar : add gpio
2025-03-28 07:37:46,898 [INFO] IPUIPlugin:80 - create IPUIPlugin
2025-03-28 07:37:46,899 [INFO] PluginManager:220 - loadIPPluginJar : add ucpd
2025-03-28 07:37:46,925 [INFO] IPUIPlugin:80 - create IPUIPlugin
2025-03-28 07:37:46,926 [INFO] PluginManager:220 - loadIPPluginJar : add gic
2025-03-28 07:37:46,930 [INFO] IPUIPlugin:80 - create IPUIPlugin
2025-03-28 07:37:46,930 [INFO] PluginManager:220 - loadIPPluginJar : add gfxmmu
2025-03-28 07:37:46,935 [INFO] IPUIPlugin:80 - create IPUIPlugin
2025-03-28 07:37:46,936 [INFO] PluginManager:220 - loadIPPluginJar : add openamp
2025-03-28 07:37:46,939 [INFO] IPUIPlugin:80 - create IPUIPlugin
2025-03-28 07:37:46,940 [INFO] PluginManager:220 - loadIPPluginJar : add tracer_emb
2025-03-28 07:37:46,944 [INFO] IPUIPlugin:80 - create IPUIPlugin
2025-03-28 07:37:46,945 [INFO] PluginManager:220 - loadIPPluginJar : add lorawan
2025-03-28 07:37:46,963 [INFO] IPUIPlugin:80 - create IPUIPlugin
2025-03-28 07:37:46,964 [INFO] PluginManager:220 - loadIPPluginJar : add nvic
2025-03-28 07:37:46,969 [INFO] IPUIPlugin:80 - create IPUIPlugin
2025-03-28 07:37:46,969 [INFO] PluginManager:220 - loadIPPluginJar : add can
2025-03-28 07:37:46,975 [INFO] IPUIPlugin:80 - create IPUIPlugin
2025-03-28 07:37:46,975 [INFO] PluginManager:220 - loadIPPluginJar : add extmemmanager
2025-03-28 07:37:46,992 [INFO] IPUIPlugin:80 - create IPUIPlugin
2025-03-28 07:37:46,993 [INFO] PluginManager:220 - loadIPPluginJar : add dma
2025-03-28 07:37:47,004 [INFO] IPUIPlugin:80 - create IPUIPlugin
2025-03-28 07:37:47,010 [INFO] PluginManager:220 - loadIPPluginJar : add plateformsettings
2025-03-28 07:37:47,014 [INFO] IPUIPlugin:80 - create IPUIPlugin
2025-03-28 07:37:47,015 [INFO] PluginManager:220 - loadIPPluginJar : add aes
2025-03-28 07:37:47,021 [INFO] IPUIPlugin:80 - create IPUIPlugin
2025-03-28 07:37:47,022 [INFO] PluginManager:220 - loadIPPluginJar : add ipddr
2025-03-28 07:37:47,027 [INFO] IPUIPlugin:80 - create IPUIPlugin
2025-03-28 07:37:47,027 [INFO] PluginManager:220 - loadIPPluginJar : add pdm2pcm
2025-03-28 07:37:47,031 [INFO] IPUIPlugin:80 - create IPUIPlugin
2025-03-28 07:37:47,031 [INFO] PluginManager:220 - loadIPPluginJar : add cryp
2025-03-28 07:37:47,035 [INFO] IPUIPlugin:80 - create IPUIPlugin
2025-03-28 07:37:47,035 [INFO] PluginManager:220 - loadIPPluginJar : add hash
2025-03-28 07:37:47,038 [INFO] IPUIPlugin:80 - create IPUIPlugin
2025-03-28 07:37:47,038 [INFO] PluginManager:220 - loadIPPluginJar : add genericplugin
2025-03-28 07:37:47,169 [FATAL] Updater:351 - Updater called before beeing initialized
2025-03-28 07:37:47,218 [INFO] RulesReader:64 - Compatibility file has been processed (297 Rules)
2025-03-28 07:37:47,238 [INFO] RulesReader:64 - Compatibility file has been processed (297 Rules)
2025-03-28 07:37:47,254 [INFO] CADModel:165 - CPN selected for project level
2025-03-28 07:37:47,254 [INFO] CADModel:114 - Register for checkConnection events
2025-03-28 07:37:47,254 [FATAL] Updater:351 - Updater called before beeing initialized
2025-03-28 07:37:47,255 [ERROR] CADModel:125 - Updater not yet initialized, retry later 
2025-03-28 07:37:47,515 [FATAL] Updater:351 - Updater called before beeing initialized
2025-03-28 07:37:47,518 [INFO] CADModel:165 - CPN selected for project level
2025-03-28 07:37:47,519 [INFO] CADModel:114 - Register for checkConnection events
2025-03-28 07:37:47,519 [FATAL] Updater:351 - Updater called before beeing initialized
2025-03-28 07:37:47,519 [ERROR] CADModel:125 - Updater not yet initialized, retry later 
2025-03-28 07:37:47,526 [FATAL] Updater:351 - Updater called before beeing initialized
2025-03-28 07:37:47,678 [FATAL] Updater:351 - Updater called before beeing initialized
2025-03-28 07:37:47,691 [INFO] DbMcusAds:53 - JSON generation date=Thu Sep 30 08:55:09 CEST 2021 (1632984909247)
2025-03-28 07:37:47,692 [FATAL] Updater:351 - Updater called before beeing initialized
2025-03-28 07:37:47,769 [WARN] DetailPanel:346 - Failed to get advertising image, set to default
2025-03-28 07:37:48,149 [FATAL] Updater:351 - Updater called before beeing initialized
2025-03-28 07:37:48,152 [FATAL] Updater:351 - Updater called before beeing initialized
2025-03-28 07:37:48,152 [FATAL] Updater:351 - Updater called before beeing initialized
2025-03-28 07:37:48,152 [WARN] DetailPanel:346 - Failed to get advertising image, set to default
2025-03-28 07:37:48,154 [FATAL] Updater:351 - Updater called before beeing initialized
2025-03-28 07:37:48,260 [ERROR] Updater:1198 - MainUpdater not yet initialized. External WinMGr cannot be set.
2025-03-28 07:37:48,262 [INFO] Updater:1134 - Updater Version found : 6.13.0
2025-03-28 07:37:48,301 [INFO] ApplicationProperties:184 - Using Application install path: /opt/st/stm32cubeide_1.17.0/plugins/com.st.stm32cube.common.mx_6.13.0.202411220809
2025-03-28 07:37:48,744 [INFO] ThirdPartyUpdaterWithRetryManager:70 - Updater plugin not ready yet. [2/15]
2025-03-28 07:37:48,779 [INFO] MainUpdater:2872 - connection check result : 10
2025-03-28 07:37:48,781 [INFO] MainUpdater:289 - Updater Check For Update Now.
2025-03-28 07:37:48,781 [INFO] MicroXplorer:498 - Change Database Version : DB.6.0.130
2025-03-28 07:37:48,791 [INFO] McuFinderGlobals:63 - Set McuFinder mode to 2 (CubeIDE integrated)
2025-03-28 07:37:48,791 [INFO] UserAuth:171 - activating auth plugin
2025-03-28 07:37:48,799 [INFO] UserAuth:486 - Internet connection configuration mode: 1
2025-03-28 07:37:48,911 [INFO] JxBrowserEngine:152 - Initiate JxBrowser Engine with user profile folder
2025-03-28 07:37:49,069 [INFO] CheckServerUpdateThread:120 - End of CheckServer Thread
2025-03-28 07:37:52,963 [WARN] PackLoader:240 - Cannot read IP mode file for STMicroelectronics.FP-SNS-MOTENVWB1.1.4.0
2025-03-28 07:37:53,163 [WARN] PackLoader:240 - Cannot read IP mode file for STMicroelectronics.X-CUBE-DISPLAY.3.0.0
2025-03-28 07:37:53,265 [WARN] PackLoader:240 - Cannot read IP mode file for STMicroelectronics.X-CUBE-BLEMGR.4.0.0
2025-03-28 07:37:53,324 [WARN] PackLoader:240 - Cannot read IP mode file for STMicroelectronics.X-CUBE-AI.10.0.0
2025-03-28 07:37:53,383 [WARN] PackLoader:240 - Cannot read IP mode file for STMicroelectronics.FP-SNS-SMARTAG2.1.2.0
2025-03-28 07:37:53,641 [INFO] WebApp:168 - Instantiating new browser for Auth
2025-03-28 07:37:53,656 [WARN] PackLoader:240 - Cannot read IP mode file for STMicroelectronics.X-CUBE-MEMS1.11.1.0
2025-03-28 07:37:53,928 [WARN] PackLoader:240 - Cannot read IP mode file for STMicroelectronics.FP-SNS-MOTENV1.5.0.0
2025-03-28 07:37:54,008 [WARN] PackLoader:240 - Cannot read IP mode file for STMicroelectronics.X-CUBE-BLE2.3.3.0
2025-03-28 07:37:54,053 [WARN] PackLoader:240 - Cannot read IP mode file for STMicroelectronics.FP-ATR-SIGFOX1.3.2.0
2025-03-28 07:37:54,110 [WARN] PackLoader:240 - Cannot read IP mode file for STMicroelectronics.X-CUBE-EEPRMA1.5.1.0
2025-03-28 07:37:54,152 [WARN] PackLoader:240 - Cannot read IP mode file for STMicroelectronics.X-CUBE-ISPU.2.1.0
2025-03-28 07:37:54,219 [WARN] PackLoader:240 - Cannot read IP mode file for STMicroelectronics.X-CUBE-DPower.1.2.0
2025-03-28 07:37:54,262 [WARN] PackLoader:240 - Cannot read IP mode file for STMicroelectronics.X-CUBE-FREERTOS.1.3.0
2025-03-28 07:37:54,313 [WARN] PackLoader:240 - Cannot read IP mode file for STMicroelectronics.X-CUBE-GNSS1.7.0.1
2025-03-28 07:37:54,396 [WARN] PackLoader:240 - Cannot read IP mode file for STMicroelectronics.FP-SNS-STBOX1.2.0.0
2025-03-28 07:37:54,482 [WARN] PackLoader:240 - Cannot read IP mode file for STMicroelectronics.X-CUBE-IPS.3.1.0
2025-03-28 07:37:54,548 [WARN] PackLoader:240 - Cannot read IP mode file for STMicroelectronics.X-CUBE-ALS.1.0.2
2025-03-28 07:37:54,550 [INFO] ThirdParty:978 - Integrity check success = true
2025-03-28 07:37:54,551 [INFO] IntegrityCheckThread:100 - exiting critical section [integrity check]
2025-03-28 07:37:54,551 [INFO] IntegrityCheckThread:103 - End integrity checks thread
2025-03-28 07:37:57,387 [INFO] WebApp:449 - Apply proxy settings
2025-03-28 07:37:57,387 [INFO] WebApp:534 - Chromium requires no authentication
2025-03-28 07:37:57,447 [INFO] WebApp:477 - Direct internet connection detected
2025-03-28 07:37:57,599 [INFO] WebApp:880 - Register for checkConnection events
2025-03-28 07:37:57,600 [INFO] WebApp:449 - Apply proxy settings
2025-03-28 07:37:57,600 [INFO] WebApp:534 - Chromium requires no authentication
2025-03-28 07:37:57,601 [INFO] WebApp:477 - Direct internet connection detected
2025-03-28 07:37:58,862 [INFO] WebApp:187 - Connection restablished
2025-03-28 07:37:58,991 [INFO] WebApp:221 - Starting web application
2025-03-28 07:37:58,991 [INFO] WebApp:579 - Web application path used /opt/st/stm32cubeide_1.17.0/plugins/com.st.stm32cube.common.mx_6.13.0.202411220809/db/plugins/mcufinder/reactClient1/index.html
2025-03-28 07:49:33,788 [INFO] Activator:176 - 


2025-03-28 07:49:33,790 [INFO] Activator:177 - !SESSION log4j initialized
2025-03-28 07:49:37,554 [INFO] LogOutputStream:77 - [STDOUT_REDIRECT] 
2025-03-28 07:49:41,104 [INFO] ApplicationProperties:184 - Using Application install path: /opt/st/stm32cubeide_1.17.0/plugins/com.st.stm32cube.common.mx_6.13.0.202411220809
2025-03-28 07:49:41,129 [INFO] DbMcusXml:78 - Set database path to: /opt/st/stm32cubeide_1.17.0/plugins/com.st.stm32cube.common.mx_6.13.0.202411220809//db//mcu/
2025-03-28 07:49:41,130 [INFO] ApiDb:274 - Set plugin database path to: /opt/st/stm32cubeide_1.17.0/plugins/com.st.stm32cube.common.mx_6.13.0.202411220809//db//plugins/boardmanager/
2025-03-28 07:49:41,130 [WARN] ApiDb:259 - Overriding images path with different value:  => /opt/st/stm32cubeide_1.17.0/plugins/com.st.stm32cube.common.mx_6.13.0.202411220809//db//plugins/mcufinder/images/
2025-03-28 07:49:41,136 [INFO] ApiDb:250 - Set database path to: /home/desarrollo02/.stmcufinder/plugins/mcufinder//mcu/
2025-03-28 07:49:41,139 [INFO] DbMcusAds:125 - Set database path to: /home/desarrollo02/.stmcufinder/plugins/mcufinder//mcu/
2025-03-28 07:49:41,143 [INFO] CrossReferenceDbSqlite:203 - Set database path to: /home/desarrollo02/.stmcufinder/plugins/mcufinder//mcu/cs/
2025-03-28 07:49:41,434 [INFO] RulesReader:64 - Compatibility file has been processed (297 Rules)
2025-03-28 07:49:41,668 [INFO] DbMcusXml:78 - Set database path to: /opt/st/stm32cubeide_1.17.0/plugins/com.st.stm32cube.common.mx_6.13.0.202411220809//db//mcu/
2025-03-28 07:49:41,669 [INFO] ApiDb:274 - Set plugin database path to: /opt/st/stm32cubeide_1.17.0/plugins/com.st.stm32cube.common.mx_6.13.0.202411220809//db//plugins/boardmanager/
2025-03-28 07:49:41,669 [INFO] ApiDb:261 - Set plugin images path to: /opt/st/stm32cubeide_1.17.0/plugins/com.st.stm32cube.common.mx_6.13.0.202411220809//db//plugins/mcufinder/images/
2025-03-28 07:49:41,670 [WARN] DbFile:41 - Overriding database path with different value: /home/desarrollo02/.stmcufinder/plugins/mcufinder/ => /home/desarrollo02/.stmcufinder/plugins/mcufinder
2025-03-28 07:49:41,671 [INFO] ApiDb:250 - Set database path to: /home/desarrollo02/.stmcufinder/plugins/mcufinder//mcu/
2025-03-28 07:49:41,671 [WARN] DbFile:41 - Overriding database path with different value: /home/desarrollo02/.stmcufinder/plugins/mcufinder/ => /home/desarrollo02/.stmcufinder/plugins/mcufinder
2025-03-28 07:49:41,671 [INFO] DbMcusAds:125 - Set database path to: /home/desarrollo02/.stmcufinder/plugins/mcufinder//mcu/
2025-03-28 07:49:41,672 [WARN] DbFile:41 - Overriding database path with different value: /home/desarrollo02/.stmcufinder/plugins/mcufinder/ => /home/desarrollo02/.stmcufinder/plugins/mcufinder
2025-03-28 07:49:41,672 [WARN] DbFile:41 - Overriding database path with different value: /home/desarrollo02/.stmcufinder/plugins/mcufinder/ => /home/desarrollo02/.stmcufinder/plugins/mcufinder
2025-03-28 07:49:41,673 [INFO] CrossReferenceDbSqlite:203 - Set database path to: /home/desarrollo02/.stmcufinder/plugins/mcufinder//mcu/cs/
2025-03-28 07:49:41,838 [INFO] MainPanel:272 - HeapMemory: 268435456
2025-03-28 07:49:42,127 [INFO] DbMcusXml:78 - Set database path to: /opt/st/stm32cubeide_1.17.0/plugins/com.st.stm32cube.common.mx_6.13.0.202411220809//db//mcu/
2025-03-28 07:49:42,128 [INFO] ApiDb:274 - Set plugin database path to: /opt/st/stm32cubeide_1.17.0/plugins/com.st.stm32cube.common.mx_6.13.0.202411220809//db//plugins/boardmanager/
2025-03-28 07:49:42,128 [INFO] ApiDb:261 - Set plugin images path to: /opt/st/stm32cubeide_1.17.0/plugins/com.st.stm32cube.common.mx_6.13.0.202411220809//db//plugins/mcufinder/images/
2025-03-28 07:49:42,129 [WARN] DbFile:41 - Overriding database path with different value: /home/desarrollo02/.stmcufinder/plugins/mcufinder/ => /home/desarrollo02/.stmcufinder/plugins/mcufinder
2025-03-28 07:49:42,130 [INFO] ApiDb:250 - Set database path to: /home/desarrollo02/.stmcufinder/plugins/mcufinder//mcu/
2025-03-28 07:49:42,130 [WARN] DbFile:41 - Overriding database path with different value: /home/desarrollo02/.stmcufinder/plugins/mcufinder/ => /home/desarrollo02/.stmcufinder/plugins/mcufinder
2025-03-28 07:49:42,130 [INFO] DbMcusAds:125 - Set database path to: /home/desarrollo02/.stmcufinder/plugins/mcufinder//mcu/
2025-03-28 07:49:42,131 [WARN] DbFile:41 - Overriding database path with different value: /home/desarrollo02/.stmcufinder/plugins/mcufinder/ => /home/desarrollo02/.stmcufinder/plugins/mcufinder
2025-03-28 07:49:42,131 [WARN] DbFile:41 - Overriding database path with different value: /home/desarrollo02/.stmcufinder/plugins/mcufinder/ => /home/desarrollo02/.stmcufinder/plugins/mcufinder
2025-03-28 07:49:42,135 [INFO] CrossReferenceDbSqlite:203 - Set database path to: /home/desarrollo02/.stmcufinder/plugins/mcufinder//mcu/cs/
2025-03-28 07:49:42,276 [INFO] ApplicationProperties:184 - Using Application install path: /opt/st/stm32cubeide_1.17.0/plugins/com.st.stm32cube.common.mx_6.13.0.202411220809
2025-03-28 07:49:42,292 [INFO] PluginManage:196 - Search for loadable plugins [exclusion list=, ]
2025-03-28 07:49:42,295 [INFO] PluginManage:310 - Check plugin analytics
2025-03-28 07:49:42,963 [INFO] AnalyticsPlugin:253 - Accepted Software Licenses: 
2025-03-28 07:49:42,963 [INFO] AnalyticsPlugin:255 - Accepted CMSIS Pack Licenses: 
2025-03-28 07:49:42,963 [INFO] AnalyticsPlugin:257 - Accepted Firmware Licenses: 
2025-03-28 07:49:42,977 [INFO] PluginManage:359 - Loaded plugin analytics (category:tool,tabindex:-1)
2025-03-28 07:49:42,977 [INFO] PluginManage:310 - Check plugin cadmodel
2025-03-28 07:49:42,996 [INFO] CADModel:105 - Init CAD model plugin
2025-03-28 07:49:42,996 [INFO] PluginManage:359 - Loaded plugin cadmodel (category:power,tabindex:5)
2025-03-28 07:49:42,997 [INFO] PluginManage:310 - Check plugin clock
2025-03-28 07:49:43,036 [INFO] PluginManage:359 - Loaded plugin clock (category:base,tabindex:2)
2025-03-28 07:49:43,036 [INFO] PluginManage:310 - Check plugin ddr
2025-03-28 07:49:43,047 [INFO] PluginManage:359 - Loaded plugin ddr (category:tool,tabindex:6)
2025-03-28 07:49:43,048 [INFO] PluginManage:310 - Check plugin filemanager
2025-03-28 07:49:43,405 [INFO] PluginManage:359 - Loaded plugin filemanager (category:base,tabindex:10)
2025-03-28 07:49:43,406 [INFO] PluginManage:310 - Check plugin ipmanager
2025-03-28 07:49:43,417 [INFO] PluginManage:359 - Loaded plugin ipmanager (category:base,tabindex:5)
2025-03-28 07:49:43,417 [INFO] PluginManage:310 - Check plugin lpbam
2025-03-28 07:49:43,430 [INFO] PluginManage:359 - Loaded plugin lpbam (category:base,tabindex:0)
2025-03-28 07:49:43,431 [INFO] PluginManage:310 - Check plugin memorymap
2025-03-28 07:49:43,450 [INFO] PluginManage:359 - Loaded plugin memorymap (category:base,tabindex:4)
2025-03-28 07:49:43,451 [INFO] PluginManage:310 - Check plugin pinoutandconfiguration
2025-03-28 07:49:43,464 [INFO] PluginManage:359 - Loaded plugin pinoutandconfiguration (category:base,tabindex:1)
2025-03-28 07:49:43,464 [INFO] PluginManage:310 - Check plugin pinoutconfig
2025-03-28 07:49:43,669 [WARN] SupportedApi:132 - Cannot load RTOS API schema: s4s-elt-must-match.1: The content of 'definitions' must match (annotation?, (simpleType | complexType)?, (unique | key | keyref)*)). A problem was found starting at: attribute.
2025-03-28 07:49:43,895 [INFO] PluginManage:359 - Loaded plugin pinoutconfig (category:base,tabindex:0)
2025-03-28 07:49:43,896 [INFO] PluginManage:310 - Check plugin power
2025-03-28 07:49:43,913 [INFO] PluginManage:359 - Loaded plugin power (category:power,tabindex:4)
2025-03-28 07:49:43,914 [INFO] PluginManage:310 - Check plugin projectmanager
2025-03-28 07:49:43,948 [INFO] PluginManage:359 - Loaded plugin projectmanager (category:projectmanager,tabindex:4)
2025-03-28 07:49:43,951 [INFO] PluginManage:310 - Check plugin rif
2025-03-28 07:49:43,960 [INFO] PluginManage:359 - Loaded plugin rif (category:base,tabindex:3)
2025-03-28 07:49:43,960 [INFO] PluginManage:310 - Check plugin thirdparty
2025-03-28 07:49:44,242 [INFO] PluginManage:359 - Loaded plugin thirdparty (category:base,tabindex:-1)
2025-03-28 07:49:44,244 [INFO] PluginManage:310 - Check plugin tools
2025-03-28 07:49:44,242 [WARN] IntegrityCheckThread:84 - waiting for thirdparty lock release [integrity check]
2025-03-28 07:49:44,247 [INFO] IntegrityCheckThread:86 - entering critical section [integrity check]
2025-03-28 07:49:44,248 [INFO] ThirdPartyUpdaterWithRetryManager:70 - Updater plugin not ready yet. [1/15]
2025-03-28 07:49:44,252 [INFO] PluginManage:359 - Loaded plugin tools (category:base,tabindex:7)
2025-03-28 07:49:44,253 [INFO] PluginManage:310 - Check plugin tutovideos
2025-03-28 07:49:44,678 [INFO] PluginManage:359 - Loaded plugin tutovideos (category:base,tabindex:-1)
2025-03-28 07:49:44,678 [INFO] PluginManage:310 - Check plugin updater
2025-03-28 07:49:44,722 [INFO] PluginManage:359 - Loaded plugin updater (category:base,tabindex:12)
2025-03-28 07:49:44,722 [INFO] PluginManage:310 - Check plugin userauth
2025-03-28 07:49:44,730 [INFO] UserAuth:118 - Init User Auth plugin
2025-03-28 07:49:44,733 [INFO] PluginManage:359 - Loaded plugin userauth (category:base,tabindex:14)
2025-03-28 07:49:44,734 [INFO] PluginManage:283 - PluginManage : Loaded plugins [18]
2025-03-28 07:49:45,179 [INFO] PinOutPanel:1589 - setPackage(No Configuration,No Configuration)
2025-03-28 07:49:45,368 [INFO] CADModel:165 - CPN selected for project level
2025-03-28 07:49:45,369 [INFO] CADModel:114 - Register for checkConnection events
2025-03-28 07:49:45,403 [INFO] IPUIPlugin:80 - create IPUIPlugin
2025-03-28 07:49:45,404 [INFO] PluginManager:220 - loadIPPluginJar : add fmc
2025-03-28 07:49:45,415 [INFO] IPUIPlugin:80 - create IPUIPlugin
2025-03-28 07:49:45,416 [INFO] PluginManager:220 - loadIPPluginJar : add adc
2025-03-28 07:49:45,418 [INFO] IPUIPlugin:80 - create IPUIPlugin
2025-03-28 07:49:45,418 [INFO] PluginManager:220 - loadIPPluginJar : add comp
2025-03-28 07:49:45,423 [INFO] IPUIPlugin:80 - create IPUIPlugin
2025-03-28 07:49:45,424 [INFO] PluginManager:220 - loadIPPluginJar : add resmgrutility
2025-03-28 07:49:45,426 [INFO] IPUIPlugin:80 - create IPUIPlugin
2025-03-28 07:49:45,426 [INFO] PluginManager:220 - loadIPPluginJar : add quadspi
2025-03-28 07:49:45,431 [INFO] IPUIPlugin:80 - create IPUIPlugin
2025-03-28 07:49:45,432 [INFO] PluginManager:220 - loadIPPluginJar : add usart
2025-03-28 07:49:45,443 [INFO] IPUIPlugin:80 - create IPUIPlugin
2025-03-28 07:49:45,445 [INFO] PluginManager:220 - loadIPPluginJar : add mdma
2025-03-28 07:49:45,446 [INFO] IPUIPlugin:80 - create IPUIPlugin
2025-03-28 07:49:45,447 [INFO] PluginManager:220 - loadIPPluginJar : add ltdc
2025-03-28 07:49:45,449 [INFO] IPUIPlugin:80 - create IPUIPlugin
2025-03-28 07:49:45,450 [INFO] PluginManager:220 - loadIPPluginJar : add ts
2025-03-28 07:49:45,453 [INFO] IPUIPlugin:80 - create IPUIPlugin
2025-03-28 07:49:45,453 [INFO] PluginManager:220 - loadIPPluginJar : add gtzc
2025-03-28 07:49:45,460 [INFO] IPUIPlugin:80 - create IPUIPlugin
2025-03-28 07:49:45,461 [INFO] PluginManager:220 - loadIPPluginJar : add freertos
2025-03-28 07:49:45,465 [INFO] IPUIPlugin:80 - create IPUIPlugin
2025-03-28 07:49:45,466 [INFO] PluginManager:220 - loadIPPluginJar : add opamp
2025-03-28 07:49:45,471 [INFO] IPUIPlugin:80 - create IPUIPlugin
2025-03-28 07:49:45,471 [INFO] PluginManager:220 - loadIPPluginJar : add sai
2025-03-28 07:49:45,475 [INFO] IPUIPlugin:80 - create IPUIPlugin
2025-03-28 07:49:45,475 [INFO] PluginManager:220 - loadIPPluginJar : add ddr_ctrl_phy
2025-03-28 07:49:45,485 [INFO] IPUIPlugin:80 - create IPUIPlugin
2025-03-28 07:49:45,485 [INFO] PluginManager:220 - loadIPPluginJar : add linkedlist
2025-03-28 07:49:45,489 [INFO] IPUIPlugin:80 - create IPUIPlugin
2025-03-28 07:49:45,489 [INFO] PluginManager:220 - loadIPPluginJar : add i2c
2025-03-28 07:49:45,493 [INFO] IPUIPlugin:80 - create IPUIPlugin
2025-03-28 07:49:45,493 [INFO] PluginManager:220 - loadIPPluginJar : add i2s
2025-03-28 07:49:45,496 [INFO] IPUIPlugin:80 - create IPUIPlugin
2025-03-28 07:49:45,497 [INFO] PluginManager:220 - loadIPPluginJar : add dma3
2025-03-28 07:49:45,499 [INFO] IPUIPlugin:80 - create IPUIPlugin
2025-03-28 07:49:45,500 [INFO] PluginManager:220 - loadIPPluginJar : add radio
2025-03-28 07:49:45,504 [INFO] IPUIPlugin:80 - create IPUIPlugin
2025-03-28 07:49:45,505 [INFO] PluginManager:220 - loadIPPluginJar : add dfsdm
2025-03-28 07:49:45,507 [INFO] IPUIPlugin:80 - create IPUIPlugin
2025-03-28 07:49:45,508 [INFO] PluginManager:220 - loadIPPluginJar : add tsc
2025-03-28 07:49:45,510 [INFO] IPUIPlugin:80 - create IPUIPlugin
2025-03-28 07:49:45,510 [INFO] PluginManager:220 - loadIPPluginJar : add tim
2025-03-28 07:49:45,513 [INFO] IPUIPlugin:80 - create IPUIPlugin
2025-03-28 07:49:45,513 [INFO] PluginManager:220 - loadIPPluginJar : add fatfs
2025-03-28 07:49:45,517 [INFO] IPUIPlugin:80 - create IPUIPlugin
2025-03-28 07:49:45,517 [INFO] PluginManager:220 - loadIPPluginJar : add spi
2025-03-28 07:49:45,523 [INFO] IPUIPlugin:80 - create IPUIPlugin
2025-03-28 07:49:45,524 [INFO] PluginManager:220 - loadIPPluginJar : add touchsensing
2025-03-28 07:49:45,532 [INFO] IPUIPlugin:80 - create IPUIPlugin
2025-03-28 07:49:45,532 [INFO] PluginManager:220 - loadIPPluginJar : add stm32_wpan
2025-03-28 07:49:45,536 [INFO] IPUIPlugin:80 - create IPUIPlugin
2025-03-28 07:49:45,537 [INFO] PluginManager:220 - loadIPPluginJar : add i3c
2025-03-28 07:49:45,542 [INFO] IPUIPlugin:80 - create IPUIPlugin
2025-03-28 07:49:45,542 [INFO] PluginManager:220 - loadIPPluginJar : add usbx
2025-03-28 07:49:45,549 [INFO] IPUIPlugin:80 - create IPUIPlugin
2025-03-28 07:49:45,549 [INFO] PluginManager:220 - loadIPPluginJar : add gpio
2025-03-28 07:49:45,552 [INFO] IPUIPlugin:80 - create IPUIPlugin
2025-03-28 07:49:45,553 [INFO] PluginManager:220 - loadIPPluginJar : add ucpd
2025-03-28 07:49:45,563 [INFO] IPUIPlugin:80 - create IPUIPlugin
2025-03-28 07:49:45,564 [INFO] PluginManager:220 - loadIPPluginJar : add gic
2025-03-28 07:49:45,568 [INFO] IPUIPlugin:80 - create IPUIPlugin
2025-03-28 07:49:45,569 [INFO] PluginManager:220 - loadIPPluginJar : add gfxmmu
2025-03-28 07:49:45,573 [INFO] IPUIPlugin:80 - create IPUIPlugin
2025-03-28 07:49:45,574 [INFO] PluginManager:220 - loadIPPluginJar : add openamp
2025-03-28 07:49:45,577 [INFO] IPUIPlugin:80 - create IPUIPlugin
2025-03-28 07:49:45,578 [INFO] PluginManager:220 - loadIPPluginJar : add tracer_emb
2025-03-28 07:49:45,586 [INFO] IPUIPlugin:80 - create IPUIPlugin
2025-03-28 07:49:45,586 [INFO] PluginManager:220 - loadIPPluginJar : add lorawan
2025-03-28 07:49:45,592 [INFO] IPUIPlugin:80 - create IPUIPlugin
2025-03-28 07:49:45,592 [INFO] PluginManager:220 - loadIPPluginJar : add nvic
2025-03-28 07:49:45,601 [INFO] IPUIPlugin:80 - create IPUIPlugin
2025-03-28 07:49:45,601 [INFO] PluginManager:220 - loadIPPluginJar : add can
2025-03-28 07:49:45,605 [INFO] IPUIPlugin:80 - create IPUIPlugin
2025-03-28 07:49:45,606 [INFO] PluginManager:220 - loadIPPluginJar : add extmemmanager
2025-03-28 07:49:45,614 [INFO] IPUIPlugin:80 - create IPUIPlugin
2025-03-28 07:49:45,615 [INFO] PluginManager:220 - loadIPPluginJar : add dma
2025-03-28 07:49:45,625 [INFO] IPUIPlugin:80 - create IPUIPlugin
2025-03-28 07:49:45,632 [INFO] PluginManager:220 - loadIPPluginJar : add plateformsettings
2025-03-28 07:49:45,636 [INFO] IPUIPlugin:80 - create IPUIPlugin
2025-03-28 07:49:45,637 [INFO] PluginManager:220 - loadIPPluginJar : add aes
2025-03-28 07:49:45,642 [INFO] IPUIPlugin:80 - create IPUIPlugin
2025-03-28 07:49:45,642 [INFO] PluginManager:220 - loadIPPluginJar : add ipddr
2025-03-28 07:49:45,647 [INFO] IPUIPlugin:80 - create IPUIPlugin
2025-03-28 07:49:45,648 [INFO] PluginManager:220 - loadIPPluginJar : add pdm2pcm
2025-03-28 07:49:45,651 [INFO] IPUIPlugin:80 - create IPUIPlugin
2025-03-28 07:49:45,652 [INFO] PluginManager:220 - loadIPPluginJar : add cryp
2025-03-28 07:49:45,656 [INFO] IPUIPlugin:80 - create IPUIPlugin
2025-03-28 07:49:45,656 [INFO] PluginManager:220 - loadIPPluginJar : add hash
2025-03-28 07:49:45,659 [INFO] IPUIPlugin:80 - create IPUIPlugin
2025-03-28 07:49:45,660 [INFO] PluginManager:220 - loadIPPluginJar : add genericplugin
2025-03-28 07:49:45,803 [FATAL] Updater:351 - Updater called before beeing initialized
2025-03-28 07:49:45,854 [INFO] RulesReader:64 - Compatibility file has been processed (297 Rules)
2025-03-28 07:49:45,875 [INFO] RulesReader:64 - Compatibility file has been processed (297 Rules)
2025-03-28 07:49:45,890 [INFO] CADModel:165 - CPN selected for project level
2025-03-28 07:49:45,891 [INFO] CADModel:114 - Register for checkConnection events
2025-03-28 07:49:45,891 [FATAL] Updater:351 - Updater called before beeing initialized
2025-03-28 07:49:45,891 [ERROR] CADModel:125 - Updater not yet initialized, retry later 
2025-03-28 07:49:46,122 [FATAL] Updater:351 - Updater called before beeing initialized
2025-03-28 07:49:46,124 [INFO] CADModel:165 - CPN selected for project level
2025-03-28 07:49:46,125 [INFO] CADModel:114 - Register for checkConnection events
2025-03-28 07:49:46,125 [FATAL] Updater:351 - Updater called before beeing initialized
2025-03-28 07:49:46,125 [ERROR] CADModel:125 - Updater not yet initialized, retry later 
2025-03-28 07:49:46,130 [FATAL] Updater:351 - Updater called before beeing initialized
2025-03-28 07:49:46,263 [FATAL] Updater:351 - Updater called before beeing initialized
2025-03-28 07:49:46,270 [INFO] DbMcusAds:53 - JSON generation date=Thu Sep 30 08:55:09 CEST 2021 (1632984909247)
2025-03-28 07:49:46,270 [FATAL] Updater:351 - Updater called before beeing initialized
2025-03-28 07:49:46,318 [WARN] DetailPanel:346 - Failed to get advertising image, set to default
2025-03-28 07:49:46,718 [FATAL] Updater:351 - Updater called before beeing initialized
2025-03-28 07:49:46,721 [FATAL] Updater:351 - Updater called before beeing initialized
2025-03-28 07:49:46,722 [FATAL] Updater:351 - Updater called before beeing initialized
2025-03-28 07:49:46,722 [WARN] DetailPanel:346 - Failed to get advertising image, set to default
2025-03-28 07:49:46,724 [FATAL] Updater:351 - Updater called before beeing initialized
2025-03-28 07:49:46,815 [ERROR] Updater:1198 - MainUpdater not yet initialized. External WinMGr cannot be set.
2025-03-28 07:49:46,819 [INFO] Updater:1134 - Updater Version found : 6.13.0
2025-03-28 07:49:46,852 [INFO] ApplicationProperties:184 - Using Application install path: /opt/st/stm32cubeide_1.17.0/plugins/com.st.stm32cube.common.mx_6.13.0.202411220809
2025-03-28 07:49:47,249 [INFO] ThirdPartyUpdaterWithRetryManager:70 - Updater plugin not ready yet. [2/15]
2025-03-28 07:49:47,300 [INFO] MainUpdater:2872 - connection check result : 10
2025-03-28 07:49:47,301 [INFO] MainUpdater:289 - Updater Check For Update Now.
2025-03-28 07:49:47,302 [INFO] MicroXplorer:498 - Change Database Version : DB.6.0.130
2025-03-28 07:49:47,315 [INFO] McuFinderGlobals:63 - Set McuFinder mode to 2 (CubeIDE integrated)
2025-03-28 07:49:47,316 [INFO] UserAuth:171 - activating auth plugin
2025-03-28 07:49:47,321 [INFO] UserAuth:486 - Internet connection configuration mode: 1
2025-03-28 07:49:47,345 [INFO] JxBrowserEngine:152 - Initiate JxBrowser Engine with user profile folder
2025-03-28 07:49:47,577 [INFO] CheckServerUpdateThread:120 - End of CheckServer Thread
2025-03-28 07:49:48,528 [INFO] WebApp:168 - Instantiating new browser for Auth
2025-03-28 07:49:49,893 [INFO] WebApp:449 - Apply proxy settings
2025-03-28 07:49:49,894 [INFO] WebApp:534 - Chromium requires no authentication
2025-03-28 07:49:49,905 [INFO] WebApp:477 - Direct internet connection detected
2025-03-28 07:49:49,938 [INFO] WebApp:880 - Register for checkConnection events
2025-03-28 07:49:49,938 [INFO] WebApp:449 - Apply proxy settings
2025-03-28 07:49:49,938 [INFO] WebApp:534 - Chromium requires no authentication
2025-03-28 07:49:49,939 [INFO] WebApp:477 - Direct internet connection detected
2025-03-28 07:49:50,165 [INFO] WebApp:221 - Starting web application
2025-03-28 07:49:50,165 [INFO] WebApp:579 - Web application path used /opt/st/stm32cubeide_1.17.0/plugins/com.st.stm32cube.common.mx_6.13.0.202411220809/db/plugins/mcufinder/reactClient1/index.html
2025-03-28 07:49:50,439 [WARN] PackLoader:240 - Cannot read IP mode file for STMicroelectronics.FP-SNS-MOTENVWB1.1.4.0
2025-03-28 07:49:50,473 [WARN] PackLoader:240 - Cannot read IP mode file for STMicroelectronics.X-CUBE-DISPLAY.3.0.0
2025-03-28 07:49:50,508 [WARN] PackLoader:240 - Cannot read IP mode file for STMicroelectronics.X-CUBE-BLEMGR.4.0.0
2025-03-28 07:49:50,526 [WARN] PackLoader:240 - Cannot read IP mode file for STMicroelectronics.X-CUBE-AI.10.0.0
2025-03-28 07:49:50,534 [WARN] PackLoader:240 - Cannot read IP mode file for STMicroelectronics.FP-SNS-SMARTAG2.1.2.0
2025-03-28 07:49:50,670 [WARN] PackLoader:240 - Cannot read IP mode file for STMicroelectronics.X-CUBE-MEMS1.11.1.0
2025-03-28 07:49:51,008 [WARN] PackLoader:240 - Cannot read IP mode file for STMicroelectronics.FP-SNS-MOTENV1.5.0.0
2025-03-28 07:49:51,021 [WARN] PackLoader:240 - Cannot read IP mode file for STMicroelectronics.X-CUBE-BLE2.3.3.0
2025-03-28 07:49:51,048 [WARN] PackLoader:240 - Cannot read IP mode file for STMicroelectronics.FP-ATR-SIGFOX1.3.2.0
2025-03-28 07:49:51,061 [WARN] PackLoader:240 - Cannot read IP mode file for STMicroelectronics.X-CUBE-EEPRMA1.5.1.0
2025-03-28 07:49:51,068 [WARN] PackLoader:240 - Cannot read IP mode file for STMicroelectronics.X-CUBE-ISPU.2.1.0
2025-03-28 07:49:51,076 [WARN] PackLoader:240 - Cannot read IP mode file for STMicroelectronics.X-CUBE-DPower.1.2.0
2025-03-28 07:49:51,082 [WARN] PackLoader:240 - Cannot read IP mode file for STMicroelectronics.X-CUBE-FREERTOS.1.3.0
2025-03-28 07:49:51,088 [WARN] PackLoader:240 - Cannot read IP mode file for STMicroelectronics.X-CUBE-GNSS1.7.0.1
2025-03-28 07:49:51,098 [WARN] PackLoader:240 - Cannot read IP mode file for STMicroelectronics.FP-SNS-STBOX1.2.0.0
2025-03-28 07:49:51,191 [WARN] PackLoader:240 - Cannot read IP mode file for STMicroelectronics.X-CUBE-IPS.3.1.0
2025-03-28 07:49:51,220 [WARN] PackLoader:240 - Cannot read IP mode file for STMicroelectronics.X-CUBE-ALS.1.0.2
2025-03-28 07:49:51,225 [INFO] ThirdParty:978 - Integrity check success = true
2025-03-28 07:49:51,226 [INFO] IntegrityCheckThread:100 - exiting critical section [integrity check]
2025-03-28 07:49:51,226 [INFO] IntegrityCheckThread:103 - End integrity checks thread
2025-03-28 07:49:51,999 [INFO] WebApp:187 - Connection restablished
2025-03-28 07:58:38,135 [INFO] Activator:176 - 


2025-03-28 07:58:38,151 [INFO] Activator:177 - !SESSION log4j initialized
2025-03-28 07:58:43,784 [INFO] LogOutputStream:77 - [STDOUT_REDIRECT] 
2025-03-28 07:58:46,919 [INFO] ApplicationProperties:184 - Using Application install path: /opt/st/stm32cubeide_1.17.0/plugins/com.st.stm32cube.common.mx_6.13.0.202411220809
2025-03-28 07:58:46,968 [INFO] DbMcusXml:78 - Set database path to: /opt/st/stm32cubeide_1.17.0/plugins/com.st.stm32cube.common.mx_6.13.0.202411220809//db//mcu/
2025-03-28 07:58:46,971 [INFO] ApiDb:274 - Set plugin database path to: /opt/st/stm32cubeide_1.17.0/plugins/com.st.stm32cube.common.mx_6.13.0.202411220809//db//plugins/boardmanager/
2025-03-28 07:58:46,971 [WARN] ApiDb:259 - Overriding images path with different value:  => /opt/st/stm32cubeide_1.17.0/plugins/com.st.stm32cube.common.mx_6.13.0.202411220809//db//plugins/mcufinder/images/
2025-03-28 07:58:47,019 [INFO] ApiDb:250 - Set database path to: /home/desarrollo02/.stmcufinder/plugins/mcufinder//mcu/
2025-03-28 07:58:47,022 [INFO] DbMcusAds:125 - Set database path to: /home/desarrollo02/.stmcufinder/plugins/mcufinder//mcu/
2025-03-28 07:58:47,028 [INFO] CrossReferenceDbSqlite:203 - Set database path to: /home/desarrollo02/.stmcufinder/plugins/mcufinder//mcu/cs/
2025-03-28 07:58:47,349 [INFO] RulesReader:64 - Compatibility file has been processed (297 Rules)
2025-03-28 07:58:47,590 [INFO] DbMcusXml:78 - Set database path to: /opt/st/stm32cubeide_1.17.0/plugins/com.st.stm32cube.common.mx_6.13.0.202411220809//db//mcu/
2025-03-28 07:58:47,590 [INFO] ApiDb:274 - Set plugin database path to: /opt/st/stm32cubeide_1.17.0/plugins/com.st.stm32cube.common.mx_6.13.0.202411220809//db//plugins/boardmanager/
2025-03-28 07:58:47,591 [INFO] ApiDb:261 - Set plugin images path to: /opt/st/stm32cubeide_1.17.0/plugins/com.st.stm32cube.common.mx_6.13.0.202411220809//db//plugins/mcufinder/images/
2025-03-28 07:58:47,592 [WARN] DbFile:41 - Overriding database path with different value: /home/desarrollo02/.stmcufinder/plugins/mcufinder/ => /home/desarrollo02/.stmcufinder/plugins/mcufinder
2025-03-28 07:58:47,592 [INFO] ApiDb:250 - Set database path to: /home/desarrollo02/.stmcufinder/plugins/mcufinder//mcu/
2025-03-28 07:58:47,592 [WARN] DbFile:41 - Overriding database path with different value: /home/desarrollo02/.stmcufinder/plugins/mcufinder/ => /home/desarrollo02/.stmcufinder/plugins/mcufinder
2025-03-28 07:58:47,593 [INFO] DbMcusAds:125 - Set database path to: /home/desarrollo02/.stmcufinder/plugins/mcufinder//mcu/
2025-03-28 07:58:47,593 [WARN] DbFile:41 - Overriding database path with different value: /home/desarrollo02/.stmcufinder/plugins/mcufinder/ => /home/desarrollo02/.stmcufinder/plugins/mcufinder
2025-03-28 07:58:47,595 [WARN] DbFile:41 - Overriding database path with different value: /home/desarrollo02/.stmcufinder/plugins/mcufinder/ => /home/desarrollo02/.stmcufinder/plugins/mcufinder
2025-03-28 07:58:47,596 [INFO] CrossReferenceDbSqlite:203 - Set database path to: /home/desarrollo02/.stmcufinder/plugins/mcufinder//mcu/cs/
2025-03-28 07:58:47,895 [INFO] MainPanel:272 - HeapMemory: 268435456
2025-03-28 07:58:48,332 [INFO] DbMcusXml:78 - Set database path to: /opt/st/stm32cubeide_1.17.0/plugins/com.st.stm32cube.common.mx_6.13.0.202411220809//db//mcu/
2025-03-28 07:58:48,332 [INFO] ApiDb:274 - Set plugin database path to: /opt/st/stm32cubeide_1.17.0/plugins/com.st.stm32cube.common.mx_6.13.0.202411220809//db//plugins/boardmanager/
2025-03-28 07:58:48,335 [INFO] ApiDb:261 - Set plugin images path to: /opt/st/stm32cubeide_1.17.0/plugins/com.st.stm32cube.common.mx_6.13.0.202411220809//db//plugins/mcufinder/images/
2025-03-28 07:58:48,336 [WARN] DbFile:41 - Overriding database path with different value: /home/desarrollo02/.stmcufinder/plugins/mcufinder/ => /home/desarrollo02/.stmcufinder/plugins/mcufinder
2025-03-28 07:58:48,336 [INFO] ApiDb:250 - Set database path to: /home/desarrollo02/.stmcufinder/plugins/mcufinder//mcu/
2025-03-28 07:58:48,336 [WARN] DbFile:41 - Overriding database path with different value: /home/desarrollo02/.stmcufinder/plugins/mcufinder/ => /home/desarrollo02/.stmcufinder/plugins/mcufinder
2025-03-28 07:58:48,336 [INFO] DbMcusAds:125 - Set database path to: /home/desarrollo02/.stmcufinder/plugins/mcufinder//mcu/
2025-03-28 07:58:48,336 [WARN] DbFile:41 - Overriding database path with different value: /home/desarrollo02/.stmcufinder/plugins/mcufinder/ => /home/desarrollo02/.stmcufinder/plugins/mcufinder
2025-03-28 07:58:48,337 [WARN] DbFile:41 - Overriding database path with different value: /home/desarrollo02/.stmcufinder/plugins/mcufinder/ => /home/desarrollo02/.stmcufinder/plugins/mcufinder
2025-03-28 07:58:48,337 [INFO] CrossReferenceDbSqlite:203 - Set database path to: /home/desarrollo02/.stmcufinder/plugins/mcufinder//mcu/cs/
2025-03-28 07:58:48,426 [INFO] ApplicationProperties:184 - Using Application install path: /opt/st/stm32cubeide_1.17.0/plugins/com.st.stm32cube.common.mx_6.13.0.202411220809
2025-03-28 07:58:48,429 [INFO] PluginManage:196 - Search for loadable plugins [exclusion list=, ]
2025-03-28 07:58:48,448 [INFO] PluginManage:310 - Check plugin analytics
2025-03-28 07:58:48,856 [INFO] AnalyticsPlugin:253 - Accepted Software Licenses: 
2025-03-28 07:58:48,857 [INFO] AnalyticsPlugin:255 - Accepted CMSIS Pack Licenses: 
2025-03-28 07:58:48,857 [INFO] AnalyticsPlugin:257 - Accepted Firmware Licenses: 
2025-03-28 07:58:48,865 [INFO] PluginManage:359 - Loaded plugin analytics (category:tool,tabindex:-1)
2025-03-28 07:58:48,866 [INFO] PluginManage:310 - Check plugin cadmodel
2025-03-28 07:58:48,885 [INFO] CADModel:105 - Init CAD model plugin
2025-03-28 07:58:48,885 [INFO] PluginManage:359 - Loaded plugin cadmodel (category:power,tabindex:5)
2025-03-28 07:58:48,886 [INFO] PluginManage:310 - Check plugin clock
2025-03-28 07:58:48,918 [INFO] PluginManage:359 - Loaded plugin clock (category:base,tabindex:2)
2025-03-28 07:58:48,919 [INFO] PluginManage:310 - Check plugin ddr
2025-03-28 07:58:48,926 [INFO] PluginManage:359 - Loaded plugin ddr (category:tool,tabindex:6)
2025-03-28 07:58:48,927 [INFO] PluginManage:310 - Check plugin filemanager
2025-03-28 07:58:49,213 [INFO] PluginManage:359 - Loaded plugin filemanager (category:base,tabindex:10)
2025-03-28 07:58:49,213 [INFO] PluginManage:310 - Check plugin ipmanager
2025-03-28 07:58:49,227 [INFO] PluginManage:359 - Loaded plugin ipmanager (category:base,tabindex:5)
2025-03-28 07:58:49,228 [INFO] PluginManage:310 - Check plugin lpbam
2025-03-28 07:58:49,247 [INFO] PluginManage:359 - Loaded plugin lpbam (category:base,tabindex:0)
2025-03-28 07:58:49,248 [INFO] PluginManage:310 - Check plugin memorymap
2025-03-28 07:58:49,270 [INFO] PluginManage:359 - Loaded plugin memorymap (category:base,tabindex:4)
2025-03-28 07:58:49,270 [INFO] PluginManage:310 - Check plugin pinoutandconfiguration
2025-03-28 07:58:49,290 [INFO] PluginManage:359 - Loaded plugin pinoutandconfiguration (category:base,tabindex:1)
2025-03-28 07:58:49,290 [INFO] PluginManage:310 - Check plugin pinoutconfig
2025-03-28 07:58:49,450 [WARN] SupportedApi:132 - Cannot load RTOS API schema: s4s-elt-must-match.1: The content of 'definitions' must match (annotation?, (simpleType | complexType)?, (unique | key | keyref)*)). A problem was found starting at: attribute.
2025-03-28 07:58:49,683 [INFO] PluginManage:359 - Loaded plugin pinoutconfig (category:base,tabindex:0)
2025-03-28 07:58:49,683 [INFO] PluginManage:310 - Check plugin power
2025-03-28 07:58:49,711 [INFO] PluginManage:359 - Loaded plugin power (category:power,tabindex:4)
2025-03-28 07:58:49,711 [INFO] PluginManage:310 - Check plugin projectmanager
2025-03-28 07:58:49,737 [INFO] PluginManage:359 - Loaded plugin projectmanager (category:projectmanager,tabindex:4)
2025-03-28 07:58:49,737 [INFO] PluginManage:310 - Check plugin rif
2025-03-28 07:58:49,747 [INFO] PluginManage:359 - Loaded plugin rif (category:base,tabindex:3)
2025-03-28 07:58:49,748 [INFO] PluginManage:310 - Check plugin thirdparty
2025-03-28 07:58:50,024 [INFO] PluginManage:359 - Loaded plugin thirdparty (category:base,tabindex:-1)
2025-03-28 07:58:50,024 [WARN] IntegrityCheckThread:84 - waiting for thirdparty lock release [integrity check]
2025-03-28 07:58:50,025 [INFO] PluginManage:310 - Check plugin tools
2025-03-28 07:58:50,025 [INFO] IntegrityCheckThread:86 - entering critical section [integrity check]
2025-03-28 07:58:50,026 [INFO] ThirdPartyUpdaterWithRetryManager:70 - Updater plugin not ready yet. [1/15]
2025-03-28 07:58:50,041 [INFO] PluginManage:359 - Loaded plugin tools (category:base,tabindex:7)
2025-03-28 07:58:50,041 [INFO] PluginManage:310 - Check plugin tutovideos
2025-03-28 07:58:50,298 [INFO] PluginManage:359 - Loaded plugin tutovideos (category:base,tabindex:-1)
2025-03-28 07:58:50,299 [INFO] PluginManage:310 - Check plugin updater
2025-03-28 07:58:50,352 [INFO] PluginManage:359 - Loaded plugin updater (category:base,tabindex:12)
2025-03-28 07:58:50,352 [INFO] PluginManage:310 - Check plugin userauth
2025-03-28 07:58:50,377 [INFO] UserAuth:118 - Init User Auth plugin
2025-03-28 07:58:50,379 [INFO] PluginManage:359 - Loaded plugin userauth (category:base,tabindex:14)
2025-03-28 07:58:50,380 [INFO] PluginManage:283 - PluginManage : Loaded plugins [18]
2025-03-28 07:58:50,813 [INFO] PinOutPanel:1589 - setPackage(No Configuration,No Configuration)
2025-03-28 07:58:51,151 [INFO] CADModel:165 - CPN selected for project level
2025-03-28 07:58:51,152 [INFO] CADModel:114 - Register for checkConnection events
2025-03-28 07:58:51,227 [INFO] IPUIPlugin:80 - create IPUIPlugin
2025-03-28 07:58:51,227 [INFO] PluginManager:220 - loadIPPluginJar : add fmc
2025-03-28 07:58:51,249 [INFO] IPUIPlugin:80 - create IPUIPlugin
2025-03-28 07:58:51,249 [INFO] PluginManager:220 - loadIPPluginJar : add adc
2025-03-28 07:58:51,259 [INFO] IPUIPlugin:80 - create IPUIPlugin
2025-03-28 07:58:51,260 [INFO] PluginManager:220 - loadIPPluginJar : add comp
2025-03-28 07:58:51,289 [INFO] IPUIPlugin:80 - create IPUIPlugin
2025-03-28 07:58:51,290 [INFO] PluginManager:220 - loadIPPluginJar : add resmgrutility
2025-03-28 07:58:51,309 [INFO] IPUIPlugin:80 - create IPUIPlugin
2025-03-28 07:58:51,309 [INFO] PluginManager:220 - loadIPPluginJar : add quadspi
2025-03-28 07:58:51,329 [INFO] IPUIPlugin:80 - create IPUIPlugin
2025-03-28 07:58:51,329 [INFO] PluginManager:220 - loadIPPluginJar : add usart
2025-03-28 07:58:51,357 [INFO] IPUIPlugin:80 - create IPUIPlugin
2025-03-28 07:58:51,358 [INFO] PluginManager:220 - loadIPPluginJar : add mdma
2025-03-28 07:58:51,361 [INFO] IPUIPlugin:80 - create IPUIPlugin
2025-03-28 07:58:51,361 [INFO] PluginManager:220 - loadIPPluginJar : add ltdc
2025-03-28 07:58:51,368 [INFO] IPUIPlugin:80 - create IPUIPlugin
2025-03-28 07:58:51,368 [INFO] PluginManager:220 - loadIPPluginJar : add ts
2025-03-28 07:58:51,377 [INFO] IPUIPlugin:80 - create IPUIPlugin
2025-03-28 07:58:51,377 [INFO] PluginManager:220 - loadIPPluginJar : add gtzc
2025-03-28 07:58:51,399 [INFO] IPUIPlugin:80 - create IPUIPlugin
2025-03-28 07:58:51,400 [INFO] PluginManager:220 - loadIPPluginJar : add freertos
2025-03-28 07:58:51,408 [ERROR] LogOutputStream:75 - [STDERR_REDIRECT] [Fatal Error] :1:1: Content is not allowed in prolog.
2025-03-28 07:58:51,412 [ERROR] LogOutputStream:75 - [STDERR_REDIRECT] 
2025-03-28 07:58:51,414 [INFO] IPUIPlugin:80 - create IPUIPlugin
2025-03-28 07:58:51,414 [INFO] PluginManager:220 - loadIPPluginJar : add opamp
2025-03-28 07:58:51,432 [INFO] IPUIPlugin:80 - create IPUIPlugin
2025-03-28 07:58:51,433 [INFO] PluginManager:220 - loadIPPluginJar : add sai
2025-03-28 07:58:51,449 [INFO] IPUIPlugin:80 - create IPUIPlugin
2025-03-28 07:58:51,449 [INFO] PluginManager:220 - loadIPPluginJar : add ddr_ctrl_phy
2025-03-28 07:58:51,475 [INFO] IPUIPlugin:80 - create IPUIPlugin
2025-03-28 07:58:51,476 [INFO] PluginManager:220 - loadIPPluginJar : add linkedlist
2025-03-28 07:58:51,488 [INFO] IPUIPlugin:80 - create IPUIPlugin
2025-03-28 07:58:51,488 [INFO] PluginManager:220 - loadIPPluginJar : add i2c
2025-03-28 07:58:51,499 [INFO] IPUIPlugin:80 - create IPUIPlugin
2025-03-28 07:58:51,499 [INFO] PluginManager:220 - loadIPPluginJar : add i2s
2025-03-28 07:58:51,506 [INFO] IPUIPlugin:80 - create IPUIPlugin
2025-03-28 07:58:51,507 [INFO] PluginManager:220 - loadIPPluginJar : add dma3
2025-03-28 07:58:51,510 [INFO] IPUIPlugin:80 - create IPUIPlugin
2025-03-28 07:58:51,514 [INFO] PluginManager:220 - loadIPPluginJar : add radio
2025-03-28 07:58:51,521 [INFO] IPUIPlugin:80 - create IPUIPlugin
2025-03-28 07:58:51,522 [INFO] PluginManager:220 - loadIPPluginJar : add dfsdm
2025-03-28 07:58:51,525 [INFO] IPUIPlugin:80 - create IPUIPlugin
2025-03-28 07:58:51,525 [INFO] PluginManager:220 - loadIPPluginJar : add tsc
2025-03-28 07:58:51,531 [INFO] IPUIPlugin:80 - create IPUIPlugin
2025-03-28 07:58:51,535 [INFO] PluginManager:220 - loadIPPluginJar : add tim
2025-03-28 07:58:51,540 [INFO] IPUIPlugin:80 - create IPUIPlugin
2025-03-28 07:58:51,541 [INFO] PluginManager:220 - loadIPPluginJar : add fatfs
2025-03-28 07:58:51,549 [INFO] IPUIPlugin:80 - create IPUIPlugin
2025-03-28 07:58:51,551 [INFO] PluginManager:220 - loadIPPluginJar : add spi
2025-03-28 07:58:51,562 [INFO] IPUIPlugin:80 - create IPUIPlugin
2025-03-28 07:58:51,565 [INFO] PluginManager:220 - loadIPPluginJar : add touchsensing
2025-03-28 07:58:51,582 [INFO] IPUIPlugin:80 - create IPUIPlugin
2025-03-28 07:58:51,584 [INFO] PluginManager:220 - loadIPPluginJar : add stm32_wpan
2025-03-28 07:58:51,589 [INFO] IPUIPlugin:80 - create IPUIPlugin
2025-03-28 07:58:51,590 [INFO] PluginManager:220 - loadIPPluginJar : add i3c
2025-03-28 07:58:51,599 [INFO] IPUIPlugin:80 - create IPUIPlugin
2025-03-28 07:58:51,599 [INFO] PluginManager:220 - loadIPPluginJar : add usbx
2025-03-28 07:58:51,614 [INFO] IPUIPlugin:80 - create IPUIPlugin
2025-03-28 07:58:51,615 [INFO] PluginManager:220 - loadIPPluginJar : add gpio
2025-03-28 07:58:51,623 [INFO] IPUIPlugin:80 - create IPUIPlugin
2025-03-28 07:58:51,624 [INFO] PluginManager:220 - loadIPPluginJar : add ucpd
2025-03-28 07:58:51,636 [INFO] IPUIPlugin:80 - create IPUIPlugin
2025-03-28 07:58:51,637 [INFO] PluginManager:220 - loadIPPluginJar : add gic
2025-03-28 07:58:51,660 [INFO] IPUIPlugin:80 - create IPUIPlugin
2025-03-28 07:58:51,660 [INFO] PluginManager:220 - loadIPPluginJar : add gfxmmu
2025-03-28 07:58:51,665 [INFO] IPUIPlugin:80 - create IPUIPlugin
2025-03-28 07:58:51,666 [INFO] PluginManager:220 - loadIPPluginJar : add openamp
2025-03-28 07:58:51,670 [INFO] IPUIPlugin:80 - create IPUIPlugin
2025-03-28 07:58:51,670 [INFO] PluginManager:220 - loadIPPluginJar : add tracer_emb
2025-03-28 07:58:51,675 [INFO] IPUIPlugin:80 - create IPUIPlugin
2025-03-28 07:58:51,676 [INFO] PluginManager:220 - loadIPPluginJar : add lorawan
2025-03-28 07:58:51,700 [INFO] IPUIPlugin:80 - create IPUIPlugin
2025-03-28 07:58:51,700 [INFO] PluginManager:220 - loadIPPluginJar : add nvic
2025-03-28 07:58:51,706 [INFO] IPUIPlugin:80 - create IPUIPlugin
2025-03-28 07:58:51,706 [INFO] PluginManager:220 - loadIPPluginJar : add can
2025-03-28 07:58:51,711 [INFO] IPUIPlugin:80 - create IPUIPlugin
2025-03-28 07:58:51,711 [INFO] PluginManager:220 - loadIPPluginJar : add extmemmanager
2025-03-28 07:58:51,741 [INFO] IPUIPlugin:80 - create IPUIPlugin
2025-03-28 07:58:51,741 [INFO] PluginManager:220 - loadIPPluginJar : add dma
2025-03-28 07:58:51,768 [INFO] IPUIPlugin:80 - create IPUIPlugin
2025-03-28 07:58:51,775 [INFO] PluginManager:220 - loadIPPluginJar : add plateformsettings
2025-03-28 07:58:51,779 [INFO] IPUIPlugin:80 - create IPUIPlugin
2025-03-28 07:58:51,780 [INFO] PluginManager:220 - loadIPPluginJar : add aes
2025-03-28 07:58:51,785 [INFO] IPUIPlugin:80 - create IPUIPlugin
2025-03-28 07:58:51,785 [INFO] PluginManager:220 - loadIPPluginJar : add ipddr
2025-03-28 07:58:51,792 [INFO] IPUIPlugin:80 - create IPUIPlugin
2025-03-28 07:58:51,793 [INFO] PluginManager:220 - loadIPPluginJar : add pdm2pcm
2025-03-28 07:58:51,797 [INFO] IPUIPlugin:80 - create IPUIPlugin
2025-03-28 07:58:51,798 [INFO] PluginManager:220 - loadIPPluginJar : add cryp
2025-03-28 07:58:51,814 [INFO] IPUIPlugin:80 - create IPUIPlugin
2025-03-28 07:58:51,815 [INFO] PluginManager:220 - loadIPPluginJar : add hash
2025-03-28 07:58:51,817 [INFO] IPUIPlugin:80 - create IPUIPlugin
2025-03-28 07:58:51,817 [INFO] PluginManager:220 - loadIPPluginJar : add genericplugin
2025-03-28 07:58:52,032 [FATAL] Updater:351 - Updater called before beeing initialized
2025-03-28 07:58:52,127 [INFO] RulesReader:64 - Compatibility file has been processed (297 Rules)
2025-03-28 07:58:52,150 [INFO] RulesReader:64 - Compatibility file has been processed (297 Rules)
2025-03-28 07:58:52,169 [INFO] CADModel:165 - CPN selected for project level
2025-03-28 07:58:52,170 [INFO] CADModel:114 - Register for checkConnection events
2025-03-28 07:58:52,170 [FATAL] Updater:351 - Updater called before beeing initialized
2025-03-28 07:58:52,170 [ERROR] CADModel:125 - Updater not yet initialized, retry later 
2025-03-28 07:58:52,842 [FATAL] Updater:351 - Updater called before beeing initialized
2025-03-28 07:58:52,847 [INFO] CADModel:165 - CPN selected for project level
2025-03-28 07:58:52,848 [INFO] CADModel:114 - Register for checkConnection events
2025-03-28 07:58:52,848 [FATAL] Updater:351 - Updater called before beeing initialized
2025-03-28 07:58:52,848 [ERROR] CADModel:125 - Updater not yet initialized, retry later 
2025-03-28 07:58:52,855 [FATAL] Updater:351 - Updater called before beeing initialized
2025-03-28 07:58:53,028 [INFO] ThirdPartyUpdaterWithRetryManager:70 - Updater plugin not ready yet. [2/15]
2025-03-28 07:58:53,224 [FATAL] Updater:351 - Updater called before beeing initialized
2025-03-28 07:58:53,237 [INFO] DbMcusAds:53 - JSON generation date=Thu Mar 06 15:54:21 CET 2025 (1741272861825)
2025-03-28 07:58:53,241 [FATAL] Updater:351 - Updater called before beeing initialized
2025-03-28 07:58:53,468 [WARN] DetailPanel:346 - Failed to get advertising image, set to default
2025-03-28 07:58:53,961 [FATAL] Updater:351 - Updater called before beeing initialized
2025-03-28 07:58:53,995 [FATAL] Updater:351 - Updater called before beeing initialized
2025-03-28 07:58:53,996 [FATAL] Updater:351 - Updater called before beeing initialized
2025-03-28 07:58:53,996 [WARN] DetailPanel:346 - Failed to get advertising image, set to default
2025-03-28 07:58:54,001 [FATAL] Updater:351 - Updater called before beeing initialized
2025-03-28 07:58:54,211 [ERROR] Updater:1198 - MainUpdater not yet initialized. External WinMGr cannot be set.
2025-03-28 07:58:54,222 [INFO] Updater:1134 - Updater Version found : 6.13.0
2025-03-28 07:58:54,305 [INFO] ApplicationProperties:184 - Using Application install path: /opt/st/stm32cubeide_1.17.0/plugins/com.st.stm32cube.common.mx_6.13.0.202411220809
2025-03-28 07:58:55,465 [INFO] MainUpdater:2872 - connection check result : 10
2025-03-28 07:58:55,471 [INFO] MainUpdater:289 - Updater Check For Update Now.
2025-03-28 07:58:55,471 [INFO] MicroXplorer:498 - Change Database Version : DB.6.0.130
2025-03-28 07:58:55,502 [INFO] McuFinderGlobals:63 - Set McuFinder mode to 2 (CubeIDE integrated)
2025-03-28 07:58:55,516 [INFO] UserAuth:171 - activating auth plugin
2025-03-28 07:58:55,524 [INFO] UserAuth:486 - Internet connection configuration mode: 1
2025-03-28 07:58:55,758 [INFO] JxBrowserEngine:152 - Initiate JxBrowser Engine with user profile folder
2025-03-28 07:58:56,016 [INFO] CheckServerUpdateThread:120 - End of CheckServer Thread
2025-03-28 07:58:56,435 [WARN] PackLoader:240 - Cannot read IP mode file for STMicroelectronics.FP-SNS-MOTENVWB1.1.4.0
2025-03-28 07:58:56,488 [WARN] PackLoader:240 - Cannot read IP mode file for STMicroelectronics.X-CUBE-DISPLAY.3.0.0
2025-03-28 07:58:56,524 [WARN] PackLoader:240 - Cannot read IP mode file for STMicroelectronics.X-CUBE-BLEMGR.4.0.0
2025-03-28 07:58:56,559 [WARN] PackLoader:240 - Cannot read IP mode file for STMicroelectronics.X-CUBE-AI.10.0.0
2025-03-28 07:58:56,576 [WARN] PackLoader:240 - Cannot read IP mode file for STMicroelectronics.FP-SNS-SMARTAG2.1.2.0
2025-03-28 07:58:56,884 [WARN] PackLoader:240 - Cannot read IP mode file for STMicroelectronics.X-CUBE-MEMS1.11.1.0
2025-03-28 07:58:57,371 [WARN] PackLoader:240 - Cannot read IP mode file for STMicroelectronics.FP-SNS-MOTENV1.5.0.0
2025-03-28 07:58:57,401 [WARN] PackLoader:240 - Cannot read IP mode file for STMicroelectronics.X-CUBE-BLE2.3.3.0
2025-03-28 07:58:57,431 [WARN] PackLoader:240 - Cannot read IP mode file for STMicroelectronics.FP-ATR-SIGFOX1.3.2.0
2025-03-28 07:58:57,457 [WARN] PackLoader:240 - Cannot read IP mode file for STMicroelectronics.X-CUBE-EEPRMA1.5.1.0
2025-03-28 07:58:57,500 [WARN] PackLoader:240 - Cannot read IP mode file for STMicroelectronics.X-CUBE-ISPU.2.1.0
2025-03-28 07:58:57,602 [WARN] PackLoader:240 - Cannot read IP mode file for STMicroelectronics.X-CUBE-DPower.1.2.0
2025-03-28 07:58:57,644 [WARN] PackLoader:240 - Cannot read IP mode file for STMicroelectronics.X-CUBE-FREERTOS.1.3.0
2025-03-28 07:58:57,675 [WARN] PackLoader:240 - Cannot read IP mode file for STMicroelectronics.X-CUBE-GNSS1.7.0.1
2025-03-28 07:58:57,835 [WARN] PackLoader:240 - Cannot read IP mode file for STMicroelectronics.FP-SNS-STBOX1.2.0.0
2025-03-28 07:58:57,921 [WARN] PackLoader:240 - Cannot read IP mode file for STMicroelectronics.X-CUBE-IPS.3.1.0
2025-03-28 07:58:57,969 [WARN] PackLoader:240 - Cannot read IP mode file for STMicroelectronics.X-CUBE-ALS.1.0.2
2025-03-28 07:58:57,981 [INFO] ThirdParty:978 - Integrity check success = true
2025-03-28 07:58:57,981 [INFO] IntegrityCheckThread:100 - exiting critical section [integrity check]
2025-03-28 07:58:57,982 [INFO] IntegrityCheckThread:103 - End integrity checks thread
2025-03-28 07:59:01,992 [INFO] WebApp:168 - Instantiating new browser for Auth
2025-03-28 07:59:05,827 [INFO] WebApp:449 - Apply proxy settings
2025-03-28 07:59:05,827 [INFO] WebApp:534 - Chromium requires no authentication
2025-03-28 07:59:05,836 [INFO] WebApp:477 - Direct internet connection detected
2025-03-28 07:59:05,903 [INFO] WebApp:880 - Register for checkConnection events
2025-03-28 07:59:05,904 [INFO] WebApp:449 - Apply proxy settings
2025-03-28 07:59:05,904 [INFO] WebApp:534 - Chromium requires no authentication
2025-03-28 07:59:05,905 [INFO] WebApp:477 - Direct internet connection detected
2025-03-28 07:59:06,794 [INFO] WebApp:221 - Starting web application
2025-03-28 07:59:06,794 [INFO] WebApp:579 - Web application path used /opt/st/stm32cubeide_1.17.0/plugins/com.st.stm32cube.common.mx_6.13.0.202411220809/db/plugins/mcufinder/reactClient1/index.html
2025-03-28 07:59:07,761 [INFO] WebApp:187 - Connection restablished
